[ 2017-07-25T16:03:40+08:00 ] 127.0.0.1 /
INFO: [ app_init ] --START--
INFO: Run Behavior\BuildLiteBehavior [ RunTime:0.000031s ]
INFO: [ app_init ] --END-- [ RunTime:0.080257s ]
INFO: [ app_begin ] --START--
INFO: Run Behavior\ReadHtmlCacheBehavior [ RunTime:0.042307s ]
INFO: [ app_begin ] --END-- [ RunTime:0.042564s ]
NOTIC: [2] Missing argument 1 for Think\Controller::show(), called in F:\web\yyztask\Application\Home\Controller\IndexController.class.php on line 6 and defined F:\web\yyztask\ThinkPHP\Library\Think\Controller.class.php 第 68 行.
NOTIC: [8] Undefined variable: content F:\web\yyztask\ThinkPHP\Library\Think\Controller.class.php 第 69 行.
INFO: [ view_parse ] --START--
INFO: [ template_filter ] --START--
INFO: Run Behavior\ContentReplaceBehavior [ RunTime:0.031819s ]
INFO: [ template_filter ] --END-- [ RunTime:0.032077s ]
INFO: Run Behavior\ParseTemplateBehavior [ RunTime:0.232231s ]
INFO: [ view_parse ] --END-- [ RunTime:0.232649s ]
INFO: [ view_filter ] --START--
INFO: Run Behavior\WriteHtmlCacheBehavior [ RunTime:0.061247s ]
INFO: [ view_filter ] --END-- [ RunTime:0.061650s ]
INFO: [ app_end ] --START--
INFO: Run Behavior\ShowPageTraceBehavior [ RunTime:0.021901s ]
INFO: [ app_end ] --END-- [ RunTime:0.022203s ]

