[ 2017-07-18T00:08:56+08:00 ] 127.0.0.1 /admin.php?c=member&a=add
INFO: [ app_init ] --START--
INFO: Run Behavior\BuildLiteBehavior [ RunTime:0.000037s ]
INFO: [ app_init ] --END-- [ RunTime:0.000797s ]
INFO: [ app_begin ] --START--
INFO: Run Behavior\ReadHtmlCacheBehavior [ RunTime:0.001691s ]
INFO: [ app_begin ] --END-- [ RunTime:0.002383s ]

[ 2017-07-18T00:09:08+08:00 ] 127.0.0.1 /admin.php?c=member&a=add
INFO: [ app_init ] --START--
INFO: Run Behavior\BuildLiteBehavior [ RunTime:0.000048s ]
INFO: [ app_init ] --END-- [ RunTime:0.000805s ]
INFO: [ app_begin ] --START--
INFO: Run Behavior\ReadHtmlCacheBehavior [ RunTime:0.001616s ]
INFO: [ app_begin ] --END-- [ RunTime:0.001945s ]
INFO: [ view_parse ] --START--
INFO: [ template_filter ] --START--
INFO: Run Behavior\ContentReplaceBehavior [ RunTime:0.000281s ]
INFO: [ template_filter ] --END-- [ RunTime:0.000640s ]
INFO: Run Behavior\ParseTemplateBehavior [ RunTime:0.014366s ]
INFO: [ view_parse ] --END-- [ RunTime:0.014571s ]
INFO: [ view_filter ] --START--
INFO: Run Behavior\WriteHtmlCacheBehavior [ RunTime:0.000871s ]
INFO: [ view_filter ] --END-- [ RunTime:0.001179s ]
INFO: [ app_end ] --START--
INFO: Run Behavior\ShowPageTraceBehavior [ RunTime:0.001481s ]
INFO: [ app_end ] --END-- [ RunTime:0.002002s ]

[ 2017-07-18T00:09:33+08:00 ] 127.0.0.1 /admin.php?c=member&a=add
INFO: [ app_init ] --START--
INFO: Run Behavior\BuildLiteBehavior [ RunTime:0.000038s ]
INFO: [ app_init ] --END-- [ RunTime:0.000751s ]
INFO: [ app_begin ] --START--
INFO: Run Behavior\ReadHtmlCacheBehavior [ RunTime:0.000547s ]
INFO: [ app_begin ] --END-- [ RunTime:0.000693s ]
SQL: SHOW COLUMNS FROM `cms_member` [ RunTime:0.0008s ]
SQL: SELECT * FROM `cms_member` WHERE ( memberid="6" ) LIMIT 1   [ RunTime:0.0003s ]
SQL: SELECT * FROM `cms_member` WHERE ( memberid="3" ) LIMIT 1   [ RunTime:0.0003s ]
SQL: INSERT INTO `cms_member` (`name`,`memberid`,`parentid`) VALUES ('测试parents','1239','6') [ RunTime:0.0003s ]

[ 2017-07-18T00:09:41+08:00 ] 127.0.0.1 /admin.php?c=member&a=add
INFO: [ app_init ] --START--
INFO: Run Behavior\BuildLiteBehavior [ RunTime:0.000038s ]
INFO: [ app_init ] --END-- [ RunTime:0.000951s ]
INFO: [ app_begin ] --START--
INFO: Run Behavior\ReadHtmlCacheBehavior [ RunTime:0.001302s ]
INFO: [ app_begin ] --END-- [ RunTime:0.001693s ]
SQL: SHOW COLUMNS FROM `cms_member` [ RunTime:0.0007s ]
SQL: SELECT * FROM `cms_member` WHERE ( memberid="6" ) LIMIT 1   [ RunTime:0.0003s ]
SQL: SELECT * FROM `cms_member` WHERE ( memberid="3" ) LIMIT 1   [ RunTime:0.0003s ]
SQL: INSERT INTO `cms_member` (`name`,`memberid`,`parentid`) VALUES ('测试parents','1239','6') [ RunTime:0.0003s ]

[ 2017-07-18T00:10:05+08:00 ] 127.0.0.1 /admin.php?c=member&a=add
INFO: [ app_init ] --START--
INFO: Run Behavior\BuildLiteBehavior [ RunTime:0.000037s ]
INFO: [ app_init ] --END-- [ RunTime:0.000874s ]
INFO: [ app_begin ] --START--
INFO: Run Behavior\ReadHtmlCacheBehavior [ RunTime:0.001030s ]
INFO: [ app_begin ] --END-- [ RunTime:0.001304s ]
SQL: SHOW COLUMNS FROM `cms_member` [ RunTime:0.0010s ]
SQL: SELECT * FROM `cms_member` WHERE ( memberid="6" ) LIMIT 1   [ RunTime:0.0004s ]
SQL: SELECT * FROM `cms_member` WHERE ( memberid="3" ) LIMIT 1   [ RunTime:0.0003s ]
SQL: INSERT INTO `cms_member` (`name`,`memberid`,`parentid`) VALUES ('测试parents','1239','6') [ RunTime:0.0003s ]

[ 2017-07-18T00:10:06+08:00 ] 127.0.0.1 /admin.php?c=member
INFO: [ app_init ] --START--
INFO: Run Behavior\BuildLiteBehavior [ RunTime:0.000027s ]
INFO: [ app_init ] --END-- [ RunTime:0.000466s ]
INFO: [ app_begin ] --START--
INFO: Run Behavior\ReadHtmlCacheBehavior [ RunTime:0.000502s ]
INFO: [ app_begin ] --END-- [ RunTime:0.000624s ]
NOTIC: [8] Undefined index: p F:\web\yyztask\Application\Admin\Controller\MemberController.class.php 第 13 行.
NOTIC: [8] Undefined index: pageSize F:\web\yyztask\Application\Admin\Controller\MemberController.class.php 第 14 行.
SQL: SHOW COLUMNS FROM `cms_member` [ RunTime:0.0008s ]
SQL: SELECT * FROM `cms_member` WHERE `status` <> -1 ORDER BY id LIMIT 0,12   [ RunTime:0.0004s ]
SQL: SELECT COUNT(*) AS tp_count FROM `cms_member` WHERE `status` <> -1 LIMIT 1   [ RunTime:0.0002s ]
INFO: [ view_parse ] --START--
INFO: [ template_filter ] --START--
INFO: Run Behavior\ContentReplaceBehavior [ RunTime:0.000089s ]
INFO: [ template_filter ] --END-- [ RunTime:0.000221s ]
INFO: Run Behavior\ParseTemplateBehavior [ RunTime:0.011937s ]
INFO: [ view_parse ] --END-- [ RunTime:0.012085s ]
INFO: [ view_filter ] --START--
INFO: Run Behavior\WriteHtmlCacheBehavior [ RunTime:0.000393s ]
INFO: [ view_filter ] --END-- [ RunTime:0.000513s ]
INFO: [ app_end ] --START--
INFO: Run Behavior\ShowPageTraceBehavior [ RunTime:0.000574s ]
INFO: [ app_end ] --END-- [ RunTime:0.000700s ]

[ 2017-07-18T00:10:08+08:00 ] 127.0.0.1 /admin.php?c=member&a=add
INFO: [ app_init ] --START--
INFO: Run Behavior\BuildLiteBehavior [ RunTime:0.000056s ]
INFO: [ app_init ] --END-- [ RunTime:0.001015s ]
INFO: [ app_begin ] --START--
INFO: Run Behavior\ReadHtmlCacheBehavior [ RunTime:0.001159s ]
INFO: [ app_begin ] --END-- [ RunTime:0.001473s ]
INFO: [ view_parse ] --START--
INFO: [ template_filter ] --START--
INFO: Run Behavior\ContentReplaceBehavior [ RunTime:0.000103s ]
INFO: [ template_filter ] --END-- [ RunTime:0.000248s ]
INFO: Run Behavior\ParseTemplateBehavior [ RunTime:0.016313s ]
INFO: [ view_parse ] --END-- [ RunTime:0.016537s ]
INFO: [ view_filter ] --START--
INFO: Run Behavior\WriteHtmlCacheBehavior [ RunTime:0.000444s ]
INFO: [ view_filter ] --END-- [ RunTime:0.000584s ]
INFO: [ app_end ] --START--
INFO: Run Behavior\ShowPageTraceBehavior [ RunTime:0.000591s ]
INFO: [ app_end ] --END-- [ RunTime:0.000732s ]

[ 2017-07-18T00:12:13+08:00 ] 127.0.0.1 /admin.php?c=member&a=add
INFO: [ app_init ] --START--
INFO: Run Behavior\BuildLiteBehavior [ RunTime:0.000031s ]
INFO: [ app_init ] --END-- [ RunTime:0.000531s ]
INFO: [ app_begin ] --START--
INFO: Run Behavior\ReadHtmlCacheBehavior [ RunTime:0.000786s ]
INFO: [ app_begin ] --END-- [ RunTime:0.001030s ]
INFO: [ view_parse ] --START--
INFO: [ template_filter ] --START--
INFO: Run Behavior\ContentReplaceBehavior [ RunTime:0.000169s ]
INFO: [ template_filter ] --END-- [ RunTime:0.000424s ]
INFO: Run Behavior\ParseTemplateBehavior [ RunTime:0.016610s ]
INFO: [ view_parse ] --END-- [ RunTime:0.016884s ]
INFO: [ view_filter ] --START--
INFO: Run Behavior\WriteHtmlCacheBehavior [ RunTime:0.000791s ]
INFO: [ view_filter ] --END-- [ RunTime:0.000978s ]
INFO: [ app_end ] --START--
INFO: Run Behavior\ShowPageTraceBehavior [ RunTime:0.001075s ]
INFO: [ app_end ] --END-- [ RunTime:0.001262s ]

[ 2017-07-18T00:12:39+08:00 ] 127.0.0.1 /admin.php?c=member&a=add
INFO: [ app_init ] --START--
INFO: Run Behavior\BuildLiteBehavior [ RunTime:0.000058s ]
INFO: [ app_init ] --END-- [ RunTime:0.001189s ]
INFO: [ app_begin ] --START--
INFO: Run Behavior\ReadHtmlCacheBehavior [ RunTime:0.000643s ]
INFO: [ app_begin ] --END-- [ RunTime:0.000821s ]
SQL: SHOW COLUMNS FROM `cms_member` [ RunTime:0.0008s ]
SQL: SELECT * FROM `cms_member` WHERE ( memberid="7" ) LIMIT 1   [ RunTime:0.0004s ]
SQL: SELECT * FROM `cms_member` WHERE ( memberid="3" ) LIMIT 1   [ RunTime:0.0003s ]
SQL: SHOW COLUMNS FROM `cms_parent` [ RunTime:0.0008s ]
ERR: Think\Model:insert方法不存在！

[ 2017-07-18T00:13:14+08:00 ] 127.0.0.1 /admin.php?c=member&a=add
INFO: [ app_init ] --START--
INFO: Run Behavior\BuildLiteBehavior [ RunTime:0.000319s ]
INFO: [ app_init ] --END-- [ RunTime:0.001368s ]
INFO: [ app_begin ] --START--
INFO: Run Behavior\ReadHtmlCacheBehavior [ RunTime:0.001026s ]
INFO: [ app_begin ] --END-- [ RunTime:0.001287s ]
SQL: SHOW COLUMNS FROM `cms_member` [ RunTime:0.0015s ]
SQL: SELECT * FROM `cms_member` WHERE ( memberid="7" ) LIMIT 1   [ RunTime:0.0004s ]
SQL: SELECT * FROM `cms_member` WHERE ( memberid="3" ) LIMIT 1   [ RunTime:0.0005s ]
SQL: SHOW COLUMNS FROM `cms_parent` [ RunTime:0.0011s ]
SQL: INSERT INTO `cms_parent` (`memberid`,`parent2id`,`parent3id`) VALUES ('990','3','1') [ RunTime:0.0006s ]
SQL: INSERT INTO `cms_member` (`name`,`memberid`,`parentid`) VALUES ('测试关系','990','7') [ RunTime:0.0005s ]

[ 2017-07-18T00:13:18+08:00 ] 127.0.0.1 /admin.php?c=member
INFO: [ app_init ] --START--
INFO: Run Behavior\BuildLiteBehavior [ RunTime:0.000034s ]
INFO: [ app_init ] --END-- [ RunTime:0.000544s ]
INFO: [ app_begin ] --START--
INFO: Run Behavior\ReadHtmlCacheBehavior [ RunTime:0.000551s ]
INFO: [ app_begin ] --END-- [ RunTime:0.000702s ]
NOTIC: [8] Undefined index: p F:\web\yyztask\Application\Admin\Controller\MemberController.class.php 第 13 行.
NOTIC: [8] Undefined index: pageSize F:\web\yyztask\Application\Admin\Controller\MemberController.class.php 第 14 行.
SQL: SHOW COLUMNS FROM `cms_member` [ RunTime:0.0008s ]
SQL: SELECT * FROM `cms_member` WHERE `status` <> -1 ORDER BY id LIMIT 0,12   [ RunTime:0.0004s ]
SQL: SELECT COUNT(*) AS tp_count FROM `cms_member` WHERE `status` <> -1 LIMIT 1   [ RunTime:0.0003s ]
INFO: [ view_parse ] --START--
INFO: [ template_filter ] --START--
INFO: Run Behavior\ContentReplaceBehavior [ RunTime:0.000084s ]
INFO: [ template_filter ] --END-- [ RunTime:0.000210s ]
INFO: Run Behavior\ParseTemplateBehavior [ RunTime:0.013395s ]
INFO: [ view_parse ] --END-- [ RunTime:0.013549s ]
INFO: [ view_filter ] --START--
INFO: Run Behavior\WriteHtmlCacheBehavior [ RunTime:0.000408s ]
INFO: [ view_filter ] --END-- [ RunTime:0.000534s ]
INFO: [ app_end ] --START--
INFO: Run Behavior\ShowPageTraceBehavior [ RunTime:0.000564s ]
INFO: [ app_end ] --END-- [ RunTime:0.000686s ]

[ 2017-07-18T00:13:27+08:00 ] 127.0.0.1 /admin.php?c=member
INFO: [ app_init ] --START--
INFO: Run Behavior\BuildLiteBehavior [ RunTime:0.000063s ]
INFO: [ app_init ] --END-- [ RunTime:0.001032s ]
INFO: [ app_begin ] --START--
INFO: Run Behavior\ReadHtmlCacheBehavior [ RunTime:0.000955s ]
INFO: [ app_begin ] --END-- [ RunTime:0.001254s ]
NOTIC: [8] Undefined index: p F:\web\yyztask\Application\Admin\Controller\MemberController.class.php 第 13 行.
NOTIC: [8] Undefined index: pageSize F:\web\yyztask\Application\Admin\Controller\MemberController.class.php 第 14 行.
SQL: SHOW COLUMNS FROM `cms_member` [ RunTime:0.0007s ]
SQL: SELECT * FROM `cms_member` WHERE `status` <> -1 ORDER BY id LIMIT 0,12   [ RunTime:0.0004s ]
SQL: SELECT COUNT(*) AS tp_count FROM `cms_member` WHERE `status` <> -1 LIMIT 1   [ RunTime:0.0003s ]
INFO: [ view_parse ] --START--
INFO: [ template_filter ] --START--
INFO: Run Behavior\ContentReplaceBehavior [ RunTime:0.000125s ]
INFO: [ template_filter ] --END-- [ RunTime:0.000271s ]
INFO: Run Behavior\ParseTemplateBehavior [ RunTime:0.014005s ]
INFO: [ view_parse ] --END-- [ RunTime:0.014168s ]
INFO: [ view_filter ] --START--
INFO: Run Behavior\WriteHtmlCacheBehavior [ RunTime:0.000365s ]
INFO: [ view_filter ] --END-- [ RunTime:0.000477s ]
INFO: [ app_end ] --START--
INFO: Run Behavior\ShowPageTraceBehavior [ RunTime:0.000545s ]
INFO: [ app_end ] --END-- [ RunTime:0.000662s ]

[ 2017-07-18T00:20:54+08:00 ] 127.0.0.1 /admin.php?c=member&a=add
INFO: [ app_init ] --START--
INFO: Run Behavior\BuildLiteBehavior [ RunTime:0.000032s ]
INFO: [ app_init ] --END-- [ RunTime:0.000530s ]
INFO: [ app_begin ] --START--
INFO: Run Behavior\ReadHtmlCacheBehavior [ RunTime:0.000763s ]
INFO: [ app_begin ] --END-- [ RunTime:0.000914s ]
INFO: [ view_parse ] --START--
INFO: [ template_filter ] --START--
INFO: Run Behavior\ContentReplaceBehavior [ RunTime:0.000094s ]
INFO: [ template_filter ] --END-- [ RunTime:0.000220s ]
INFO: Run Behavior\ParseTemplateBehavior [ RunTime:0.011988s ]
INFO: [ view_parse ] --END-- [ RunTime:0.012145s ]
INFO: [ view_filter ] --START--
INFO: Run Behavior\WriteHtmlCacheBehavior [ RunTime:0.000570s ]
INFO: [ view_filter ] --END-- [ RunTime:0.000690s ]
INFO: [ app_end ] --START--
INFO: Run Behavior\ShowPageTraceBehavior [ RunTime:0.000635s ]
INFO: [ app_end ] --END-- [ RunTime:0.000751s ]

[ 2017-07-18T00:21:01+08:00 ] 127.0.0.1 /admin.php?c=member&a=add
INFO: [ app_init ] --START--
INFO: Run Behavior\BuildLiteBehavior [ RunTime:0.000036s ]
INFO: [ app_init ] --END-- [ RunTime:0.000765s ]
INFO: [ app_begin ] --START--
INFO: Run Behavior\ReadHtmlCacheBehavior [ RunTime:0.001938s ]
INFO: [ app_begin ] --END-- [ RunTime:0.002221s ]
SQL: SHOW COLUMNS FROM `cms_member` [ RunTime:0.0013s ]
SQL: SELECT * FROM `cms_member` WHERE ( memberid="" ) LIMIT 1   [ RunTime:0.0005s ]

[ 2017-07-18T00:21:07+08:00 ] 127.0.0.1 /admin.php?c=member&a=add
INFO: [ app_init ] --START--
INFO: Run Behavior\BuildLiteBehavior [ RunTime:0.000031s ]
INFO: [ app_init ] --END-- [ RunTime:0.000510s ]
INFO: [ app_begin ] --START--
INFO: Run Behavior\ReadHtmlCacheBehavior [ RunTime:0.000828s ]
INFO: [ app_begin ] --END-- [ RunTime:0.000969s ]
SQL: SHOW COLUMNS FROM `cms_member` [ RunTime:0.0009s ]
SQL: SELECT * FROM `cms_member` WHERE ( memberid="" ) LIMIT 1   [ RunTime:0.0003s ]

[ 2017-07-18T00:21:49+08:00 ] 127.0.0.1 /admin.php?c=member&a=add
INFO: [ app_init ] --START--
INFO: Run Behavior\BuildLiteBehavior [ RunTime:0.000027s ]
INFO: [ app_init ] --END-- [ RunTime:0.000462s ]
INFO: [ app_begin ] --START--
INFO: Run Behavior\ReadHtmlCacheBehavior [ RunTime:0.000654s ]
INFO: [ app_begin ] --END-- [ RunTime:0.000760s ]
SQL: SHOW COLUMNS FROM `cms_member` [ RunTime:0.0010s ]
ERR: 1062:Duplicate entry '1' for key 'memberid'
 [ SQL语句 ] : INSERT INTO `cms_member` (`name`,`memberid`,`parentid`) VALUES ('啊的v不','1','0')
ERR: 1062:Duplicate entry '1' for key 'memberid'
 [ SQL语句 ] : INSERT INTO `cms_member` (`name`,`memberid`,`parentid`) VALUES ('啊的v不','1','0')

[ 2017-07-18T00:22:00+08:00 ] 127.0.0.1 /admin.php?c=member&a=add
INFO: [ app_init ] --START--
INFO: Run Behavior\BuildLiteBehavior [ RunTime:0.000049s ]
INFO: [ app_init ] --END-- [ RunTime:0.000776s ]
INFO: [ app_begin ] --START--
INFO: Run Behavior\ReadHtmlCacheBehavior [ RunTime:0.001077s ]
INFO: [ app_begin ] --END-- [ RunTime:0.001289s ]
SQL: SHOW COLUMNS FROM `cms_member` [ RunTime:0.0011s ]
ERR: 1062:Duplicate entry '1' for key 'memberid'
 [ SQL语句 ] : INSERT INTO `cms_member` (`name`,`memberid`,`parentid`) VALUES ('啊的v不','1','0')
ERR: 1062:Duplicate entry '1' for key 'memberid'
 [ SQL语句 ] : INSERT INTO `cms_member` (`name`,`memberid`,`parentid`) VALUES ('啊的v不','1','0')

[ 2017-07-18T00:28:27+08:00 ] 127.0.0.1 /admin.php?c=member&a=add
INFO: [ app_init ] --START--
INFO: Run Behavior\BuildLiteBehavior [ RunTime:0.000040s ]
INFO: [ app_init ] --END-- [ RunTime:0.000690s ]
INFO: [ app_begin ] --START--
INFO: Run Behavior\ReadHtmlCacheBehavior [ RunTime:0.001047s ]
INFO: [ app_begin ] --END-- [ RunTime:0.001240s ]
SQL: SHOW COLUMNS FROM `cms_parent` [ RunTime:0.0018s ]
SQL: INSERT INTO `cms_parent` (`memberid`,`parent2id`,`parent3id`) VALUES ('1',NULL,NULL) [ RunTime:0.0009s ]
SQL: SHOW COLUMNS FROM `cms_member` [ RunTime:0.0013s ]
ERR: 1062:Duplicate entry '1' for key 'memberid'
 [ SQL语句 ] : INSERT INTO `cms_member` (`name`,`memberid`,`parentid`) VALUES ('啊的v不','1','0')
ERR: 1062:Duplicate entry '1' for key 'memberid'
 [ SQL语句 ] : INSERT INTO `cms_member` (`name`,`memberid`,`parentid`) VALUES ('啊的v不','1','0')

[ 2017-07-18T00:28:51+08:00 ] 127.0.0.1 /admin.php?c=member&a=add
INFO: [ app_init ] --START--
INFO: Run Behavior\BuildLiteBehavior [ RunTime:0.000042s ]
INFO: [ app_init ] --END-- [ RunTime:0.000483s ]
INFO: [ app_begin ] --START--
INFO: Run Behavior\ReadHtmlCacheBehavior [ RunTime:0.000784s ]
INFO: [ app_begin ] --END-- [ RunTime:0.001054s ]
SQL: SHOW COLUMNS FROM `cms_member` [ RunTime:0.0010s ]
SQL: SELECT * FROM `cms_member` WHERE ( memberid="2" ) LIMIT 1   [ RunTime:0.0004s ]
SQL: SELECT * FROM `cms_member` WHERE ( memberid="1" ) LIMIT 1   [ RunTime:0.0003s ]
SQL: SHOW COLUMNS FROM `cms_parent` [ RunTime:0.0007s ]
SQL: INSERT INTO `cms_parent` (`memberid`,`parent2id`,`parent3id`) VALUES ('1257','1',NULL) [ RunTime:0.0004s ]
SQL: INSERT INTO `cms_member` (`name`,`memberid`,`parentid`) VALUES ('啊的v不','1257','2') [ RunTime:0.0005s ]

[ 2017-07-18T00:28:54+08:00 ] 127.0.0.1 /admin.php?c=member
INFO: [ app_init ] --START--
INFO: Run Behavior\BuildLiteBehavior [ RunTime:0.000059s ]
INFO: [ app_init ] --END-- [ RunTime:0.001123s ]
INFO: [ app_begin ] --START--
INFO: Run Behavior\ReadHtmlCacheBehavior [ RunTime:0.002856s ]
INFO: [ app_begin ] --END-- [ RunTime:0.003235s ]
NOTIC: [8] Undefined index: p F:\web\yyztask\Application\Admin\Controller\MemberController.class.php 第 13 行.
NOTIC: [8] Undefined index: pageSize F:\web\yyztask\Application\Admin\Controller\MemberController.class.php 第 14 行.
SQL: SHOW COLUMNS FROM `cms_member` [ RunTime:0.0044s ]
SQL: SELECT * FROM `cms_member` WHERE `status` <> -1 ORDER BY id LIMIT 0,12   [ RunTime:0.0007s ]
SQL: SELECT COUNT(*) AS tp_count FROM `cms_member` WHERE `status` <> -1 LIMIT 1   [ RunTime:0.0004s ]
INFO: [ view_parse ] --START--
INFO: [ template_filter ] --START--
INFO: Run Behavior\ContentReplaceBehavior [ RunTime:0.000083s ]
INFO: [ template_filter ] --END-- [ RunTime:0.000211s ]
INFO: Run Behavior\ParseTemplateBehavior [ RunTime:0.009690s ]
INFO: [ view_parse ] --END-- [ RunTime:0.009829s ]
INFO: [ view_filter ] --START--
INFO: Run Behavior\WriteHtmlCacheBehavior [ RunTime:0.000438s ]
INFO: [ view_filter ] --END-- [ RunTime:0.000549s ]
INFO: [ app_end ] --START--
INFO: Run Behavior\ShowPageTraceBehavior [ RunTime:0.000645s ]
INFO: [ app_end ] --END-- [ RunTime:0.000770s ]

[ 2017-07-18T00:35:19+08:00 ] 127.0.0.1 /admin.php?c=member
INFO: [ app_init ] --START--
INFO: Run Behavior\BuildLiteBehavior [ RunTime:0.000031s ]
INFO: [ app_init ] --END-- [ RunTime:0.000515s ]
INFO: [ app_begin ] --START--
INFO: Run Behavior\ReadHtmlCacheBehavior [ RunTime:0.000899s ]
INFO: [ app_begin ] --END-- [ RunTime:0.001050s ]
NOTIC: [8] Undefined index: p F:\web\yyztask\Application\Admin\Controller\MemberController.class.php 第 13 行.
NOTIC: [8] Undefined index: pageSize F:\web\yyztask\Application\Admin\Controller\MemberController.class.php 第 14 行.
SQL: SHOW COLUMNS FROM `cms_member` [ RunTime:0.0011s ]
SQL: SELECT * FROM `cms_member` WHERE `status` <> -1 ORDER BY id LIMIT 0,12   [ RunTime:0.0007s ]
SQL: SELECT COUNT(*) AS tp_count FROM `cms_member` WHERE `status` <> -1 LIMIT 1   [ RunTime:0.0005s ]
INFO: [ view_parse ] --START--
INFO: [ template_filter ] --START--
INFO: Run Behavior\ContentReplaceBehavior [ RunTime:0.000313s ]
INFO: [ template_filter ] --END-- [ RunTime:0.000750s ]
INFO: Run Behavior\ParseTemplateBehavior [ RunTime:0.018091s ]
INFO: [ view_parse ] --END-- [ RunTime:0.018274s ]
INFO: [ view_filter ] --START--
INFO: Run Behavior\WriteHtmlCacheBehavior [ RunTime:0.000707s ]
INFO: [ view_filter ] --END-- [ RunTime:0.000865s ]
INFO: [ app_end ] --START--
INFO: Run Behavior\ShowPageTraceBehavior [ RunTime:0.001001s ]
INFO: [ app_end ] --END-- [ RunTime:0.001167s ]

[ 2017-07-18T00:35:21+08:00 ] 127.0.0.1 /admin.php?c=member&a=add
INFO: [ app_init ] --START--
INFO: Run Behavior\BuildLiteBehavior [ RunTime:0.000062s ]
INFO: [ app_init ] --END-- [ RunTime:0.000889s ]
INFO: [ app_begin ] --START--
INFO: Run Behavior\ReadHtmlCacheBehavior [ RunTime:0.001344s ]
INFO: [ app_begin ] --END-- [ RunTime:0.001748s ]
INFO: [ view_parse ] --START--
INFO: [ template_filter ] --START--
INFO: Run Behavior\ContentReplaceBehavior [ RunTime:0.000175s ]
INFO: [ template_filter ] --END-- [ RunTime:0.000504s ]
INFO: Run Behavior\ParseTemplateBehavior [ RunTime:0.014412s ]
INFO: [ view_parse ] --END-- [ RunTime:0.014775s ]
INFO: [ view_filter ] --START--
INFO: Run Behavior\WriteHtmlCacheBehavior [ RunTime:0.000702s ]
INFO: [ view_filter ] --END-- [ RunTime:0.000981s ]
INFO: [ app_end ] --START--
INFO: Run Behavior\ShowPageTraceBehavior [ RunTime:0.000915s ]
INFO: [ app_end ] --END-- [ RunTime:0.001112s ]

[ 2017-07-18T00:35:27+08:00 ] 127.0.0.1 /admin.php?c=member&a=add
INFO: [ app_init ] --START--
INFO: Run Behavior\BuildLiteBehavior [ RunTime:0.000057s ]
INFO: [ app_init ] --END-- [ RunTime:0.000983s ]
INFO: [ app_begin ] --START--
INFO: Run Behavior\ReadHtmlCacheBehavior [ RunTime:0.001429s ]
INFO: [ app_begin ] --END-- [ RunTime:0.001709s ]
SQL: SHOW COLUMNS FROM `cms_member` [ RunTime:0.0007s ]
SQL: SELECT * FROM `cms_member` WHERE ( memberid="1" ) LIMIT 1   [ RunTime:0.0003s ]

[ 2017-07-18T00:37:52+08:00 ] 127.0.0.1 /admin.php?c=member
INFO: [ app_init ] --START--
INFO: Run Behavior\BuildLiteBehavior [ RunTime:0.000032s ]
INFO: [ app_init ] --END-- [ RunTime:0.000519s ]
INFO: [ app_begin ] --START--
INFO: Run Behavior\ReadHtmlCacheBehavior [ RunTime:0.000887s ]
INFO: [ app_begin ] --END-- [ RunTime:0.001037s ]
NOTIC: [8] Undefined index: p F:\web\yyztask\Application\Admin\Controller\MemberController.class.php 第 13 行.
NOTIC: [8] Undefined index: pageSize F:\web\yyztask\Application\Admin\Controller\MemberController.class.php 第 14 行.
SQL: SHOW COLUMNS FROM `cms_member` [ RunTime:0.0008s ]
SQL: SELECT * FROM `cms_member` WHERE `status` <> -1 ORDER BY id LIMIT 0,12   [ RunTime:0.0004s ]
SQL: SELECT COUNT(*) AS tp_count FROM `cms_member` WHERE `status` <> -1 LIMIT 1   [ RunTime:0.0004s ]
INFO: [ view_parse ] --START--
INFO: [ template_filter ] --START--
INFO: Run Behavior\ContentReplaceBehavior [ RunTime:0.000109s ]
INFO: [ template_filter ] --END-- [ RunTime:0.000258s ]
INFO: Run Behavior\ParseTemplateBehavior [ RunTime:0.009690s ]
INFO: [ view_parse ] --END-- [ RunTime:0.009827s ]
INFO: [ view_filter ] --START--
INFO: Run Behavior\WriteHtmlCacheBehavior [ RunTime:0.000444s ]
INFO: [ view_filter ] --END-- [ RunTime:0.000587s ]
INFO: [ app_end ] --START--
INFO: Run Behavior\ShowPageTraceBehavior [ RunTime:0.000610s ]
INFO: [ app_end ] --END-- [ RunTime:0.000727s ]

[ 2017-07-18T00:41:19+08:00 ] 127.0.0.1 /admin.php?m=Admin&c=Member&a=index&p=2
INFO: [ app_init ] --START--
INFO: Run Behavior\BuildLiteBehavior [ RunTime:0.000032s ]
INFO: [ app_init ] --END-- [ RunTime:0.000530s ]
INFO: [ app_begin ] --START--
INFO: Run Behavior\ReadHtmlCacheBehavior [ RunTime:0.000750s ]
INFO: [ app_begin ] --END-- [ RunTime:0.000910s ]
NOTIC: [8] Undefined index: pageSize F:\web\yyztask\Application\Admin\Controller\MemberController.class.php 第 14 行.
SQL: SHOW COLUMNS FROM `cms_member` [ RunTime:0.0008s ]
SQL: SELECT * FROM `cms_member` WHERE `status` <> -1 ORDER BY id LIMIT 12,12   [ RunTime:0.0004s ]
SQL: SELECT COUNT(*) AS tp_count FROM `cms_member` WHERE `status` <> -1 LIMIT 1   [ RunTime:0.0003s ]
INFO: [ view_parse ] --START--
INFO: [ template_filter ] --START--
INFO: Run Behavior\ContentReplaceBehavior [ RunTime:0.000085s ]
INFO: [ template_filter ] --END-- [ RunTime:0.000210s ]
INFO: Run Behavior\ParseTemplateBehavior [ RunTime:0.011637s ]
INFO: [ view_parse ] --END-- [ RunTime:0.011800s ]
INFO: [ view_filter ] --START--
INFO: Run Behavior\WriteHtmlCacheBehavior [ RunTime:0.000520s ]
INFO: [ view_filter ] --END-- [ RunTime:0.000649s ]
INFO: [ app_end ] --START--
INFO: Run Behavior\ShowPageTraceBehavior [ RunTime:0.000673s ]
INFO: [ app_end ] --END-- [ RunTime:0.000805s ]

[ 2017-07-18T00:41:24+08:00 ] 127.0.0.1 /admin.php?m=Admin&c=Member&a=index&p=1
INFO: [ app_init ] --START--
INFO: Run Behavior\BuildLiteBehavior [ RunTime:0.000032s ]
INFO: [ app_init ] --END-- [ RunTime:0.000518s ]
INFO: [ app_begin ] --START--
INFO: Run Behavior\ReadHtmlCacheBehavior [ RunTime:0.000728s ]
INFO: [ app_begin ] --END-- [ RunTime:0.000878s ]
NOTIC: [8] Undefined index: pageSize F:\web\yyztask\Application\Admin\Controller\MemberController.class.php 第 14 行.
SQL: SHOW COLUMNS FROM `cms_member` [ RunTime:0.0007s ]
SQL: SELECT * FROM `cms_member` WHERE `status` <> -1 ORDER BY id LIMIT 0,12   [ RunTime:0.0004s ]
SQL: SELECT COUNT(*) AS tp_count FROM `cms_member` WHERE `status` <> -1 LIMIT 1   [ RunTime:0.0002s ]
INFO: [ view_parse ] --START--
INFO: [ template_filter ] --START--
INFO: Run Behavior\ContentReplaceBehavior [ RunTime:0.000088s ]
INFO: [ template_filter ] --END-- [ RunTime:0.000288s ]
INFO: Run Behavior\ParseTemplateBehavior [ RunTime:0.009835s ]
INFO: [ view_parse ] --END-- [ RunTime:0.009971s ]
INFO: [ view_filter ] --START--
INFO: Run Behavior\WriteHtmlCacheBehavior [ RunTime:0.000464s ]
INFO: [ view_filter ] --END-- [ RunTime:0.000577s ]
INFO: [ app_end ] --START--
INFO: Run Behavior\ShowPageTraceBehavior [ RunTime:0.000658s ]
INFO: [ app_end ] --END-- [ RunTime:0.000772s ]

[ 2017-07-18T21:32:20+08:00 ] 127.0.0.1 /admin.php
INFO: [ app_init ] --START--
INFO: Run Behavior\BuildLiteBehavior [ RunTime:0.000044s ]
INFO: [ app_init ] --END-- [ RunTime:0.000728s ]
INFO: [ app_begin ] --START--
INFO: Run Behavior\ReadHtmlCacheBehavior [ RunTime:0.001042s ]
INFO: [ app_begin ] --END-- [ RunTime:0.001249s ]
INFO: [ view_parse ] --START--
INFO: [ template_filter ] --START--
INFO: Run Behavior\ContentReplaceBehavior [ RunTime:0.000113s ]
INFO: [ template_filter ] --END-- [ RunTime:0.000331s ]
INFO: Run Behavior\ParseTemplateBehavior [ RunTime:0.340697s ]
INFO: [ view_parse ] --END-- [ RunTime:0.340897s ]
INFO: [ view_filter ] --START--
INFO: Run Behavior\WriteHtmlCacheBehavior [ RunTime:0.000629s ]
INFO: [ view_filter ] --END-- [ RunTime:0.000778s ]
INFO: [ app_end ] --START--
INFO: Run Behavior\ShowPageTraceBehavior [ RunTime:0.000824s ]
INFO: [ app_end ] --END-- [ RunTime:0.000982s ]

[ 2017-07-18T21:32:30+08:00 ] 127.0.0.1 /admin.php?c=index
INFO: [ app_init ] --START--
INFO: Run Behavior\BuildLiteBehavior [ RunTime:0.000036s ]
INFO: [ app_init ] --END-- [ RunTime:0.000615s ]
INFO: [ app_begin ] --START--
INFO: Run Behavior\ReadHtmlCacheBehavior [ RunTime:0.000755s ]
INFO: [ app_begin ] --END-- [ RunTime:0.000946s ]
INFO: [ view_parse ] --START--
INFO: [ template_filter ] --START--
INFO: Run Behavior\ContentReplaceBehavior [ RunTime:0.000110s ]
INFO: [ template_filter ] --END-- [ RunTime:0.000299s ]
INFO: Run Behavior\ParseTemplateBehavior [ RunTime:0.010792s ]
INFO: [ view_parse ] --END-- [ RunTime:0.010987s ]
INFO: [ view_filter ] --START--
INFO: Run Behavior\WriteHtmlCacheBehavior [ RunTime:0.000477s ]
INFO: [ view_filter ] --END-- [ RunTime:0.000636s ]
INFO: [ app_end ] --START--
INFO: Run Behavior\ShowPageTraceBehavior [ RunTime:0.000719s ]
INFO: [ app_end ] --END-- [ RunTime:0.000888s ]

[ 2017-07-18T21:32:40+08:00 ] 127.0.0.1 /admin.php?c=member
INFO: [ app_init ] --START--
INFO: Run Behavior\BuildLiteBehavior [ RunTime:0.000056s ]
INFO: [ app_init ] --END-- [ RunTime:0.000923s ]
INFO: [ app_begin ] --START--
INFO: Run Behavior\ReadHtmlCacheBehavior [ RunTime:0.000965s ]
INFO: [ app_begin ] --END-- [ RunTime:0.001267s ]
NOTIC: [8] Undefined variable: module F:\web\yyztask\ThinkPHP\Common\functions.php 第 990 行.
NOTIC: [8] Undefined variable: var F:\web\yyztask\ThinkPHP\Common\functions.php 第 990 行.
NOTIC: [2] array_reverse() expects parameter 1 to be array, null given F:\web\yyztask\ThinkPHP\Common\functions.php 第 990 行.
NOTIC: [2] http_build_query(): Parameter 1 expected to be Array or Object.  Incorrect value given F:\web\yyztask\ThinkPHP\Common\functions.php 第 990 行.

[ 2017-07-18T21:32:40+08:00 ] 127.0.0.1 /admin.php?m=&&c=login
INFO: [ app_init ] --START--
INFO: Run Behavior\BuildLiteBehavior [ RunTime:0.000053s ]
INFO: [ app_init ] --END-- [ RunTime:0.000795s ]
INFO: [ app_begin ] --START--
INFO: Run Behavior\ReadHtmlCacheBehavior [ RunTime:0.000887s ]
INFO: [ app_begin ] --END-- [ RunTime:0.001151s ]
INFO: [ view_parse ] --START--
INFO: [ template_filter ] --START--
INFO: Run Behavior\ContentReplaceBehavior [ RunTime:0.000122s ]
INFO: [ template_filter ] --END-- [ RunTime:0.000370s ]
INFO: Run Behavior\ParseTemplateBehavior [ RunTime:0.051330s ]
INFO: [ view_parse ] --END-- [ RunTime:0.051588s ]
INFO: [ view_filter ] --START--
INFO: Run Behavior\WriteHtmlCacheBehavior [ RunTime:0.000641s ]
INFO: [ view_filter ] --END-- [ RunTime:0.000879s ]
INFO: [ app_end ] --START--
INFO: Run Behavior\ShowPageTraceBehavior [ RunTime:0.001042s ]
INFO: [ app_end ] --END-- [ RunTime:0.001296s ]

[ 2017-07-18T21:32:48+08:00 ] 127.0.0.1 /admin.php?c=login&a=check
INFO: [ app_init ] --START--
INFO: Run Behavior\BuildLiteBehavior [ RunTime:0.000034s ]
INFO: [ app_init ] --END-- [ RunTime:0.000672s ]
INFO: [ app_begin ] --START--
INFO: Run Behavior\ReadHtmlCacheBehavior [ RunTime:0.000515s ]
INFO: [ app_begin ] --END-- [ RunTime:0.000639s ]
SQL: SHOW COLUMNS FROM `cms_admin` [ RunTime:0.0010s ]
SQL: SELECT * FROM `cms_admin` WHERE ( username="admin" ) LIMIT 1   [ RunTime:0.0004s ]

[ 2017-07-18T21:32:49+08:00 ] 127.0.0.1 /admin.php?m=admin&c=index
INFO: [ app_init ] --START--
INFO: Run Behavior\BuildLiteBehavior [ RunTime:0.000035s ]
INFO: [ app_init ] --END-- [ RunTime:0.000544s ]
INFO: [ app_begin ] --START--
INFO: Run Behavior\ReadHtmlCacheBehavior [ RunTime:0.000552s ]
INFO: [ app_begin ] --END-- [ RunTime:0.000712s ]
INFO: [ view_parse ] --START--
INFO: [ template_filter ] --START--
INFO: Run Behavior\ContentReplaceBehavior [ RunTime:0.000117s ]
INFO: [ template_filter ] --END-- [ RunTime:0.000273s ]
INFO: Run Behavior\ParseTemplateBehavior [ RunTime:0.008121s ]
INFO: [ view_parse ] --END-- [ RunTime:0.008297s ]
INFO: [ view_filter ] --START--
INFO: Run Behavior\WriteHtmlCacheBehavior [ RunTime:0.000442s ]
INFO: [ view_filter ] --END-- [ RunTime:0.000587s ]
INFO: [ app_end ] --START--
INFO: Run Behavior\ShowPageTraceBehavior [ RunTime:0.000679s ]
INFO: [ app_end ] --END-- [ RunTime:0.000833s ]

[ 2017-07-18T21:33:15+08:00 ] 127.0.0.1 /admin.php?c=member
INFO: [ app_init ] --START--
INFO: Run Behavior\BuildLiteBehavior [ RunTime:0.000038s ]
INFO: [ app_init ] --END-- [ RunTime:0.000510s ]
INFO: [ app_begin ] --START--
INFO: Run Behavior\ReadHtmlCacheBehavior [ RunTime:0.000531s ]
INFO: [ app_begin ] --END-- [ RunTime:0.000671s ]
NOTIC: [8] Undefined index: p F:\web\yyztask\Application\Admin\Controller\MemberController.class.php 第 13 行.
NOTIC: [8] Undefined index: pageSize F:\web\yyztask\Application\Admin\Controller\MemberController.class.php 第 14 行.
SQL: SHOW COLUMNS FROM `cms_member` [ RunTime:0.0007s ]
SQL: SELECT * FROM `cms_member` WHERE `status` <> -1 ORDER BY id LIMIT 0,12   [ RunTime:0.0005s ]
SQL: SELECT COUNT(*) AS tp_count FROM `cms_member` WHERE `status` <> -1 LIMIT 1   [ RunTime:0.0004s ]
INFO: [ view_parse ] --START--
INFO: [ template_filter ] --START--
INFO: Run Behavior\ContentReplaceBehavior [ RunTime:0.000105s ]
INFO: [ template_filter ] --END-- [ RunTime:0.000268s ]
INFO: Run Behavior\ParseTemplateBehavior [ RunTime:0.010314s ]
INFO: [ view_parse ] --END-- [ RunTime:0.010533s ]
INFO: [ view_filter ] --START--
INFO: Run Behavior\WriteHtmlCacheBehavior [ RunTime:0.000685s ]
INFO: [ view_filter ] --END-- [ RunTime:0.000953s ]
INFO: [ app_end ] --START--
INFO: Run Behavior\ShowPageTraceBehavior [ RunTime:0.001169s ]
INFO: [ app_end ] --END-- [ RunTime:0.001430s ]

[ 2017-07-18T21:54:31+08:00 ] 127.0.0.1 /admin.php?c=member
INFO: [ app_init ] --START--
INFO: Run Behavior\BuildLiteBehavior [ RunTime:0.000031s ]
INFO: [ app_init ] --END-- [ RunTime:0.011592s ]
INFO: [ app_begin ] --START--
INFO: Run Behavior\ReadHtmlCacheBehavior [ RunTime:0.016733s ]
INFO: [ app_begin ] --END-- [ RunTime:0.016880s ]
NOTIC: [8] Undefined index: p F:\web\yyztask\Application\Admin\Controller\MemberController.class.php 第 13 行.
NOTIC: [8] Undefined index: pageSize F:\web\yyztask\Application\Admin\Controller\MemberController.class.php 第 14 行.
SQL: SHOW COLUMNS FROM `cms_member` [ RunTime:0.0010s ]
SQL: SELECT * FROM `cms_member` WHERE `status` <> -1 ORDER BY id LIMIT 0,12   [ RunTime:0.0004s ]
SQL: SELECT COUNT(*) AS tp_count FROM `cms_member` WHERE `status` <> -1 LIMIT 1   [ RunTime:0.0003s ]
INFO: [ view_parse ] --START--
INFO: [ template_filter ] --START--
INFO: Run Behavior\ContentReplaceBehavior [ RunTime:0.000086s ]
INFO: [ template_filter ] --END-- [ RunTime:0.000217s ]
INFO: Run Behavior\ParseTemplateBehavior [ RunTime:0.124056s ]
INFO: [ view_parse ] --END-- [ RunTime:0.124235s ]
INFO: [ view_filter ] --START--
INFO: Run Behavior\WriteHtmlCacheBehavior [ RunTime:0.011469s ]
INFO: [ view_filter ] --END-- [ RunTime:0.011604s ]
INFO: [ app_end ] --START--
INFO: Run Behavior\ShowPageTraceBehavior [ RunTime:0.008402s ]
INFO: [ app_end ] --END-- [ RunTime:0.008533s ]

[ 2017-07-18T21:54:32+08:00 ] 127.0.0.1 /admin.php?c=member&a=add
INFO: [ app_init ] --START--
INFO: Run Behavior\BuildLiteBehavior [ RunTime:0.000032s ]
INFO: [ app_init ] --END-- [ RunTime:0.000566s ]
INFO: [ app_begin ] --START--
INFO: Run Behavior\ReadHtmlCacheBehavior [ RunTime:0.000829s ]
INFO: [ app_begin ] --END-- [ RunTime:0.001053s ]
INFO: [ view_parse ] --START--
INFO: [ template_filter ] --START--
INFO: Run Behavior\ContentReplaceBehavior [ RunTime:0.000183s ]
INFO: [ template_filter ] --END-- [ RunTime:0.000427s ]
INFO: Run Behavior\ParseTemplateBehavior [ RunTime:0.084778s ]
INFO: [ view_parse ] --END-- [ RunTime:0.085005s ]
INFO: [ view_filter ] --START--
INFO: Run Behavior\WriteHtmlCacheBehavior [ RunTime:0.000406s ]
INFO: [ view_filter ] --END-- [ RunTime:0.000527s ]
INFO: [ app_end ] --START--
INFO: Run Behavior\ShowPageTraceBehavior [ RunTime:0.000591s ]
INFO: [ app_end ] --END-- [ RunTime:0.000718s ]

[ 2017-07-18T21:54:44+08:00 ] 127.0.0.1 /admin.php?c=member&a=add
INFO: [ app_init ] --START--
INFO: Run Behavior\BuildLiteBehavior [ RunTime:0.000032s ]
INFO: [ app_init ] --END-- [ RunTime:0.000516s ]
INFO: [ app_begin ] --START--
INFO: Run Behavior\ReadHtmlCacheBehavior [ RunTime:0.000739s ]
INFO: [ app_begin ] --END-- [ RunTime:0.000868s ]
SQL: SHOW COLUMNS FROM `cms_member` [ RunTime:0.0009s ]
SQL: SELECT * FROM `cms_member` WHERE ( memberid="987" ) LIMIT 1   [ RunTime:0.0003s ]
NOTIC: [8] Undefined variable: ret1 F:\web\yyztask\Application\Admin\Controller\MemberController.class.php 第 82 行.
NOTIC: [8] Undefined variable: ret2 F:\web\yyztask\Application\Admin\Controller\MemberController.class.php 第 83 行.
SQL: INSERT INTO `cms_member` (`name`,`memberid`,`parentid`,`parent2id`,`parent3id`) VALUES ('武相','987','0',NULL,NULL) [ RunTime:0.0004s ]

[ 2017-07-18T21:54:46+08:00 ] 127.0.0.1 /admin.php?c=member
INFO: [ app_init ] --START--
INFO: Run Behavior\BuildLiteBehavior [ RunTime:0.000033s ]
INFO: [ app_init ] --END-- [ RunTime:0.000521s ]
INFO: [ app_begin ] --START--
INFO: Run Behavior\ReadHtmlCacheBehavior [ RunTime:0.000726s ]
INFO: [ app_begin ] --END-- [ RunTime:0.000884s ]
NOTIC: [8] Undefined index: p F:\web\yyztask\Application\Admin\Controller\MemberController.class.php 第 13 行.
NOTIC: [8] Undefined index: pageSize F:\web\yyztask\Application\Admin\Controller\MemberController.class.php 第 14 行.
SQL: SHOW COLUMNS FROM `cms_member` [ RunTime:0.0007s ]
SQL: SELECT * FROM `cms_member` WHERE `status` <> -1 ORDER BY id LIMIT 0,12   [ RunTime:0.0004s ]
SQL: SELECT COUNT(*) AS tp_count FROM `cms_member` WHERE `status` <> -1 LIMIT 1   [ RunTime:0.0002s ]
INFO: [ view_parse ] --START--
INFO: [ template_filter ] --START--
INFO: Run Behavior\ContentReplaceBehavior [ RunTime:0.000089s ]
INFO: [ template_filter ] --END-- [ RunTime:0.000259s ]
INFO: Run Behavior\ParseTemplateBehavior [ RunTime:0.009969s ]
INFO: [ view_parse ] --END-- [ RunTime:0.010115s ]
INFO: [ view_filter ] --START--
INFO: Run Behavior\WriteHtmlCacheBehavior [ RunTime:0.000462s ]
INFO: [ view_filter ] --END-- [ RunTime:0.000602s ]
INFO: [ app_end ] --START--
INFO: Run Behavior\ShowPageTraceBehavior [ RunTime:0.000623s ]
INFO: [ app_end ] --END-- [ RunTime:0.000738s ]

[ 2017-07-18T21:54:49+08:00 ] 127.0.0.1 /admin.php?m=Admin&c=Member&a=index&p=2
INFO: [ app_init ] --START--
INFO: Run Behavior\BuildLiteBehavior [ RunTime:0.000035s ]
INFO: [ app_init ] --END-- [ RunTime:0.000521s ]
INFO: [ app_begin ] --START--
INFO: Run Behavior\ReadHtmlCacheBehavior [ RunTime:0.000720s ]
INFO: [ app_begin ] --END-- [ RunTime:0.000870s ]
NOTIC: [8] Undefined index: pageSize F:\web\yyztask\Application\Admin\Controller\MemberController.class.php 第 14 行.
SQL: SHOW COLUMNS FROM `cms_member` [ RunTime:0.0050s ]
SQL: SELECT * FROM `cms_member` WHERE `status` <> -1 ORDER BY id LIMIT 12,12   [ RunTime:0.0005s ]
SQL: SELECT COUNT(*) AS tp_count FROM `cms_member` WHERE `status` <> -1 LIMIT 1   [ RunTime:0.0003s ]
INFO: [ view_parse ] --START--
INFO: [ template_filter ] --START--
INFO: Run Behavior\ContentReplaceBehavior [ RunTime:0.000079s ]
INFO: [ template_filter ] --END-- [ RunTime:0.000201s ]
INFO: Run Behavior\ParseTemplateBehavior [ RunTime:0.009949s ]
INFO: [ view_parse ] --END-- [ RunTime:0.010099s ]
INFO: [ view_filter ] --START--
INFO: Run Behavior\WriteHtmlCacheBehavior [ RunTime:0.000436s ]
INFO: [ view_filter ] --END-- [ RunTime:0.000547s ]
INFO: [ app_end ] --START--
INFO: Run Behavior\ShowPageTraceBehavior [ RunTime:0.000627s ]
INFO: [ app_end ] --END-- [ RunTime:0.000765s ]

[ 2017-07-18T21:54:58+08:00 ] 127.0.0.1 /admin.php?c=member&a=add
INFO: [ app_init ] --START--
INFO: Run Behavior\BuildLiteBehavior [ RunTime:0.000108s ]
INFO: [ app_init ] --END-- [ RunTime:0.000896s ]
INFO: [ app_begin ] --START--
INFO: Run Behavior\ReadHtmlCacheBehavior [ RunTime:0.001201s ]
INFO: [ app_begin ] --END-- [ RunTime:0.001458s ]
INFO: [ view_parse ] --START--
INFO: [ template_filter ] --START--
INFO: Run Behavior\ContentReplaceBehavior [ RunTime:0.000121s ]
INFO: [ template_filter ] --END-- [ RunTime:0.000571s ]
INFO: Run Behavior\ParseTemplateBehavior [ RunTime:0.012882s ]
INFO: [ view_parse ] --END-- [ RunTime:0.013046s ]
INFO: [ view_filter ] --START--
INFO: Run Behavior\WriteHtmlCacheBehavior [ RunTime:0.000479s ]
INFO: [ view_filter ] --END-- [ RunTime:0.000602s ]
INFO: [ app_end ] --START--
INFO: Run Behavior\ShowPageTraceBehavior [ RunTime:0.000688s ]
INFO: [ app_end ] --END-- [ RunTime:0.000825s ]

[ 2017-07-18T21:55:12+08:00 ] 127.0.0.1 /admin.php?c=member&a=add
INFO: [ app_init ] --START--
INFO: Run Behavior\BuildLiteBehavior [ RunTime:0.000063s ]
INFO: [ app_init ] --END-- [ RunTime:0.000759s ]
INFO: [ app_begin ] --START--
INFO: Run Behavior\ReadHtmlCacheBehavior [ RunTime:0.000791s ]
INFO: [ app_begin ] --END-- [ RunTime:0.000934s ]
SQL: SHOW COLUMNS FROM `cms_member` [ RunTime:0.0016s ]
SQL: SELECT * FROM `cms_member` WHERE ( memberid="989" ) LIMIT 1   [ RunTime:0.0004s ]
SQL: SELECT * FROM `cms_member` WHERE ( memberid="987" ) LIMIT 1   [ RunTime:0.0003s ]
SQL: SELECT * FROM `cms_member` WHERE ( memberid="0" ) LIMIT 1   [ RunTime:0.0002s ]
SQL: INSERT INTO `cms_member` (`name`,`memberid`,`parentid`,`parent2id`,`parent3id`) VALUES ('留了','989','987','0',NULL) [ RunTime:0.0003s ]

[ 2017-07-18T21:55:13+08:00 ] 127.0.0.1 /admin.php?c=member
INFO: [ app_init ] --START--
INFO: Run Behavior\BuildLiteBehavior [ RunTime:0.000034s ]
INFO: [ app_init ] --END-- [ RunTime:0.000520s ]
INFO: [ app_begin ] --START--
INFO: Run Behavior\ReadHtmlCacheBehavior [ RunTime:0.000731s ]
INFO: [ app_begin ] --END-- [ RunTime:0.000880s ]
NOTIC: [8] Undefined index: p F:\web\yyztask\Application\Admin\Controller\MemberController.class.php 第 13 行.
NOTIC: [8] Undefined index: pageSize F:\web\yyztask\Application\Admin\Controller\MemberController.class.php 第 14 行.
SQL: SHOW COLUMNS FROM `cms_member` [ RunTime:0.0044s ]
SQL: SELECT * FROM `cms_member` WHERE `status` <> -1 ORDER BY id LIMIT 0,12   [ RunTime:0.0004s ]
SQL: SELECT COUNT(*) AS tp_count FROM `cms_member` WHERE `status` <> -1 LIMIT 1   [ RunTime:0.0003s ]
INFO: [ view_parse ] --START--
INFO: [ template_filter ] --START--
INFO: Run Behavior\ContentReplaceBehavior [ RunTime:0.000078s ]
INFO: [ template_filter ] --END-- [ RunTime:0.000198s ]
INFO: Run Behavior\ParseTemplateBehavior [ RunTime:0.009517s ]
INFO: [ view_parse ] --END-- [ RunTime:0.009670s ]
INFO: [ view_filter ] --START--
INFO: Run Behavior\WriteHtmlCacheBehavior [ RunTime:0.000459s ]
INFO: [ view_filter ] --END-- [ RunTime:0.000581s ]
INFO: [ app_end ] --START--
INFO: Run Behavior\ShowPageTraceBehavior [ RunTime:0.000601s ]
INFO: [ app_end ] --END-- [ RunTime:0.000727s ]

[ 2017-07-18T21:56:27+08:00 ] 127.0.0.1 /admin.php?c=member
INFO: [ app_init ] --START--
INFO: Run Behavior\BuildLiteBehavior [ RunTime:0.000029s ]
INFO: [ app_init ] --END-- [ RunTime:0.000519s ]
INFO: [ app_begin ] --START--
INFO: Run Behavior\ReadHtmlCacheBehavior [ RunTime:0.000661s ]
INFO: [ app_begin ] --END-- [ RunTime:0.000801s ]
NOTIC: [8] Undefined index: p F:\web\yyztask\Application\Admin\Controller\MemberController.class.php 第 13 行.
NOTIC: [8] Undefined index: pageSize F:\web\yyztask\Application\Admin\Controller\MemberController.class.php 第 14 行.
SQL: SHOW COLUMNS FROM `cms_member` [ RunTime:0.0011s ]
SQL: SELECT * FROM `cms_member` WHERE `status` <> -1 ORDER BY id LIMIT 0,12   [ RunTime:0.0005s ]
SQL: SELECT COUNT(*) AS tp_count FROM `cms_member` WHERE `status` <> -1 LIMIT 1   [ RunTime:0.0003s ]
INFO: [ view_parse ] --START--
INFO: [ template_filter ] --START--
INFO: Run Behavior\ContentReplaceBehavior [ RunTime:0.000081s ]
INFO: [ template_filter ] --END-- [ RunTime:0.000204s ]
INFO: Run Behavior\ParseTemplateBehavior [ RunTime:0.010189s ]
INFO: [ view_parse ] --END-- [ RunTime:0.010381s ]
INFO: [ view_filter ] --START--
INFO: Run Behavior\WriteHtmlCacheBehavior [ RunTime:0.000906s ]
INFO: [ view_filter ] --END-- [ RunTime:0.001100s ]
INFO: [ app_end ] --START--
INFO: Run Behavior\ShowPageTraceBehavior [ RunTime:0.000689s ]
INFO: [ app_end ] --END-- [ RunTime:0.000872s ]

[ 2017-07-18T21:56:40+08:00 ] 127.0.0.1 /admin.php?c=member
INFO: [ app_init ] --START--
INFO: Run Behavior\BuildLiteBehavior [ RunTime:0.000027s ]
INFO: [ app_init ] --END-- [ RunTime:0.000499s ]
INFO: [ app_begin ] --START--
INFO: Run Behavior\ReadHtmlCacheBehavior [ RunTime:0.000664s ]
INFO: [ app_begin ] --END-- [ RunTime:0.000800s ]
NOTIC: [8] Undefined index: p F:\web\yyztask\Application\Admin\Controller\MemberController.class.php 第 13 行.
NOTIC: [8] Undefined index: pageSize F:\web\yyztask\Application\Admin\Controller\MemberController.class.php 第 14 行.
SQL: SHOW COLUMNS FROM `cms_member` [ RunTime:0.0007s ]
SQL: SELECT * FROM `cms_member` WHERE `status` <> -1 ORDER BY id LIMIT 0,12   [ RunTime:0.0003s ]
SQL: SELECT COUNT(*) AS tp_count FROM `cms_member` WHERE `status` <> -1 LIMIT 1   [ RunTime:0.0002s ]
INFO: [ view_parse ] --START--
INFO: [ template_filter ] --START--
INFO: Run Behavior\ContentReplaceBehavior [ RunTime:0.000088s ]
INFO: [ template_filter ] --END-- [ RunTime:0.000226s ]
INFO: Run Behavior\ParseTemplateBehavior [ RunTime:0.009963s ]
INFO: [ view_parse ] --END-- [ RunTime:0.010218s ]
INFO: [ view_filter ] --START--
INFO: Run Behavior\WriteHtmlCacheBehavior [ RunTime:0.000918s ]
INFO: [ view_filter ] --END-- [ RunTime:0.001120s ]
INFO: [ app_end ] --START--
INFO: Run Behavior\ShowPageTraceBehavior [ RunTime:0.000895s ]
INFO: [ app_end ] --END-- [ RunTime:0.001070s ]

[ 2017-07-18T21:56:42+08:00 ] 127.0.0.1 /admin.php?c=member&a=add
INFO: [ app_init ] --START--
INFO: Run Behavior\BuildLiteBehavior [ RunTime:0.000050s ]
INFO: [ app_init ] --END-- [ RunTime:0.000929s ]
INFO: [ app_begin ] --START--
INFO: Run Behavior\ReadHtmlCacheBehavior [ RunTime:0.001527s ]
INFO: [ app_begin ] --END-- [ RunTime:0.001797s ]
INFO: [ view_parse ] --START--
INFO: [ template_filter ] --START--
INFO: Run Behavior\ContentReplaceBehavior [ RunTime:0.000177s ]
INFO: [ template_filter ] --END-- [ RunTime:0.000592s ]
INFO: Run Behavior\ParseTemplateBehavior [ RunTime:0.012777s ]
INFO: [ view_parse ] --END-- [ RunTime:0.012982s ]
INFO: [ view_filter ] --START--
INFO: Run Behavior\WriteHtmlCacheBehavior [ RunTime:0.000513s ]
INFO: [ view_filter ] --END-- [ RunTime:0.000642s ]
INFO: [ app_end ] --START--
INFO: Run Behavior\ShowPageTraceBehavior [ RunTime:0.000709s ]
INFO: [ app_end ] --END-- [ RunTime:0.000845s ]

[ 2017-07-18T21:57:07+08:00 ] 127.0.0.1 /admin.php?c=member&a=add
INFO: [ app_init ] --START--
INFO: Run Behavior\BuildLiteBehavior [ RunTime:0.000030s ]
INFO: [ app_init ] --END-- [ RunTime:0.000508s ]
INFO: [ app_begin ] --START--
INFO: Run Behavior\ReadHtmlCacheBehavior [ RunTime:0.000686s ]
INFO: [ app_begin ] --END-- [ RunTime:0.000812s ]
SQL: SHOW COLUMNS FROM `cms_member` [ RunTime:0.0007s ]
SQL: SELECT * FROM `cms_member` WHERE ( memberid="17001" ) LIMIT 1   [ RunTime:0.0003s ]
SQL: INSERT INTO `cms_member` (`name`,`memberid`,`parentid`,`parent2id`,`parent3id`) VALUES ('用户1','17001','0',NULL,NULL) [ RunTime:0.0003s ]

[ 2017-07-18T21:57:08+08:00 ] 127.0.0.1 /admin.php?c=member
INFO: [ app_init ] --START--
INFO: Run Behavior\BuildLiteBehavior [ RunTime:0.000034s ]
INFO: [ app_init ] --END-- [ RunTime:0.000637s ]
INFO: [ app_begin ] --START--
INFO: Run Behavior\ReadHtmlCacheBehavior [ RunTime:0.000742s ]
INFO: [ app_begin ] --END-- [ RunTime:0.000911s ]
NOTIC: [8] Undefined index: p F:\web\yyztask\Application\Admin\Controller\MemberController.class.php 第 13 行.
NOTIC: [8] Undefined index: pageSize F:\web\yyztask\Application\Admin\Controller\MemberController.class.php 第 14 行.
SQL: SHOW COLUMNS FROM `cms_member` [ RunTime:0.0008s ]
SQL: SELECT * FROM `cms_member` WHERE `status` <> -1 ORDER BY id LIMIT 0,12   [ RunTime:0.0004s ]
SQL: SELECT COUNT(*) AS tp_count FROM `cms_member` WHERE `status` <> -1 LIMIT 1   [ RunTime:0.0003s ]
INFO: [ view_parse ] --START--
INFO: [ template_filter ] --START--
INFO: Run Behavior\ContentReplaceBehavior [ RunTime:0.000081s ]
INFO: [ template_filter ] --END-- [ RunTime:0.000215s ]
INFO: Run Behavior\ParseTemplateBehavior [ RunTime:0.010243s ]
INFO: [ view_parse ] --END-- [ RunTime:0.010425s ]
INFO: [ view_filter ] --START--
INFO: Run Behavior\WriteHtmlCacheBehavior [ RunTime:0.000470s ]
INFO: [ view_filter ] --END-- [ RunTime:0.000589s ]
INFO: [ app_end ] --START--
INFO: Run Behavior\ShowPageTraceBehavior [ RunTime:0.000651s ]
INFO: [ app_end ] --END-- [ RunTime:0.000778s ]

[ 2017-07-18T21:58:30+08:00 ] 127.0.0.1 /admin.php?c=member
INFO: [ app_init ] --START--
INFO: Run Behavior\BuildLiteBehavior [ RunTime:0.000036s ]
INFO: [ app_init ] --END-- [ RunTime:0.000567s ]
INFO: [ app_begin ] --START--
INFO: Run Behavior\ReadHtmlCacheBehavior [ RunTime:0.000793s ]
INFO: [ app_begin ] --END-- [ RunTime:0.000978s ]
NOTIC: [8] Undefined index: p F:\web\yyztask\Application\Admin\Controller\MemberController.class.php 第 13 行.
NOTIC: [8] Undefined index: pageSize F:\web\yyztask\Application\Admin\Controller\MemberController.class.php 第 14 行.
SQL: SHOW COLUMNS FROM `cms_member` [ RunTime:0.0009s ]
SQL: SELECT * FROM `cms_member` WHERE `status` <> -1 ORDER BY id LIMIT 0,12   [ RunTime:0.0004s ]
SQL: SELECT COUNT(*) AS tp_count FROM `cms_member` WHERE `status` <> -1 LIMIT 1   [ RunTime:0.0003s ]
INFO: [ view_parse ] --START--
INFO: [ template_filter ] --START--
INFO: Run Behavior\ContentReplaceBehavior [ RunTime:0.000092s ]
INFO: [ template_filter ] --END-- [ RunTime:0.000245s ]
INFO: Run Behavior\ParseTemplateBehavior [ RunTime:0.013773s ]
INFO: [ view_parse ] --END-- [ RunTime:0.013934s ]
INFO: [ view_filter ] --START--
INFO: Run Behavior\WriteHtmlCacheBehavior [ RunTime:0.000504s ]
INFO: [ view_filter ] --END-- [ RunTime:0.000633s ]
INFO: [ app_end ] --START--
INFO: Run Behavior\ShowPageTraceBehavior [ RunTime:0.000726s ]
INFO: [ app_end ] --END-- [ RunTime:0.000868s ]

[ 2017-07-18T21:58:31+08:00 ] 127.0.0.1 /admin.php?c=member&a=add
INFO: [ app_init ] --START--
INFO: Run Behavior\BuildLiteBehavior [ RunTime:0.000051s ]
INFO: [ app_init ] --END-- [ RunTime:0.000664s ]
INFO: [ app_begin ] --START--
INFO: Run Behavior\ReadHtmlCacheBehavior [ RunTime:0.000760s ]
INFO: [ app_begin ] --END-- [ RunTime:0.000930s ]
INFO: [ view_parse ] --START--
INFO: [ template_filter ] --START--
INFO: Run Behavior\ContentReplaceBehavior [ RunTime:0.000119s ]
INFO: [ template_filter ] --END-- [ RunTime:0.000303s ]
INFO: Run Behavior\ParseTemplateBehavior [ RunTime:0.011406s ]
INFO: [ view_parse ] --END-- [ RunTime:0.011582s ]
INFO: [ view_filter ] --START--
INFO: Run Behavior\WriteHtmlCacheBehavior [ RunTime:0.000523s ]
INFO: [ view_filter ] --END-- [ RunTime:0.000671s ]
INFO: [ app_end ] --START--
INFO: Run Behavior\ShowPageTraceBehavior [ RunTime:0.000745s ]
INFO: [ app_end ] --END-- [ RunTime:0.000901s ]

[ 2017-07-18T21:59:21+08:00 ] 127.0.0.1 /admin.php?c=member&a=add
INFO: [ app_init ] --START--
INFO: Run Behavior\BuildLiteBehavior [ RunTime:0.000033s ]
INFO: [ app_init ] --END-- [ RunTime:0.000984s ]
INFO: [ app_begin ] --START--
INFO: Run Behavior\ReadHtmlCacheBehavior [ RunTime:0.000544s ]
INFO: [ app_begin ] --END-- [ RunTime:0.000677s ]
SQL: SHOW COLUMNS FROM `cms_member` [ RunTime:0.0011s ]
SQL: SELECT * FROM `cms_member` WHERE ( memberid="17002" ) LIMIT 1   [ RunTime:0.0004s ]
SQL: SELECT * FROM `cms_member` WHERE ( memberid="17001" ) LIMIT 1   [ RunTime:0.0003s ]
SQL: SELECT * FROM `cms_member` WHERE ( memberid="0" ) LIMIT 1   [ RunTime:0.0003s ]
SQL: INSERT INTO `cms_member` (`name`,`memberid`,`parentid`,`parent2id`,`parent3id`) VALUES ('用户2','17002','17001','0',NULL) [ RunTime:0.0003s ]

[ 2017-07-18T21:59:26+08:00 ] 127.0.0.1 /admin.php?c=member&a=add
INFO: [ app_init ] --START--
INFO: Run Behavior\BuildLiteBehavior [ RunTime:0.000035s ]
INFO: [ app_init ] --END-- [ RunTime:0.000575s ]
INFO: [ app_begin ] --START--
INFO: Run Behavior\ReadHtmlCacheBehavior [ RunTime:0.001077s ]
INFO: [ app_begin ] --END-- [ RunTime:0.001333s ]
SQL: SHOW COLUMNS FROM `cms_member` [ RunTime:0.0012s ]
SQL: SELECT * FROM `cms_member` WHERE ( memberid="17002" ) LIMIT 1   [ RunTime:0.0008s ]

[ 2017-07-18T22:00:08+08:00 ] 127.0.0.1 /admin.php?c=member&a=add
INFO: [ app_init ] --START--
INFO: Run Behavior\BuildLiteBehavior [ RunTime:0.000028s ]
INFO: [ app_init ] --END-- [ RunTime:0.000441s ]
INFO: [ app_begin ] --START--
INFO: Run Behavior\ReadHtmlCacheBehavior [ RunTime:0.000534s ]
INFO: [ app_begin ] --END-- [ RunTime:0.000645s ]
SQL: SHOW COLUMNS FROM `cms_member` [ RunTime:0.0045s ]
SQL: SELECT * FROM `cms_member` WHERE ( memberid="17002" ) LIMIT 1   [ RunTime:0.0004s ]

[ 2017-07-18T22:00:22+08:00 ] 127.0.0.1 /admin.php?c=member&a=add
INFO: [ app_init ] --START--
INFO: Run Behavior\BuildLiteBehavior [ RunTime:0.000075s ]
INFO: [ app_init ] --END-- [ RunTime:0.000909s ]
INFO: [ app_begin ] --START--
INFO: Run Behavior\ReadHtmlCacheBehavior [ RunTime:0.001150s ]
INFO: [ app_begin ] --END-- [ RunTime:0.001386s ]
SQL: SHOW COLUMNS FROM `cms_member` [ RunTime:0.0008s ]
SQL: SELECT * FROM `cms_member` WHERE ( memberid="17002" ) LIMIT 1   [ RunTime:0.0004s ]

[ 2017-07-18T22:00:34+08:00 ] 127.0.0.1 /admin.php?c=member&a=add
INFO: [ app_init ] --START--
INFO: Run Behavior\BuildLiteBehavior [ RunTime:0.000061s ]
INFO: [ app_init ] --END-- [ RunTime:0.001111s ]
INFO: [ app_begin ] --START--
INFO: Run Behavior\ReadHtmlCacheBehavior [ RunTime:0.000630s ]
INFO: [ app_begin ] --END-- [ RunTime:0.000808s ]
INFO: [ view_parse ] --START--
INFO: [ template_filter ] --START--
INFO: Run Behavior\ContentReplaceBehavior [ RunTime:0.000110s ]
INFO: [ template_filter ] --END-- [ RunTime:0.000261s ]
INFO: Run Behavior\ParseTemplateBehavior [ RunTime:0.009747s ]
INFO: [ view_parse ] --END-- [ RunTime:0.009943s ]
INFO: [ view_filter ] --START--
INFO: Run Behavior\WriteHtmlCacheBehavior [ RunTime:0.000576s ]
INFO: [ view_filter ] --END-- [ RunTime:0.000752s ]
INFO: [ app_end ] --START--
INFO: Run Behavior\ShowPageTraceBehavior [ RunTime:0.000873s ]
INFO: [ app_end ] --END-- [ RunTime:0.001057s ]

[ 2017-07-18T22:00:49+08:00 ] 127.0.0.1 /admin.php?c=member&a=add
INFO: [ app_init ] --START--
INFO: Run Behavior\BuildLiteBehavior [ RunTime:0.000032s ]
INFO: [ app_init ] --END-- [ RunTime:0.000537s ]
INFO: [ app_begin ] --START--
INFO: Run Behavior\ReadHtmlCacheBehavior [ RunTime:0.000571s ]
INFO: [ app_begin ] --END-- [ RunTime:0.000708s ]
SQL: SHOW COLUMNS FROM `cms_member` [ RunTime:0.0009s ]
SQL: SELECT * FROM `cms_member` WHERE ( memberid="17002" ) LIMIT 1   [ RunTime:0.0003s ]

[ 2017-07-18T22:00:53+08:00 ] 127.0.0.1 /admin.php?c=member&a=add
INFO: [ app_init ] --START--
INFO: Run Behavior\BuildLiteBehavior [ RunTime:0.000057s ]
INFO: [ app_init ] --END-- [ RunTime:0.000853s ]
INFO: [ app_begin ] --START--
INFO: Run Behavior\ReadHtmlCacheBehavior [ RunTime:0.000940s ]
INFO: [ app_begin ] --END-- [ RunTime:0.001125s ]
SQL: SHOW COLUMNS FROM `cms_member` [ RunTime:0.0008s ]
SQL: SELECT * FROM `cms_member` WHERE ( memberid="17002" ) LIMIT 1   [ RunTime:0.0003s ]

[ 2017-07-18T22:01:10+08:00 ] 127.0.0.1 /admin.php?c=member&a=add
INFO: [ app_init ] --START--
INFO: Run Behavior\BuildLiteBehavior [ RunTime:0.000029s ]
INFO: [ app_init ] --END-- [ RunTime:0.000481s ]
INFO: [ app_begin ] --START--
INFO: Run Behavior\ReadHtmlCacheBehavior [ RunTime:0.000574s ]
INFO: [ app_begin ] --END-- [ RunTime:0.000697s ]
SQL: SHOW COLUMNS FROM `cms_member` [ RunTime:0.0011s ]
SQL: SELECT * FROM `cms_member` WHERE ( memberid="17002" ) LIMIT 1   [ RunTime:0.0004s ]

[ 2017-07-18T22:01:46+08:00 ] 127.0.0.1 /admin.php?c=member&a=add
INFO: [ app_init ] --START--
INFO: Run Behavior\BuildLiteBehavior [ RunTime:0.000040s ]
INFO: [ app_init ] --END-- [ RunTime:0.000528s ]
INFO: [ app_begin ] --START--
INFO: Run Behavior\ReadHtmlCacheBehavior [ RunTime:0.001036s ]
INFO: [ app_begin ] --END-- [ RunTime:0.001238s ]
SQL: SHOW COLUMNS FROM `cms_member` [ RunTime:0.0013s ]
SQL: SELECT * FROM `cms_member` WHERE ( memberid="17002" ) LIMIT 1   [ RunTime:0.0006s ]

[ 2017-07-18T22:03:58+08:00 ] 127.0.0.1 /admin.php?c=member&a=add
INFO: [ app_init ] --START--
INFO: Run Behavior\BuildLiteBehavior [ RunTime:0.000053s ]
INFO: [ app_init ] --END-- [ RunTime:0.000995s ]
INFO: [ app_begin ] --START--
INFO: Run Behavior\ReadHtmlCacheBehavior [ RunTime:0.001544s ]
INFO: [ app_begin ] --END-- [ RunTime:0.001992s ]
INFO: [ view_parse ] --START--
INFO: [ template_filter ] --START--
INFO: Run Behavior\ContentReplaceBehavior [ RunTime:0.000184s ]
INFO: [ template_filter ] --END-- [ RunTime:0.000464s ]
INFO: Run Behavior\ParseTemplateBehavior [ RunTime:0.014779s ]
INFO: [ view_parse ] --END-- [ RunTime:0.015033s ]
INFO: [ view_filter ] --START--
INFO: Run Behavior\WriteHtmlCacheBehavior [ RunTime:0.000520s ]
INFO: [ view_filter ] --END-- [ RunTime:0.000677s ]
INFO: [ app_end ] --START--
INFO: Run Behavior\ShowPageTraceBehavior [ RunTime:0.001021s ]
INFO: [ app_end ] --END-- [ RunTime:0.001357s ]

[ 2017-07-18T22:04:05+08:00 ] 127.0.0.1 /admin.php?c=member&a=add
INFO: [ app_init ] --START--
INFO: Run Behavior\BuildLiteBehavior [ RunTime:0.000059s ]
INFO: [ app_init ] --END-- [ RunTime:0.001074s ]
INFO: [ app_begin ] --START--
INFO: Run Behavior\ReadHtmlCacheBehavior [ RunTime:0.001013s ]
INFO: [ app_begin ] --END-- [ RunTime:0.001293s ]
SQL: SHOW COLUMNS FROM `cms_member` [ RunTime:0.0010s ]
SQL: SELECT * FROM `cms_member` WHERE ( memberid="214321" ) LIMIT 1   [ RunTime:0.0003s ]
SQL: INSERT INTO `cms_member` (`name`,`memberid`,`parentid`,`parent2id`,`parent3id`) VALUES ('范德萨','214321','0',NULL,NULL) [ RunTime:0.0003s ]

[ 2017-07-18T22:04:08+08:00 ] 127.0.0.1 /admin.php?c=member
INFO: [ app_init ] --START--
INFO: Run Behavior\BuildLiteBehavior [ RunTime:0.000030s ]
INFO: [ app_init ] --END-- [ RunTime:0.000502s ]
INFO: [ app_begin ] --START--
INFO: Run Behavior\ReadHtmlCacheBehavior [ RunTime:0.000566s ]
INFO: [ app_begin ] --END-- [ RunTime:0.000784s ]
NOTIC: [8] Undefined index: p F:\web\yyztask\Application\Admin\Controller\MemberController.class.php 第 13 行.
NOTIC: [8] Undefined index: pageSize F:\web\yyztask\Application\Admin\Controller\MemberController.class.php 第 14 行.
SQL: SHOW COLUMNS FROM `cms_member` [ RunTime:0.0013s ]
SQL: SELECT * FROM `cms_member` WHERE `status` <> -1 ORDER BY id LIMIT 0,12   [ RunTime:0.0006s ]
SQL: SELECT COUNT(*) AS tp_count FROM `cms_member` WHERE `status` <> -1 LIMIT 1   [ RunTime:0.0006s ]
INFO: [ view_parse ] --START--
INFO: [ template_filter ] --START--
INFO: Run Behavior\ContentReplaceBehavior [ RunTime:0.000084s ]
INFO: [ template_filter ] --END-- [ RunTime:0.000211s ]
INFO: Run Behavior\ParseTemplateBehavior [ RunTime:0.011941s ]
INFO: [ view_parse ] --END-- [ RunTime:0.012160s ]
INFO: [ view_filter ] --START--
INFO: Run Behavior\WriteHtmlCacheBehavior [ RunTime:0.000566s ]
INFO: [ view_filter ] --END-- [ RunTime:0.000751s ]
INFO: [ app_end ] --START--
INFO: Run Behavior\ShowPageTraceBehavior [ RunTime:0.000978s ]
INFO: [ app_end ] --END-- [ RunTime:0.001157s ]

[ 2017-07-18T22:05:56+08:00 ] 127.0.0.1 /admin.php?c=member&a=add
INFO: [ app_init ] --START--
INFO: Run Behavior\BuildLiteBehavior [ RunTime:0.000060s ]
INFO: [ app_init ] --END-- [ RunTime:0.001232s ]
INFO: [ app_begin ] --START--
INFO: Run Behavior\ReadHtmlCacheBehavior [ RunTime:0.000948s ]
INFO: [ app_begin ] --END-- [ RunTime:0.001138s ]
INFO: [ view_parse ] --START--
INFO: [ template_filter ] --START--
INFO: Run Behavior\ContentReplaceBehavior [ RunTime:0.000107s ]
INFO: [ template_filter ] --END-- [ RunTime:0.000254s ]
INFO: Run Behavior\ParseTemplateBehavior [ RunTime:0.013553s ]
INFO: [ view_parse ] --END-- [ RunTime:0.013848s ]
INFO: [ view_filter ] --START--
INFO: Run Behavior\WriteHtmlCacheBehavior [ RunTime:0.000548s ]
INFO: [ view_filter ] --END-- [ RunTime:0.000688s ]
INFO: [ app_end ] --START--
INFO: Run Behavior\ShowPageTraceBehavior [ RunTime:0.000629s ]
INFO: [ app_end ] --END-- [ RunTime:0.000742s ]

[ 2017-07-18T22:06:09+08:00 ] 127.0.0.1 /admin.php?c=member&a=add
INFO: [ app_init ] --START--
INFO: Run Behavior\BuildLiteBehavior [ RunTime:0.000054s ]
INFO: [ app_init ] --END-- [ RunTime:0.001009s ]
INFO: [ app_begin ] --START--
INFO: Run Behavior\ReadHtmlCacheBehavior [ RunTime:0.001674s ]
INFO: [ app_begin ] --END-- [ RunTime:0.002269s ]
INFO: [ view_parse ] --START--
INFO: [ template_filter ] --START--
INFO: Run Behavior\ContentReplaceBehavior [ RunTime:0.000113s ]
INFO: [ template_filter ] --END-- [ RunTime:0.000265s ]
INFO: Run Behavior\ParseTemplateBehavior [ RunTime:0.012838s ]
INFO: [ view_parse ] --END-- [ RunTime:0.013061s ]
INFO: [ view_filter ] --START--
INFO: Run Behavior\WriteHtmlCacheBehavior [ RunTime:0.000462s ]
INFO: [ view_filter ] --END-- [ RunTime:0.000573s ]
INFO: [ app_end ] --START--
INFO: Run Behavior\ShowPageTraceBehavior [ RunTime:0.000625s ]
INFO: [ app_end ] --END-- [ RunTime:0.000739s ]

[ 2017-07-18T22:06:15+08:00 ] 127.0.0.1 /admin.php?c=member&a=add
INFO: [ app_init ] --START--
INFO: Run Behavior\BuildLiteBehavior [ RunTime:0.000055s ]
INFO: [ app_init ] --END-- [ RunTime:0.001006s ]
INFO: [ app_begin ] --START--
INFO: Run Behavior\ReadHtmlCacheBehavior [ RunTime:0.001293s ]
INFO: [ app_begin ] --END-- [ RunTime:0.001557s ]
SQL: SHOW COLUMNS FROM `cms_member` [ RunTime:0.0044s ]
SQL: SELECT * FROM `cms_member` WHERE ( memberid="3232432" ) LIMIT 1   [ RunTime:0.0004s ]
SQL: INSERT INTO `cms_member` (`name`,`memberid`,`parentid`,`parent2id`,`parent3id`) VALUES ('范德萨','3232432','0',NULL,NULL) [ RunTime:0.0005s ]

[ 2017-07-18T22:06:30+08:00 ] 127.0.0.1 /admin.php?c=member
INFO: [ app_init ] --START--
INFO: Run Behavior\BuildLiteBehavior [ RunTime:0.000067s ]
INFO: [ app_init ] --END-- [ RunTime:0.000955s ]
INFO: [ app_begin ] --START--
INFO: Run Behavior\ReadHtmlCacheBehavior [ RunTime:0.000722s ]
INFO: [ app_begin ] --END-- [ RunTime:0.000898s ]
NOTIC: [8] Undefined index: p F:\web\yyztask\Application\Admin\Controller\MemberController.class.php 第 13 行.
NOTIC: [8] Undefined index: pageSize F:\web\yyztask\Application\Admin\Controller\MemberController.class.php 第 14 行.
SQL: SHOW COLUMNS FROM `cms_member` [ RunTime:0.0056s ]
SQL: SELECT * FROM `cms_member` WHERE `status` <> -1 ORDER BY id LIMIT 0,12   [ RunTime:0.0004s ]
SQL: SELECT COUNT(*) AS tp_count FROM `cms_member` WHERE `status` <> -1 LIMIT 1   [ RunTime:0.0004s ]
INFO: [ view_parse ] --START--
INFO: [ template_filter ] --START--
INFO: Run Behavior\ContentReplaceBehavior [ RunTime:0.000086s ]
INFO: [ template_filter ] --END-- [ RunTime:0.000220s ]
INFO: Run Behavior\ParseTemplateBehavior [ RunTime:0.038845s ]
INFO: [ view_parse ] --END-- [ RunTime:0.038988s ]
INFO: [ view_filter ] --START--
INFO: Run Behavior\WriteHtmlCacheBehavior [ RunTime:0.000490s ]
INFO: [ view_filter ] --END-- [ RunTime:0.000602s ]
INFO: [ app_end ] --START--
INFO: Run Behavior\ShowPageTraceBehavior [ RunTime:0.000748s ]
INFO: [ app_end ] --END-- [ RunTime:0.000885s ]

[ 2017-07-18T22:07:42+08:00 ] 127.0.0.1 /admin.php?c=member
INFO: [ app_init ] --START--
INFO: Run Behavior\BuildLiteBehavior [ RunTime:0.000059s ]
INFO: [ app_init ] --END-- [ RunTime:0.000965s ]
INFO: [ app_begin ] --START--
INFO: Run Behavior\ReadHtmlCacheBehavior [ RunTime:0.000692s ]
INFO: [ app_begin ] --END-- [ RunTime:0.000852s ]
NOTIC: [8] Undefined index: p F:\web\yyztask\Application\Admin\Controller\MemberController.class.php 第 13 行.
NOTIC: [8] Undefined index: pageSize F:\web\yyztask\Application\Admin\Controller\MemberController.class.php 第 14 行.
SQL: SHOW COLUMNS FROM `cms_member` [ RunTime:0.0012s ]
SQL: SELECT * FROM `cms_member` WHERE `status` <> -1 ORDER BY id LIMIT 0,12   [ RunTime:0.0009s ]
SQL: SELECT COUNT(*) AS tp_count FROM `cms_member` WHERE `status` <> -1 LIMIT 1   [ RunTime:0.0006s ]
INFO: [ view_parse ] --START--
INFO: [ template_filter ] --START--
INFO: Run Behavior\ContentReplaceBehavior [ RunTime:0.000150s ]
INFO: [ template_filter ] --END-- [ RunTime:0.000416s ]
INFO: Run Behavior\ParseTemplateBehavior [ RunTime:0.017579s ]
INFO: [ view_parse ] --END-- [ RunTime:0.018449s ]
INFO: [ view_filter ] --START--
INFO: Run Behavior\WriteHtmlCacheBehavior [ RunTime:0.000438s ]
INFO: [ view_filter ] --END-- [ RunTime:0.000575s ]
INFO: [ app_end ] --START--
INFO: Run Behavior\ShowPageTraceBehavior [ RunTime:0.000567s ]
INFO: [ app_end ] --END-- [ RunTime:0.000706s ]

[ 2017-07-18T22:07:43+08:00 ] 127.0.0.1 /admin.php?c=member&a=add
INFO: [ app_init ] --START--
INFO: Run Behavior\BuildLiteBehavior [ RunTime:0.000071s ]
INFO: [ app_init ] --END-- [ RunTime:0.001109s ]
INFO: [ app_begin ] --START--
INFO: Run Behavior\ReadHtmlCacheBehavior [ RunTime:0.001107s ]
INFO: [ app_begin ] --END-- [ RunTime:0.001379s ]
INFO: [ view_parse ] --START--
INFO: [ template_filter ] --START--
INFO: Run Behavior\ContentReplaceBehavior [ RunTime:0.000218s ]
INFO: [ template_filter ] --END-- [ RunTime:0.000437s ]
INFO: Run Behavior\ParseTemplateBehavior [ RunTime:0.011145s ]
INFO: [ view_parse ] --END-- [ RunTime:0.011342s ]
INFO: [ view_filter ] --START--
INFO: Run Behavior\WriteHtmlCacheBehavior [ RunTime:0.000569s ]
INFO: [ view_filter ] --END-- [ RunTime:0.000771s ]
INFO: [ app_end ] --START--
INFO: Run Behavior\ShowPageTraceBehavior [ RunTime:0.000727s ]
INFO: [ app_end ] --END-- [ RunTime:0.000903s ]

[ 2017-07-18T22:07:52+08:00 ] 127.0.0.1 /admin.php?c=member&a=add
INFO: [ app_init ] --START--
INFO: Run Behavior\BuildLiteBehavior [ RunTime:0.000065s ]
INFO: [ app_init ] --END-- [ RunTime:0.001026s ]
INFO: [ app_begin ] --START--
INFO: Run Behavior\ReadHtmlCacheBehavior [ RunTime:0.000650s ]
INFO: [ app_begin ] --END-- [ RunTime:0.000790s ]

[ 2017-07-18T22:08:12+08:00 ] 127.0.0.1 /admin.php?c=member&a=add
INFO: [ app_init ] --START--
INFO: Run Behavior\BuildLiteBehavior [ RunTime:0.000050s ]
INFO: [ app_init ] --END-- [ RunTime:0.000853s ]
INFO: [ app_begin ] --START--
INFO: Run Behavior\ReadHtmlCacheBehavior [ RunTime:0.001043s ]
INFO: [ app_begin ] --END-- [ RunTime:0.001297s ]
INFO: [ view_parse ] --START--
INFO: [ template_filter ] --START--
INFO: Run Behavior\ContentReplaceBehavior [ RunTime:0.000193s ]
INFO: [ template_filter ] --END-- [ RunTime:0.000468s ]
INFO: Run Behavior\ParseTemplateBehavior [ RunTime:0.013001s ]
INFO: [ view_parse ] --END-- [ RunTime:0.013211s ]
INFO: [ view_filter ] --START--
INFO: Run Behavior\WriteHtmlCacheBehavior [ RunTime:0.000806s ]
INFO: [ view_filter ] --END-- [ RunTime:0.001046s ]
INFO: [ app_end ] --START--
INFO: Run Behavior\ShowPageTraceBehavior [ RunTime:0.001138s ]
INFO: [ app_end ] --END-- [ RunTime:0.001387s ]

[ 2017-07-18T22:08:16+08:00 ] 127.0.0.1 /admin.php?c=member&a=add
INFO: [ app_init ] --START--
INFO: Run Behavior\BuildLiteBehavior [ RunTime:0.000176s ]
INFO: [ app_init ] --END-- [ RunTime:0.001128s ]
INFO: [ app_begin ] --START--
INFO: Run Behavior\ReadHtmlCacheBehavior [ RunTime:0.000565s ]
INFO: [ app_begin ] --END-- [ RunTime:0.000677s ]

[ 2017-07-18T22:08:37+08:00 ] 127.0.0.1 /admin.php?c=member&a=add
INFO: [ app_init ] --START--
INFO: Run Behavior\BuildLiteBehavior [ RunTime:0.000046s ]
INFO: [ app_init ] --END-- [ RunTime:0.000718s ]
INFO: [ app_begin ] --START--
INFO: Run Behavior\ReadHtmlCacheBehavior [ RunTime:0.000581s ]
INFO: [ app_begin ] --END-- [ RunTime:0.000714s ]

[ 2017-07-18T22:08:41+08:00 ] 127.0.0.1 /admin.php?c=member&a=add
INFO: [ app_init ] --START--
INFO: Run Behavior\BuildLiteBehavior [ RunTime:0.000057s ]
INFO: [ app_init ] --END-- [ RunTime:0.000948s ]
INFO: [ app_begin ] --START--
INFO: Run Behavior\ReadHtmlCacheBehavior [ RunTime:0.001163s ]
INFO: [ app_begin ] --END-- [ RunTime:0.001433s ]
INFO: [ view_parse ] --START--
INFO: [ template_filter ] --START--
INFO: Run Behavior\ContentReplaceBehavior [ RunTime:0.000333s ]
INFO: [ template_filter ] --END-- [ RunTime:0.000744s ]
INFO: Run Behavior\ParseTemplateBehavior [ RunTime:0.011806s ]
INFO: [ view_parse ] --END-- [ RunTime:0.012003s ]
INFO: [ view_filter ] --START--
INFO: Run Behavior\WriteHtmlCacheBehavior [ RunTime:0.000417s ]
INFO: [ view_filter ] --END-- [ RunTime:0.000551s ]
INFO: [ app_end ] --START--
INFO: Run Behavior\ShowPageTraceBehavior [ RunTime:0.000565s ]
INFO: [ app_end ] --END-- [ RunTime:0.000681s ]

[ 2017-07-18T22:08:46+08:00 ] 127.0.0.1 /admin.php?c=member&a=add
INFO: [ app_init ] --START--
INFO: Run Behavior\BuildLiteBehavior [ RunTime:0.000026s ]
INFO: [ app_init ] --END-- [ RunTime:0.000431s ]
INFO: [ app_begin ] --START--
INFO: Run Behavior\ReadHtmlCacheBehavior [ RunTime:0.000488s ]
INFO: [ app_begin ] --END-- [ RunTime:0.000591s ]

[ 2017-07-18T22:08:59+08:00 ] 127.0.0.1 /admin.php?c=member&a=add
INFO: [ app_init ] --START--
INFO: Run Behavior\BuildLiteBehavior [ RunTime:0.000030s ]
INFO: [ app_init ] --END-- [ RunTime:0.000527s ]
INFO: [ app_begin ] --START--
INFO: Run Behavior\ReadHtmlCacheBehavior [ RunTime:0.000814s ]
INFO: [ app_begin ] --END-- [ RunTime:0.001107s ]

[ 2017-07-18T22:12:30+08:00 ] 127.0.0.1 /admin.php?c=member&a=add
INFO: [ app_init ] --START--
INFO: Run Behavior\BuildLiteBehavior [ RunTime:0.000043s ]
INFO: [ app_init ] --END-- [ RunTime:0.000681s ]
INFO: [ app_begin ] --START--
INFO: Run Behavior\ReadHtmlCacheBehavior [ RunTime:0.001288s ]
INFO: [ app_begin ] --END-- [ RunTime:0.001580s ]
SQL: SHOW COLUMNS FROM `cms_member` [ RunTime:0.0012s ]
SQL: SELECT * FROM `cms_member` WHERE ( memberid="3143243" ) LIMIT 1   [ RunTime:0.0007s ]
SQL: INSERT INTO `cms_member` (`name`,`memberid`,`parentid`,`parent2id`,`parent3id`) VALUES ('分段施工的','3143243','0',NULL,NULL) [ RunTime:0.0009s ]

[ 2017-07-18T22:12:34+08:00 ] 127.0.0.1 /admin.php?c=member
INFO: [ app_init ] --START--
INFO: Run Behavior\BuildLiteBehavior [ RunTime:0.000032s ]
INFO: [ app_init ] --END-- [ RunTime:0.000524s ]
INFO: [ app_begin ] --START--
INFO: Run Behavior\ReadHtmlCacheBehavior [ RunTime:0.000901s ]
INFO: [ app_begin ] --END-- [ RunTime:0.001059s ]
NOTIC: [8] Undefined index: p F:\web\yyztask\Application\Admin\Controller\MemberController.class.php 第 13 行.
NOTIC: [8] Undefined index: pageSize F:\web\yyztask\Application\Admin\Controller\MemberController.class.php 第 14 行.
SQL: SHOW COLUMNS FROM `cms_member` [ RunTime:0.0007s ]
SQL: SELECT * FROM `cms_member` WHERE `status` <> -1 ORDER BY id LIMIT 0,12   [ RunTime:0.0006s ]
SQL: SELECT COUNT(*) AS tp_count FROM `cms_member` WHERE `status` <> -1 LIMIT 1   [ RunTime:0.0003s ]
INFO: [ view_parse ] --START--
INFO: [ template_filter ] --START--
INFO: Run Behavior\ContentReplaceBehavior [ RunTime:0.000086s ]
INFO: [ template_filter ] --END-- [ RunTime:0.000215s ]
INFO: Run Behavior\ParseTemplateBehavior [ RunTime:0.011251s ]
INFO: [ view_parse ] --END-- [ RunTime:0.011393s ]
INFO: [ view_filter ] --START--
INFO: Run Behavior\WriteHtmlCacheBehavior [ RunTime:0.000489s ]
INFO: [ view_filter ] --END-- [ RunTime:0.000603s ]
INFO: [ app_end ] --START--
INFO: Run Behavior\ShowPageTraceBehavior [ RunTime:0.000629s ]
INFO: [ app_end ] --END-- [ RunTime:0.000777s ]

[ 2017-07-18T22:14:33+08:00 ] 127.0.0.1 /admin.php?c=member
INFO: [ app_init ] --START--
INFO: Run Behavior\BuildLiteBehavior [ RunTime:0.000067s ]
INFO: [ app_init ] --END-- [ RunTime:0.000863s ]
INFO: [ app_begin ] --START--
INFO: Run Behavior\ReadHtmlCacheBehavior [ RunTime:0.001291s ]
INFO: [ app_begin ] --END-- [ RunTime:0.001602s ]
NOTIC: [8] Undefined index: p F:\web\yyztask\Application\Admin\Controller\MemberController.class.php 第 13 行.
NOTIC: [8] Undefined index: pageSize F:\web\yyztask\Application\Admin\Controller\MemberController.class.php 第 14 行.
SQL: SHOW COLUMNS FROM `cms_member` [ RunTime:0.0010s ]
SQL: SELECT * FROM `cms_member` WHERE `status` <> -1 ORDER BY id LIMIT 0,12   [ RunTime:0.0004s ]
SQL: SELECT COUNT(*) AS tp_count FROM `cms_member` WHERE `status` <> -1 LIMIT 1   [ RunTime:0.0007s ]
INFO: [ view_parse ] --START--
INFO: [ template_filter ] --START--
INFO: Run Behavior\ContentReplaceBehavior [ RunTime:0.000082s ]
INFO: [ template_filter ] --END-- [ RunTime:0.000205s ]
INFO: Run Behavior\ParseTemplateBehavior [ RunTime:0.009803s ]
INFO: [ view_parse ] --END-- [ RunTime:0.009970s ]
INFO: [ view_filter ] --START--
INFO: Run Behavior\WriteHtmlCacheBehavior [ RunTime:0.000534s ]
INFO: [ view_filter ] --END-- [ RunTime:0.000679s ]
INFO: [ app_end ] --START--
INFO: Run Behavior\ShowPageTraceBehavior [ RunTime:0.000622s ]
INFO: [ app_end ] --END-- [ RunTime:0.000799s ]

[ 2017-07-18T22:14:34+08:00 ] 127.0.0.1 /admin.php?c=member&a=add
INFO: [ app_init ] --START--
INFO: Run Behavior\BuildLiteBehavior [ RunTime:0.000062s ]
INFO: [ app_init ] --END-- [ RunTime:0.000977s ]
INFO: [ app_begin ] --START--
INFO: Run Behavior\ReadHtmlCacheBehavior [ RunTime:0.001250s ]
INFO: [ app_begin ] --END-- [ RunTime:0.001540s ]
INFO: [ view_parse ] --START--
INFO: [ template_filter ] --START--
INFO: Run Behavior\ContentReplaceBehavior [ RunTime:0.000190s ]
INFO: [ template_filter ] --END-- [ RunTime:0.000460s ]
INFO: Run Behavior\ParseTemplateBehavior [ RunTime:0.017526s ]
INFO: [ view_parse ] --END-- [ RunTime:0.017745s ]
INFO: [ view_filter ] --START--
INFO: Run Behavior\WriteHtmlCacheBehavior [ RunTime:0.000728s ]
INFO: [ view_filter ] --END-- [ RunTime:0.000950s ]
INFO: [ app_end ] --START--
INFO: Run Behavior\ShowPageTraceBehavior [ RunTime:0.003332s ]
INFO: [ app_end ] --END-- [ RunTime:0.003793s ]

[ 2017-07-18T22:14:41+08:00 ] 127.0.0.1 /admin.php?c=member&a=add
INFO: [ app_init ] --START--
INFO: Run Behavior\BuildLiteBehavior [ RunTime:0.000060s ]
INFO: [ app_init ] --END-- [ RunTime:0.001127s ]
INFO: [ app_begin ] --START--
INFO: Run Behavior\ReadHtmlCacheBehavior [ RunTime:0.002515s ]
INFO: [ app_begin ] --END-- [ RunTime:0.003109s ]
SQL: SHOW COLUMNS FROM `cms_member` [ RunTime:0.0008s ]
SQL: SELECT * FROM `cms_member` WHERE ( memberid="3243435" ) LIMIT 1   [ RunTime:0.0003s ]
SQL: INSERT INTO `cms_member` (`name`,`memberid`,`parentid`,`parent2id`,`parent3id`) VALUES ('房贷首付','3243435',NULL,NULL,NULL) [ RunTime:0.0003s ]

[ 2017-07-18T22:14:42+08:00 ] 127.0.0.1 /admin.php?c=member
INFO: [ app_init ] --START--
INFO: Run Behavior\BuildLiteBehavior [ RunTime:0.000061s ]
INFO: [ app_init ] --END-- [ RunTime:0.001045s ]
INFO: [ app_begin ] --START--
INFO: Run Behavior\ReadHtmlCacheBehavior [ RunTime:0.001345s ]
INFO: [ app_begin ] --END-- [ RunTime:0.001646s ]
NOTIC: [8] Undefined index: p F:\web\yyztask\Application\Admin\Controller\MemberController.class.php 第 13 行.
NOTIC: [8] Undefined index: pageSize F:\web\yyztask\Application\Admin\Controller\MemberController.class.php 第 14 行.
SQL: SHOW COLUMNS FROM `cms_member` [ RunTime:0.0009s ]
SQL: SELECT * FROM `cms_member` WHERE `status` <> -1 ORDER BY id LIMIT 0,12   [ RunTime:0.0005s ]
SQL: SELECT COUNT(*) AS tp_count FROM `cms_member` WHERE `status` <> -1 LIMIT 1   [ RunTime:0.0004s ]
INFO: [ view_parse ] --START--
INFO: [ template_filter ] --START--
INFO: Run Behavior\ContentReplaceBehavior [ RunTime:0.000103s ]
INFO: [ template_filter ] --END-- [ RunTime:0.000265s ]
INFO: Run Behavior\ParseTemplateBehavior [ RunTime:0.012313s ]
INFO: [ view_parse ] --END-- [ RunTime:0.012507s ]
INFO: [ view_filter ] --START--
INFO: Run Behavior\WriteHtmlCacheBehavior [ RunTime:0.000922s ]
INFO: [ view_filter ] --END-- [ RunTime:0.001155s ]
INFO: [ app_end ] --START--
INFO: Run Behavior\ShowPageTraceBehavior [ RunTime:0.001220s ]
INFO: [ app_end ] --END-- [ RunTime:0.001470s ]

[ 2017-07-18T22:15:15+08:00 ] 127.0.0.1 /admin.php?c=member
INFO: [ app_init ] --START--
INFO: Run Behavior\BuildLiteBehavior [ RunTime:0.000032s ]
INFO: [ app_init ] --END-- [ RunTime:0.000522s ]
INFO: [ app_begin ] --START--
INFO: Run Behavior\ReadHtmlCacheBehavior [ RunTime:0.000776s ]
INFO: [ app_begin ] --END-- [ RunTime:0.001025s ]
NOTIC: [8] Undefined index: p F:\web\yyztask\Application\Admin\Controller\MemberController.class.php 第 13 行.
NOTIC: [8] Undefined index: pageSize F:\web\yyztask\Application\Admin\Controller\MemberController.class.php 第 14 行.
SQL: SHOW COLUMNS FROM `cms_member` [ RunTime:0.0008s ]
SQL: SELECT * FROM `cms_member` WHERE `status` <> -1 ORDER BY id LIMIT 0,12   [ RunTime:0.0003s ]
SQL: SELECT COUNT(*) AS tp_count FROM `cms_member` WHERE `status` <> -1 LIMIT 1   [ RunTime:0.0002s ]
INFO: [ view_parse ] --START--
INFO: [ template_filter ] --START--
INFO: Run Behavior\ContentReplaceBehavior [ RunTime:0.000222s ]
INFO: [ template_filter ] --END-- [ RunTime:0.000511s ]
INFO: Run Behavior\ParseTemplateBehavior [ RunTime:0.011273s ]
INFO: [ view_parse ] --END-- [ RunTime:0.011420s ]
INFO: [ view_filter ] --START--
INFO: Run Behavior\WriteHtmlCacheBehavior [ RunTime:0.000453s ]
INFO: [ view_filter ] --END-- [ RunTime:0.000571s ]
INFO: [ app_end ] --START--
INFO: Run Behavior\ShowPageTraceBehavior [ RunTime:0.000625s ]
INFO: [ app_end ] --END-- [ RunTime:0.000744s ]

[ 2017-07-18T22:15:17+08:00 ] 127.0.0.1 /admin.php?c=member&a=add
INFO: [ app_init ] --START--
INFO: Run Behavior\BuildLiteBehavior [ RunTime:0.000032s ]
INFO: [ app_init ] --END-- [ RunTime:0.000518s ]
INFO: [ app_begin ] --START--
INFO: Run Behavior\ReadHtmlCacheBehavior [ RunTime:0.000686s ]
INFO: [ app_begin ] --END-- [ RunTime:0.000837s ]
INFO: [ view_parse ] --START--
INFO: [ template_filter ] --START--
INFO: Run Behavior\ContentReplaceBehavior [ RunTime:0.000128s ]
INFO: [ template_filter ] --END-- [ RunTime:0.000293s ]
INFO: Run Behavior\ParseTemplateBehavior [ RunTime:0.011853s ]
INFO: [ view_parse ] --END-- [ RunTime:0.012062s ]
INFO: [ view_filter ] --START--
INFO: Run Behavior\WriteHtmlCacheBehavior [ RunTime:0.001175s ]
INFO: [ view_filter ] --END-- [ RunTime:0.001479s ]
INFO: [ app_end ] --START--
INFO: Run Behavior\ShowPageTraceBehavior [ RunTime:0.001135s ]
INFO: [ app_end ] --END-- [ RunTime:0.001452s ]

[ 2017-07-18T22:15:41+08:00 ] 127.0.0.1 /admin.php?c=member&a=add
INFO: [ app_init ] --START--
INFO: Run Behavior\BuildLiteBehavior [ RunTime:0.000031s ]
INFO: [ app_init ] --END-- [ RunTime:0.000545s ]
INFO: [ app_begin ] --START--
INFO: Run Behavior\ReadHtmlCacheBehavior [ RunTime:0.000718s ]
INFO: [ app_begin ] --END-- [ RunTime:0.000853s ]
SQL: SHOW COLUMNS FROM `cms_member` [ RunTime:0.0007s ]
SQL: SELECT * FROM `cms_member` WHERE ( memberid="170001" ) LIMIT 1   [ RunTime:0.0003s ]
SQL: INSERT INTO `cms_member` (`name`,`memberid`,`parentid`,`parent2id`,`parent3id`) VALUES ('用户1','170001',NULL,NULL,NULL) [ RunTime:0.0003s ]

[ 2017-07-18T22:15:43+08:00 ] 127.0.0.1 /admin.php?c=member
INFO: [ app_init ] --START--
INFO: Run Behavior\BuildLiteBehavior [ RunTime:0.000031s ]
INFO: [ app_init ] --END-- [ RunTime:0.000545s ]
INFO: [ app_begin ] --START--
INFO: Run Behavior\ReadHtmlCacheBehavior [ RunTime:0.000757s ]
INFO: [ app_begin ] --END-- [ RunTime:0.000910s ]
NOTIC: [8] Undefined index: p F:\web\yyztask\Application\Admin\Controller\MemberController.class.php 第 13 行.
NOTIC: [8] Undefined index: pageSize F:\web\yyztask\Application\Admin\Controller\MemberController.class.php 第 14 行.
SQL: SHOW COLUMNS FROM `cms_member` [ RunTime:0.0008s ]
SQL: SELECT * FROM `cms_member` WHERE `status` <> -1 ORDER BY id LIMIT 0,12   [ RunTime:0.0004s ]
SQL: SELECT COUNT(*) AS tp_count FROM `cms_member` WHERE `status` <> -1 LIMIT 1   [ RunTime:0.0003s ]
INFO: [ view_parse ] --START--
INFO: [ template_filter ] --START--
INFO: Run Behavior\ContentReplaceBehavior [ RunTime:0.000105s ]
INFO: [ template_filter ] --END-- [ RunTime:0.000265s ]
INFO: Run Behavior\ParseTemplateBehavior [ RunTime:0.010947s ]
INFO: [ view_parse ] --END-- [ RunTime:0.011109s ]
INFO: [ view_filter ] --START--
INFO: Run Behavior\WriteHtmlCacheBehavior [ RunTime:0.000483s ]
INFO: [ view_filter ] --END-- [ RunTime:0.000602s ]
INFO: [ app_end ] --START--
INFO: Run Behavior\ShowPageTraceBehavior [ RunTime:0.000644s ]
INFO: [ app_end ] --END-- [ RunTime:0.000762s ]

[ 2017-07-18T22:15:56+08:00 ] 127.0.0.1 /admin.php?c=member&a=add
INFO: [ app_init ] --START--
INFO: Run Behavior\BuildLiteBehavior [ RunTime:0.000036s ]
INFO: [ app_init ] --END-- [ RunTime:0.000761s ]
INFO: [ app_begin ] --START--
INFO: Run Behavior\ReadHtmlCacheBehavior [ RunTime:0.001226s ]
INFO: [ app_begin ] --END-- [ RunTime:0.001442s ]
INFO: [ view_parse ] --START--
INFO: [ template_filter ] --START--
INFO: Run Behavior\ContentReplaceBehavior [ RunTime:0.000107s ]
INFO: [ template_filter ] --END-- [ RunTime:0.000275s ]
INFO: Run Behavior\ParseTemplateBehavior [ RunTime:0.009116s ]
INFO: [ view_parse ] --END-- [ RunTime:0.009319s ]
INFO: [ view_filter ] --START--
INFO: Run Behavior\WriteHtmlCacheBehavior [ RunTime:0.000708s ]
INFO: [ view_filter ] --END-- [ RunTime:0.000832s ]
INFO: [ app_end ] --START--
INFO: Run Behavior\ShowPageTraceBehavior [ RunTime:0.000746s ]
INFO: [ app_end ] --END-- [ RunTime:0.000878s ]

[ 2017-07-18T22:16:08+08:00 ] 127.0.0.1 /admin.php?c=member&a=add
INFO: [ app_init ] --START--
INFO: Run Behavior\BuildLiteBehavior [ RunTime:0.000031s ]
INFO: [ app_init ] --END-- [ RunTime:0.000513s ]
INFO: [ app_begin ] --START--
INFO: Run Behavior\ReadHtmlCacheBehavior [ RunTime:0.000654s ]
INFO: [ app_begin ] --END-- [ RunTime:0.000780s ]
SQL: SHOW COLUMNS FROM `cms_member` [ RunTime:0.0008s ]
SQL: SELECT * FROM `cms_member` WHERE ( memberid="170002" ) LIMIT 1   [ RunTime:0.0003s ]
SQL: SELECT * FROM `cms_member` WHERE ( memberid="170001" ) LIMIT 1   [ RunTime:0.0003s ]
SQL: SELECT * FROM `cms_member` WHERE ( memberid="" ) LIMIT 1   [ RunTime:0.0003s ]
SQL: INSERT INTO `cms_member` (`name`,`memberid`,`parentid`,`parent2id`,`parent3id`) VALUES ('用户2','170002','170001',NULL,NULL) [ RunTime:0.0003s ]

[ 2017-07-18T22:16:14+08:00 ] 127.0.0.1 /admin.php?c=member&a=add
INFO: [ app_init ] --START--
INFO: Run Behavior\BuildLiteBehavior [ RunTime:0.000050s ]
INFO: [ app_init ] --END-- [ RunTime:0.000594s ]
INFO: [ app_begin ] --START--
INFO: Run Behavior\ReadHtmlCacheBehavior [ RunTime:0.001141s ]
INFO: [ app_begin ] --END-- [ RunTime:0.001463s ]
SQL: SHOW COLUMNS FROM `cms_member` [ RunTime:0.0011s ]
SQL: SELECT * FROM `cms_member` WHERE ( memberid="170002" ) LIMIT 1   [ RunTime:0.0009s ]

[ 2017-07-18T22:16:34+08:00 ] 127.0.0.1 /admin.php?c=member&a=add
INFO: [ app_init ] --START--
INFO: Run Behavior\BuildLiteBehavior [ RunTime:0.000059s ]
INFO: [ app_init ] --END-- [ RunTime:0.000917s ]
INFO: [ app_begin ] --START--
INFO: Run Behavior\ReadHtmlCacheBehavior [ RunTime:0.001069s ]
INFO: [ app_begin ] --END-- [ RunTime:0.001368s ]
INFO: [ view_parse ] --START--
INFO: [ template_filter ] --START--
INFO: Run Behavior\ContentReplaceBehavior [ RunTime:0.000098s ]
INFO: [ template_filter ] --END-- [ RunTime:0.000231s ]
INFO: Run Behavior\ParseTemplateBehavior [ RunTime:0.013074s ]
INFO: [ view_parse ] --END-- [ RunTime:0.013299s ]
INFO: [ view_filter ] --START--
INFO: Run Behavior\WriteHtmlCacheBehavior [ RunTime:0.000485s ]
INFO: [ view_filter ] --END-- [ RunTime:0.000624s ]
INFO: [ app_end ] --START--
INFO: Run Behavior\ShowPageTraceBehavior [ RunTime:0.001482s ]
INFO: [ app_end ] --END-- [ RunTime:0.001687s ]

[ 2017-07-18T22:16:55+08:00 ] 127.0.0.1 /admin.php?c=member&a=add
INFO: [ app_init ] --START--
INFO: Run Behavior\BuildLiteBehavior [ RunTime:0.000031s ]
INFO: [ app_init ] --END-- [ RunTime:0.000489s ]
INFO: [ app_begin ] --START--
INFO: Run Behavior\ReadHtmlCacheBehavior [ RunTime:0.000699s ]
INFO: [ app_begin ] --END-- [ RunTime:0.000826s ]
SQL: SHOW COLUMNS FROM `cms_member` [ RunTime:0.0007s ]
SQL: SELECT * FROM `cms_member` WHERE ( memberid="170002" ) LIMIT 1   [ RunTime:0.0003s ]
SQL: SELECT * FROM `cms_member` WHERE ( memberid="170001" ) LIMIT 1   [ RunTime:0.0003s ]
SQL: SELECT * FROM `cms_member` WHERE ( memberid="" ) LIMIT 1   [ RunTime:0.0005s ]
SQL: INSERT INTO `cms_member` (`name`,`memberid`,`parentid`,`parent2id`,`parent3id`) VALUES ('用户2','170002','170001',NULL,NULL) [ RunTime:0.0004s ]

[ 2017-07-18T22:16:56+08:00 ] 127.0.0.1 /admin.php?c=member
INFO: [ app_init ] --START--
INFO: Run Behavior\BuildLiteBehavior [ RunTime:0.000032s ]
INFO: [ app_init ] --END-- [ RunTime:0.000534s ]
INFO: [ app_begin ] --START--
INFO: Run Behavior\ReadHtmlCacheBehavior [ RunTime:0.000739s ]
INFO: [ app_begin ] --END-- [ RunTime:0.000902s ]
NOTIC: [8] Undefined index: p F:\web\yyztask\Application\Admin\Controller\MemberController.class.php 第 13 行.
NOTIC: [8] Undefined index: pageSize F:\web\yyztask\Application\Admin\Controller\MemberController.class.php 第 14 行.
SQL: SHOW COLUMNS FROM `cms_member` [ RunTime:0.0007s ]
SQL: SELECT * FROM `cms_member` WHERE `status` <> -1 ORDER BY id LIMIT 0,12   [ RunTime:0.0004s ]
SQL: SELECT COUNT(*) AS tp_count FROM `cms_member` WHERE `status` <> -1 LIMIT 1   [ RunTime:0.0003s ]
INFO: [ view_parse ] --START--
INFO: [ template_filter ] --START--
INFO: Run Behavior\ContentReplaceBehavior [ RunTime:0.000083s ]
INFO: [ template_filter ] --END-- [ RunTime:0.000210s ]
INFO: Run Behavior\ParseTemplateBehavior [ RunTime:0.010257s ]
INFO: [ view_parse ] --END-- [ RunTime:0.010425s ]
INFO: [ view_filter ] --START--
INFO: Run Behavior\WriteHtmlCacheBehavior [ RunTime:0.000436s ]
INFO: [ view_filter ] --END-- [ RunTime:0.000548s ]
INFO: [ app_end ] --START--
INFO: Run Behavior\ShowPageTraceBehavior [ RunTime:0.000641s ]
INFO: [ app_end ] --END-- [ RunTime:0.000768s ]

[ 2017-07-18T22:17:31+08:00 ] 127.0.0.1 /admin.php?c=member&a=add
INFO: [ app_init ] --START--
INFO: Run Behavior\BuildLiteBehavior [ RunTime:0.000033s ]
INFO: [ app_init ] --END-- [ RunTime:0.000734s ]
INFO: [ app_begin ] --START--
INFO: Run Behavior\ReadHtmlCacheBehavior [ RunTime:0.000882s ]
INFO: [ app_begin ] --END-- [ RunTime:0.001097s ]
INFO: [ view_parse ] --START--
INFO: [ template_filter ] --START--
INFO: Run Behavior\ContentReplaceBehavior [ RunTime:0.000109s ]
INFO: [ template_filter ] --END-- [ RunTime:0.000248s ]
INFO: Run Behavior\ParseTemplateBehavior [ RunTime:0.010914s ]
INFO: [ view_parse ] --END-- [ RunTime:0.011061s ]
INFO: [ view_filter ] --START--
INFO: Run Behavior\WriteHtmlCacheBehavior [ RunTime:0.000708s ]
INFO: [ view_filter ] --END-- [ RunTime:0.000889s ]
INFO: [ app_end ] --START--
INFO: Run Behavior\ShowPageTraceBehavior [ RunTime:0.001139s ]
INFO: [ app_end ] --END-- [ RunTime:0.001388s ]

[ 2017-07-18T22:17:55+08:00 ] 127.0.0.1 /admin.php?c=member&a=add
INFO: [ app_init ] --START--
INFO: Run Behavior\BuildLiteBehavior [ RunTime:0.000046s ]
INFO: [ app_init ] --END-- [ RunTime:0.000630s ]
INFO: [ app_begin ] --START--
INFO: Run Behavior\ReadHtmlCacheBehavior [ RunTime:0.001078s ]
INFO: [ app_begin ] --END-- [ RunTime:0.001280s ]
SQL: SHOW COLUMNS FROM `cms_member` [ RunTime:0.0008s ]
SQL: SELECT * FROM `cms_member` WHERE ( memberid="170003" ) LIMIT 1   [ RunTime:0.0004s ]
SQL: SELECT * FROM `cms_member` WHERE ( memberid="170002" ) LIMIT 1   [ RunTime:0.0004s ]
SQL: SELECT * FROM `cms_member` WHERE ( memberid="170001" ) LIMIT 1   [ RunTime:0.0005s ]
SQL: INSERT INTO `cms_member` (`name`,`memberid`,`parentid`,`parent2id`,`parent3id`) VALUES ('用户3','170003','170002','170001',NULL) [ RunTime:0.0006s ]

[ 2017-07-18T22:17:56+08:00 ] 127.0.0.1 /admin.php?c=member
INFO: [ app_init ] --START--
INFO: Run Behavior\BuildLiteBehavior [ RunTime:0.000033s ]
INFO: [ app_init ] --END-- [ RunTime:0.000555s ]
INFO: [ app_begin ] --START--
INFO: Run Behavior\ReadHtmlCacheBehavior [ RunTime:0.000798s ]
INFO: [ app_begin ] --END-- [ RunTime:0.000987s ]
NOTIC: [8] Undefined index: p F:\web\yyztask\Application\Admin\Controller\MemberController.class.php 第 13 行.
NOTIC: [8] Undefined index: pageSize F:\web\yyztask\Application\Admin\Controller\MemberController.class.php 第 14 行.
SQL: SHOW COLUMNS FROM `cms_member` [ RunTime:0.0007s ]
SQL: SELECT * FROM `cms_member` WHERE `status` <> -1 ORDER BY id LIMIT 0,12   [ RunTime:0.0004s ]
SQL: SELECT COUNT(*) AS tp_count FROM `cms_member` WHERE `status` <> -1 LIMIT 1   [ RunTime:0.0003s ]
INFO: [ view_parse ] --START--
INFO: [ template_filter ] --START--
INFO: Run Behavior\ContentReplaceBehavior [ RunTime:0.000081s ]
INFO: [ template_filter ] --END-- [ RunTime:0.000206s ]
INFO: Run Behavior\ParseTemplateBehavior [ RunTime:0.009555s ]
INFO: [ view_parse ] --END-- [ RunTime:0.009722s ]
INFO: [ view_filter ] --START--
INFO: Run Behavior\WriteHtmlCacheBehavior [ RunTime:0.000537s ]
INFO: [ view_filter ] --END-- [ RunTime:0.000695s ]
INFO: [ app_end ] --START--
INFO: Run Behavior\ShowPageTraceBehavior [ RunTime:0.000650s ]
INFO: [ app_end ] --END-- [ RunTime:0.000779s ]

[ 2017-07-18T22:19:23+08:00 ] 127.0.0.1 /admin.php?c=member
INFO: [ app_init ] --START--
INFO: Run Behavior\BuildLiteBehavior [ RunTime:0.000033s ]
INFO: [ app_init ] --END-- [ RunTime:0.000542s ]
INFO: [ app_begin ] --START--
INFO: Run Behavior\ReadHtmlCacheBehavior [ RunTime:0.000670s ]
INFO: [ app_begin ] --END-- [ RunTime:0.000805s ]
NOTIC: [8] Undefined index: p F:\web\yyztask\Application\Admin\Controller\MemberController.class.php 第 13 行.
NOTIC: [8] Undefined index: pageSize F:\web\yyztask\Application\Admin\Controller\MemberController.class.php 第 14 行.
SQL: SHOW COLUMNS FROM `cms_member` [ RunTime:0.0008s ]
SQL: SELECT * FROM `cms_member` WHERE `status` <> -1 ORDER BY id LIMIT 0,12   [ RunTime:0.0004s ]
SQL: SELECT COUNT(*) AS tp_count FROM `cms_member` WHERE `status` <> -1 LIMIT 1   [ RunTime:0.0003s ]
INFO: [ view_parse ] --START--
INFO: [ template_filter ] --START--
INFO: Run Behavior\ContentReplaceBehavior [ RunTime:0.000090s ]
INFO: [ template_filter ] --END-- [ RunTime:0.000226s ]
INFO: Run Behavior\ParseTemplateBehavior [ RunTime:0.036587s ]
INFO: [ view_parse ] --END-- [ RunTime:0.036768s ]
INFO: [ view_filter ] --START--
INFO: Run Behavior\WriteHtmlCacheBehavior [ RunTime:0.000467s ]
INFO: [ view_filter ] --END-- [ RunTime:0.000581s ]
INFO: [ app_end ] --START--
INFO: Run Behavior\ShowPageTraceBehavior [ RunTime:0.001089s ]
INFO: [ app_end ] --END-- [ RunTime:0.001260s ]

[ 2017-07-18T22:19:36+08:00 ] 127.0.0.1 /admin.php?c=member&a=add
INFO: [ app_init ] --START--
INFO: Run Behavior\BuildLiteBehavior [ RunTime:0.000046s ]
INFO: [ app_init ] --END-- [ RunTime:0.000697s ]
INFO: [ app_begin ] --START--
INFO: Run Behavior\ReadHtmlCacheBehavior [ RunTime:0.000723s ]
INFO: [ app_begin ] --END-- [ RunTime:0.000895s ]
INFO: [ view_parse ] --START--
INFO: [ template_filter ] --START--
INFO: Run Behavior\ContentReplaceBehavior [ RunTime:0.000124s ]
INFO: [ template_filter ] --END-- [ RunTime:0.000258s ]
INFO: Run Behavior\ParseTemplateBehavior [ RunTime:0.011223s ]
INFO: [ view_parse ] --END-- [ RunTime:0.011409s ]
INFO: [ view_filter ] --START--
INFO: Run Behavior\WriteHtmlCacheBehavior [ RunTime:0.000460s ]
INFO: [ view_filter ] --END-- [ RunTime:0.000573s ]
INFO: [ app_end ] --START--
INFO: Run Behavior\ShowPageTraceBehavior [ RunTime:0.000752s ]
INFO: [ app_end ] --END-- [ RunTime:0.000872s ]

[ 2017-07-18T22:19:55+08:00 ] 127.0.0.1 /admin.php?c=member&a=add
INFO: [ app_init ] --START--
INFO: Run Behavior\BuildLiteBehavior [ RunTime:0.000161s ]
INFO: [ app_init ] --END-- [ RunTime:0.001307s ]
INFO: [ app_begin ] --START--
INFO: Run Behavior\ReadHtmlCacheBehavior [ RunTime:0.000704s ]
INFO: [ app_begin ] --END-- [ RunTime:0.000838s ]
SQL: SHOW COLUMNS FROM `cms_member` [ RunTime:0.0012s ]
SQL: SELECT * FROM `cms_member` WHERE ( memberid="170004" ) LIMIT 1   [ RunTime:0.0003s ]
SQL: SELECT * FROM `cms_member` WHERE ( memberid="170003" ) LIMIT 1   [ RunTime:0.0003s ]
SQL: SELECT * FROM `cms_member` WHERE ( memberid="170002" ) LIMIT 1   [ RunTime:0.0003s ]
SQL: INSERT INTO `cms_member` (`name`,`memberid`,`parentid`,`parent2id`,`parent3id`) VALUES ('用户4','170004','170003','170002','170001') [ RunTime:0.0003s ]

[ 2017-07-18T22:19:56+08:00 ] 127.0.0.1 /admin.php?c=member
INFO: [ app_init ] --START--
INFO: Run Behavior\BuildLiteBehavior [ RunTime:0.000033s ]
INFO: [ app_init ] --END-- [ RunTime:0.000532s ]
INFO: [ app_begin ] --START--
INFO: Run Behavior\ReadHtmlCacheBehavior [ RunTime:0.000690s ]
INFO: [ app_begin ] --END-- [ RunTime:0.000839s ]
NOTIC: [8] Undefined index: p F:\web\yyztask\Application\Admin\Controller\MemberController.class.php 第 13 行.
NOTIC: [8] Undefined index: pageSize F:\web\yyztask\Application\Admin\Controller\MemberController.class.php 第 14 行.
SQL: SHOW COLUMNS FROM `cms_member` [ RunTime:0.0012s ]
SQL: SELECT * FROM `cms_member` WHERE `status` <> -1 ORDER BY id LIMIT 0,12   [ RunTime:0.0004s ]
SQL: SELECT COUNT(*) AS tp_count FROM `cms_member` WHERE `status` <> -1 LIMIT 1   [ RunTime:0.0002s ]
INFO: [ view_parse ] --START--
INFO: [ template_filter ] --START--
INFO: Run Behavior\ContentReplaceBehavior [ RunTime:0.000088s ]
INFO: [ template_filter ] --END-- [ RunTime:0.000223s ]
INFO: Run Behavior\ParseTemplateBehavior [ RunTime:0.010353s ]
INFO: [ view_parse ] --END-- [ RunTime:0.010502s ]
INFO: [ view_filter ] --START--
INFO: Run Behavior\WriteHtmlCacheBehavior [ RunTime:0.000473s ]
INFO: [ view_filter ] --END-- [ RunTime:0.000596s ]
INFO: [ app_end ] --START--
INFO: Run Behavior\ShowPageTraceBehavior [ RunTime:0.000667s ]
INFO: [ app_end ] --END-- [ RunTime:0.000796s ]

[ 2017-07-18T22:20:09+08:00 ] 127.0.0.1 /admin.php?c=member&a=add
INFO: [ app_init ] --START--
INFO: Run Behavior\BuildLiteBehavior [ RunTime:0.000036s ]
INFO: [ app_init ] --END-- [ RunTime:0.000573s ]
INFO: [ app_begin ] --START--
INFO: Run Behavior\ReadHtmlCacheBehavior [ RunTime:0.000729s ]
INFO: [ app_begin ] --END-- [ RunTime:0.000886s ]
INFO: [ view_parse ] --START--
INFO: [ template_filter ] --START--
INFO: Run Behavior\ContentReplaceBehavior [ RunTime:0.000096s ]
INFO: [ template_filter ] --END-- [ RunTime:0.000257s ]
INFO: Run Behavior\ParseTemplateBehavior [ RunTime:0.009010s ]
INFO: [ view_parse ] --END-- [ RunTime:0.009202s ]
INFO: [ view_filter ] --START--
INFO: Run Behavior\WriteHtmlCacheBehavior [ RunTime:0.000926s ]
INFO: [ view_filter ] --END-- [ RunTime:0.001134s ]
INFO: [ app_end ] --START--
INFO: Run Behavior\ShowPageTraceBehavior [ RunTime:0.001073s ]
INFO: [ app_end ] --END-- [ RunTime:0.001208s ]

[ 2017-07-18T22:20:19+08:00 ] 127.0.0.1 /admin.php?c=member&a=add
INFO: [ app_init ] --START--
INFO: Run Behavior\BuildLiteBehavior [ RunTime:0.000032s ]
INFO: [ app_init ] --END-- [ RunTime:0.000533s ]
INFO: [ app_begin ] --START--
INFO: Run Behavior\ReadHtmlCacheBehavior [ RunTime:0.000827s ]
INFO: [ app_begin ] --END-- [ RunTime:0.001007s ]
SQL: SHOW COLUMNS FROM `cms_member` [ RunTime:0.0007s ]
SQL: SELECT * FROM `cms_member` WHERE ( memberid="170005" ) LIMIT 1   [ RunTime:0.0003s ]
SQL: SELECT * FROM `cms_member` WHERE ( memberid="170004" ) LIMIT 1   [ RunTime:0.0005s ]
SQL: SELECT * FROM `cms_member` WHERE ( memberid="170003" ) LIMIT 1   [ RunTime:0.0004s ]
SQL: INSERT INTO `cms_member` (`name`,`memberid`,`parentid`,`parent2id`,`parent3id`) VALUES ('用户5','170005','170004','170003','170002') [ RunTime:0.0005s ]

[ 2017-07-18T22:20:20+08:00 ] 127.0.0.1 /admin.php?c=member
INFO: [ app_init ] --START--
INFO: Run Behavior\BuildLiteBehavior [ RunTime:0.000027s ]
INFO: [ app_init ] --END-- [ RunTime:0.000473s ]
INFO: [ app_begin ] --START--
INFO: Run Behavior\ReadHtmlCacheBehavior [ RunTime:0.000684s ]
INFO: [ app_begin ] --END-- [ RunTime:0.000846s ]
NOTIC: [8] Undefined index: p F:\web\yyztask\Application\Admin\Controller\MemberController.class.php 第 13 行.
NOTIC: [8] Undefined index: pageSize F:\web\yyztask\Application\Admin\Controller\MemberController.class.php 第 14 行.
SQL: SHOW COLUMNS FROM `cms_member` [ RunTime:0.0008s ]
SQL: SELECT * FROM `cms_member` WHERE `status` <> -1 ORDER BY id LIMIT 0,12   [ RunTime:0.0004s ]
SQL: SELECT COUNT(*) AS tp_count FROM `cms_member` WHERE `status` <> -1 LIMIT 1   [ RunTime:0.0002s ]
INFO: [ view_parse ] --START--
INFO: [ template_filter ] --START--
INFO: Run Behavior\ContentReplaceBehavior [ RunTime:0.000097s ]
INFO: [ template_filter ] --END-- [ RunTime:0.000230s ]
INFO: Run Behavior\ParseTemplateBehavior [ RunTime:0.009824s ]
INFO: [ view_parse ] --END-- [ RunTime:0.009990s ]
INFO: [ view_filter ] --START--
INFO: Run Behavior\WriteHtmlCacheBehavior [ RunTime:0.000603s ]
INFO: [ view_filter ] --END-- [ RunTime:0.000726s ]
INFO: [ app_end ] --START--
INFO: Run Behavior\ShowPageTraceBehavior [ RunTime:0.000640s ]
INFO: [ app_end ] --END-- [ RunTime:0.000757s ]

[ 2017-07-18T22:30:38+08:00 ] 127.0.0.1 /admin.php?c=member
INFO: [ app_init ] --START--
INFO: Run Behavior\BuildLiteBehavior [ RunTime:0.000040s ]
INFO: [ app_init ] --END-- [ RunTime:0.000687s ]
INFO: [ app_begin ] --START--
INFO: Run Behavior\ReadHtmlCacheBehavior [ RunTime:0.000806s ]
INFO: [ app_begin ] --END-- [ RunTime:0.000977s ]
NOTIC: [8] Undefined index: p F:\web\yyztask\Application\Admin\Controller\MemberController.class.php 第 13 行.
NOTIC: [8] Undefined index: pageSize F:\web\yyztask\Application\Admin\Controller\MemberController.class.php 第 14 行.
SQL: SHOW COLUMNS FROM `cms_member` [ RunTime:0.0010s ]
SQL: SELECT * FROM `cms_member` WHERE `status` <> -1 ORDER BY id LIMIT 0,12   [ RunTime:0.0004s ]
SQL: SELECT COUNT(*) AS tp_count FROM `cms_member` WHERE `status` <> -1 LIMIT 1   [ RunTime:0.0003s ]
INFO: [ view_parse ] --START--
INFO: [ template_filter ] --START--
INFO: Run Behavior\ContentReplaceBehavior [ RunTime:0.000080s ]
INFO: [ template_filter ] --END-- [ RunTime:0.000209s ]
INFO: Run Behavior\ParseTemplateBehavior [ RunTime:0.010023s ]
INFO: [ view_parse ] --END-- [ RunTime:0.010202s ]
INFO: [ view_filter ] --START--
INFO: Run Behavior\WriteHtmlCacheBehavior [ RunTime:0.000557s ]
INFO: [ view_filter ] --END-- [ RunTime:0.000731s ]
INFO: [ app_end ] --START--
INFO: Run Behavior\ShowPageTraceBehavior [ RunTime:0.000752s ]
INFO: [ app_end ] --END-- [ RunTime:0.000941s ]

[ 2017-07-18T22:30:50+08:00 ] 127.0.0.1 /admin.php?c=member
INFO: [ app_init ] --START--
INFO: Run Behavior\BuildLiteBehavior [ RunTime:0.000033s ]
INFO: [ app_init ] --END-- [ RunTime:0.000549s ]
INFO: [ app_begin ] --START--
INFO: Run Behavior\ReadHtmlCacheBehavior [ RunTime:0.000737s ]
INFO: [ app_begin ] --END-- [ RunTime:0.000866s ]
NOTIC: [8] Undefined index: p F:\web\yyztask\Application\Admin\Controller\MemberController.class.php 第 13 行.
NOTIC: [8] Undefined index: pageSize F:\web\yyztask\Application\Admin\Controller\MemberController.class.php 第 14 行.
SQL: SHOW COLUMNS FROM `cms_member` [ RunTime:0.0007s ]
SQL: SELECT * FROM `cms_member` WHERE `status` <> -1 ORDER BY id LIMIT 0,12   [ RunTime:0.0004s ]
SQL: SELECT COUNT(*) AS tp_count FROM `cms_member` WHERE `status` <> -1 LIMIT 1   [ RunTime:0.0003s ]
INFO: [ view_parse ] --START--
INFO: [ template_filter ] --START--
INFO: Run Behavior\ContentReplaceBehavior [ RunTime:0.000084s ]
INFO: [ template_filter ] --END-- [ RunTime:0.000215s ]
INFO: Run Behavior\ParseTemplateBehavior [ RunTime:0.010522s ]
INFO: [ view_parse ] --END-- [ RunTime:0.010666s ]
INFO: [ view_filter ] --START--
INFO: Run Behavior\WriteHtmlCacheBehavior [ RunTime:0.000465s ]
INFO: [ view_filter ] --END-- [ RunTime:0.000610s ]
INFO: [ app_end ] --START--
INFO: Run Behavior\ShowPageTraceBehavior [ RunTime:0.000655s ]
INFO: [ app_end ] --END-- [ RunTime:0.000792s ]

