[ 2017-07-21T00:05:58+08:00 ] 127.0.0.1 /admin.php?m=Admin&c=Finance&a=add&p=1
INFO: [ app_init ] --START--
INFO: Run Behavior\BuildLiteBehavior [ RunTime:0.000050s ]
INFO: [ app_init ] --END-- [ RunTime:0.011582s ]
INFO: [ app_begin ] --START--
INFO: Run Behavior\ReadHtmlCacheBehavior [ RunTime:0.016093s ]
INFO: [ app_begin ] --END-- [ RunTime:0.016231s ]
NOTIC: [8] Undefined index: pageSize F:\web\yyztask\Application\Admin\Controller\FinanceController.class.php 第 19 行.
NOTIC: [2048] Declaration of Common\Model\MemberModel::find() should be compatible with Think\Model::find($options = Array) F:\web\yyztask\Application\Common\Model\MemberModel.class.php 第 9 行.
SQL: SHOW COLUMNS FROM `cms_member` [ RunTime:0.0009s ]
NOTIC: [8] Undefined variable: data F:\web\yyztask\Application\Admin\Controller\FinanceController.class.php 第 20 行.
SQL: SELECT * FROM `cms_member` WHERE `status` <> -1 ORDER BY id LIMIT 0,10000   [ RunTime:0.0004s ]
NOTIC: [8] Undefined variable: data F:\web\yyztask\Application\Admin\Controller\FinanceController.class.php 第 21 行.
SQL: SELECT COUNT(*) AS tp_count FROM `cms_member` WHERE `status` <> -1 LIMIT 1   [ RunTime:0.0004s ]
INFO: [ view_parse ] --START--
INFO: [ template_filter ] --START--
INFO: Run Behavior\ContentReplaceBehavior [ RunTime:0.000099s ]
INFO: [ template_filter ] --END-- [ RunTime:0.000234s ]
INFO: Run Behavior\ParseTemplateBehavior [ RunTime:0.122185s ]
INFO: [ view_parse ] --END-- [ RunTime:0.122329s ]
INFO: [ view_filter ] --START--
INFO: Run Behavior\WriteHtmlCacheBehavior [ RunTime:0.011917s ]
INFO: [ view_filter ] --END-- [ RunTime:0.012045s ]
INFO: [ app_end ] --START--
INFO: Run Behavior\ShowPageTraceBehavior [ RunTime:0.009925s ]
INFO: [ app_end ] --END-- [ RunTime:0.010071s ]

[ 2017-07-21T00:07:20+08:00 ] 127.0.0.1 /admin.php?m=Admin&c=Finance&a=add&p=1
INFO: [ app_init ] --START--
INFO: Run Behavior\BuildLiteBehavior [ RunTime:0.000054s ]
INFO: [ app_init ] --END-- [ RunTime:0.000894s ]
INFO: [ app_begin ] --START--
INFO: Run Behavior\ReadHtmlCacheBehavior [ RunTime:0.001483s ]
INFO: [ app_begin ] --END-- [ RunTime:0.001800s ]
NOTIC: [8] Undefined index: pageSize F:\web\yyztask\Application\Admin\Controller\FinanceController.class.php 第 19 行.
NOTIC: [2048] Declaration of Common\Model\MemberModel::find() should be compatible with Think\Model::find($options = Array) F:\web\yyztask\Application\Common\Model\MemberModel.class.php 第 9 行.
SQL: SHOW COLUMNS FROM `cms_member` [ RunTime:0.0008s ]
NOTIC: [8] Undefined variable: data F:\web\yyztask\Application\Admin\Controller\FinanceController.class.php 第 20 行.
SQL: SELECT * FROM `cms_member` WHERE `status` <> -1 ORDER BY id LIMIT 0,10000   [ RunTime:0.0004s ]
NOTIC: [8] Undefined variable: data F:\web\yyztask\Application\Admin\Controller\FinanceController.class.php 第 21 行.
SQL: SELECT COUNT(*) AS tp_count FROM `cms_member` WHERE `status` <> -1 LIMIT 1   [ RunTime:0.0003s ]
INFO: [ view_parse ] --START--
INFO: [ template_filter ] --START--
INFO: Run Behavior\ContentReplaceBehavior [ RunTime:0.000168s ]
INFO: [ template_filter ] --END-- [ RunTime:0.000412s ]
INFO: Run Behavior\ParseTemplateBehavior [ RunTime:0.053579s ]
INFO: [ view_parse ] --END-- [ RunTime:0.053744s ]
INFO: [ view_filter ] --START--
INFO: Run Behavior\WriteHtmlCacheBehavior [ RunTime:0.000439s ]
INFO: [ view_filter ] --END-- [ RunTime:0.000571s ]
INFO: [ app_end ] --START--
INFO: Run Behavior\ShowPageTraceBehavior [ RunTime:0.000603s ]
INFO: [ app_end ] --END-- [ RunTime:0.000725s ]

[ 2017-07-21T00:07:51+08:00 ] 127.0.0.1 /admin.php?m=Admin&c=Finance&a=add&p=1
INFO: [ app_init ] --START--
INFO: Run Behavior\BuildLiteBehavior [ RunTime:0.000051s ]
INFO: [ app_init ] --END-- [ RunTime:0.001241s ]
INFO: [ app_begin ] --START--
INFO: Run Behavior\ReadHtmlCacheBehavior [ RunTime:0.001257s ]
INFO: [ app_begin ] --END-- [ RunTime:0.001566s ]
NOTIC: [8] Undefined index: pageSize F:\web\yyztask\Application\Admin\Controller\FinanceController.class.php 第 19 行.
NOTIC: [2048] Declaration of Common\Model\MemberModel::find() should be compatible with Think\Model::find($options = Array) F:\web\yyztask\Application\Common\Model\MemberModel.class.php 第 9 行.
SQL: SHOW COLUMNS FROM `cms_member` [ RunTime:0.0014s ]
NOTIC: [8] Undefined variable: data F:\web\yyztask\Application\Admin\Controller\FinanceController.class.php 第 20 行.
SQL: SELECT * FROM `cms_member` WHERE `status` <> -1 ORDER BY id LIMIT 0,10000   [ RunTime:0.0008s ]
NOTIC: [8] Undefined variable: data F:\web\yyztask\Application\Admin\Controller\FinanceController.class.php 第 21 行.
SQL: SELECT COUNT(*) AS tp_count FROM `cms_member` WHERE `status` <> -1 LIMIT 1   [ RunTime:0.0004s ]
INFO: [ view_parse ] --START--
INFO: [ template_filter ] --START--
INFO: Run Behavior\ContentReplaceBehavior [ RunTime:0.000086s ]
INFO: [ template_filter ] --END-- [ RunTime:0.000236s ]
INFO: Run Behavior\ParseTemplateBehavior [ RunTime:0.014142s ]
INFO: [ view_parse ] --END-- [ RunTime:0.014305s ]
INFO: [ view_filter ] --START--
INFO: Run Behavior\WriteHtmlCacheBehavior [ RunTime:0.000388s ]
INFO: [ view_filter ] --END-- [ RunTime:0.000509s ]
INFO: [ app_end ] --START--
INFO: Run Behavior\ShowPageTraceBehavior [ RunTime:0.000536s ]
INFO: [ app_end ] --END-- [ RunTime:0.000650s ]

[ 2017-07-21T00:08:54+08:00 ] 127.0.0.1 /admin.php?m=Admin&c=Finance&a=add&p=1
INFO: [ app_init ] --START--
INFO: Run Behavior\BuildLiteBehavior [ RunTime:0.000054s ]
INFO: [ app_init ] --END-- [ RunTime:0.000976s ]
INFO: [ app_begin ] --START--
INFO: Run Behavior\ReadHtmlCacheBehavior [ RunTime:0.001139s ]
INFO: [ app_begin ] --END-- [ RunTime:0.001341s ]
NOTIC: [8] Undefined index: pageSize F:\web\yyztask\Application\Admin\Controller\FinanceController.class.php 第 19 行.
NOTIC: [2048] Declaration of Common\Model\MemberModel::find() should be compatible with Think\Model::find($options = Array) F:\web\yyztask\Application\Common\Model\MemberModel.class.php 第 9 行.
SQL: SHOW COLUMNS FROM `cms_member` [ RunTime:0.0010s ]
NOTIC: [8] Undefined variable: data F:\web\yyztask\Application\Admin\Controller\FinanceController.class.php 第 20 行.
SQL: SELECT * FROM `cms_member` WHERE `status` <> -1 ORDER BY id LIMIT 0,10000   [ RunTime:0.0006s ]
NOTIC: [8] Undefined variable: data F:\web\yyztask\Application\Admin\Controller\FinanceController.class.php 第 21 行.
SQL: SELECT COUNT(*) AS tp_count FROM `cms_member` WHERE `status` <> -1 LIMIT 1   [ RunTime:0.0005s ]
INFO: [ view_parse ] --START--
INFO: [ template_filter ] --START--
INFO: Run Behavior\ContentReplaceBehavior [ RunTime:0.000187s ]
INFO: [ template_filter ] --END-- [ RunTime:0.000460s ]
INFO: Run Behavior\ParseTemplateBehavior [ RunTime:0.017841s ]
INFO: [ view_parse ] --END-- [ RunTime:0.018272s ]
INFO: [ view_filter ] --START--
INFO: Run Behavior\WriteHtmlCacheBehavior [ RunTime:0.000770s ]
INFO: [ view_filter ] --END-- [ RunTime:0.000959s ]
INFO: [ app_end ] --START--
INFO: Run Behavior\ShowPageTraceBehavior [ RunTime:0.001269s ]
INFO: [ app_end ] --END-- [ RunTime:0.001496s ]

[ 2017-07-21T00:09:41+08:00 ] 127.0.0.1 /admin.php?m=Admin&c=Finance&a=add&p=1
INFO: [ app_init ] --START--
INFO: Run Behavior\BuildLiteBehavior [ RunTime:0.000055s ]
INFO: [ app_init ] --END-- [ RunTime:0.004323s ]
INFO: [ app_begin ] --START--
INFO: Run Behavior\ReadHtmlCacheBehavior [ RunTime:0.000908s ]
INFO: [ app_begin ] --END-- [ RunTime:0.001119s ]
NOTIC: [8] Undefined index: pageSize F:\web\yyztask\Application\Admin\Controller\FinanceController.class.php 第 19 行.
NOTIC: [2048] Declaration of Common\Model\MemberModel::find() should be compatible with Think\Model::find($options = Array) F:\web\yyztask\Application\Common\Model\MemberModel.class.php 第 9 行.
SQL: SHOW COLUMNS FROM `cms_member` [ RunTime:0.0008s ]
NOTIC: [8] Undefined variable: data F:\web\yyztask\Application\Admin\Controller\FinanceController.class.php 第 20 行.
SQL: SELECT * FROM `cms_member` WHERE `status` <> -1 ORDER BY id LIMIT 0,10000   [ RunTime:0.0004s ]
NOTIC: [8] Undefined variable: data F:\web\yyztask\Application\Admin\Controller\FinanceController.class.php 第 21 行.
SQL: SELECT COUNT(*) AS tp_count FROM `cms_member` WHERE `status` <> -1 LIMIT 1   [ RunTime:0.0004s ]
INFO: [ view_parse ] --START--
INFO: [ template_filter ] --START--
INFO: Run Behavior\ContentReplaceBehavior [ RunTime:0.000085s ]
INFO: [ template_filter ] --END-- [ RunTime:0.000206s ]
INFO: Run Behavior\ParseTemplateBehavior [ RunTime:0.038055s ]
INFO: [ view_parse ] --END-- [ RunTime:0.038217s ]
INFO: [ view_filter ] --START--
INFO: Run Behavior\WriteHtmlCacheBehavior [ RunTime:0.000502s ]
INFO: [ view_filter ] --END-- [ RunTime:0.000671s ]
INFO: [ app_end ] --START--
INFO: Run Behavior\ShowPageTraceBehavior [ RunTime:0.001088s ]
INFO: [ app_end ] --END-- [ RunTime:0.001330s ]

[ 2017-07-21T00:09:46+08:00 ] 127.0.0.1 /admin.php?c=finance&a=add
INFO: [ app_init ] --START--
INFO: Run Behavior\BuildLiteBehavior [ RunTime:0.000034s ]
INFO: [ app_init ] --END-- [ RunTime:0.000637s ]
INFO: [ app_begin ] --START--
INFO: Run Behavior\ReadHtmlCacheBehavior [ RunTime:0.000973s ]
INFO: [ app_begin ] --END-- [ RunTime:0.001211s ]
NOTIC: [8] Undefined index: p F:\web\yyztask\Application\Admin\Controller\FinanceController.class.php 第 18 行.
NOTIC: [8] Undefined index: pageSize F:\web\yyztask\Application\Admin\Controller\FinanceController.class.php 第 19 行.
NOTIC: [2048] Declaration of Common\Model\MemberModel::find() should be compatible with Think\Model::find($options = Array) F:\web\yyztask\Application\Common\Model\MemberModel.class.php 第 9 行.
SQL: SHOW COLUMNS FROM `cms_member` [ RunTime:0.0008s ]
NOTIC: [8] Undefined variable: data F:\web\yyztask\Application\Admin\Controller\FinanceController.class.php 第 20 行.
SQL: SELECT * FROM `cms_member` WHERE `status` <> -1 ORDER BY id LIMIT 0,10000   [ RunTime:0.0005s ]
NOTIC: [8] Undefined variable: data F:\web\yyztask\Application\Admin\Controller\FinanceController.class.php 第 21 行.
SQL: SELECT COUNT(*) AS tp_count FROM `cms_member` WHERE `status` <> -1 LIMIT 1   [ RunTime:0.0005s ]
INFO: [ view_parse ] --START--
INFO: [ template_filter ] --START--
INFO: Run Behavior\ContentReplaceBehavior [ RunTime:0.000084s ]
INFO: [ template_filter ] --END-- [ RunTime:0.000190s ]
INFO: Run Behavior\ParseTemplateBehavior [ RunTime:0.009982s ]
INFO: [ view_parse ] --END-- [ RunTime:0.010122s ]
INFO: [ view_filter ] --START--
INFO: Run Behavior\WriteHtmlCacheBehavior [ RunTime:0.000385s ]
INFO: [ view_filter ] --END-- [ RunTime:0.000484s ]
INFO: [ app_end ] --START--
INFO: Run Behavior\ShowPageTraceBehavior [ RunTime:0.001293s ]
INFO: [ app_end ] --END-- [ RunTime:0.001505s ]

[ 2017-07-21T00:09:50+08:00 ] 127.0.0.1 /admin.php?c=finance&a=add
INFO: [ app_init ] --START--
INFO: Run Behavior\BuildLiteBehavior [ RunTime:0.000062s ]
INFO: [ app_init ] --END-- [ RunTime:0.001011s ]
INFO: [ app_begin ] --START--
INFO: Run Behavior\ReadHtmlCacheBehavior [ RunTime:0.001032s ]
INFO: [ app_begin ] --END-- [ RunTime:0.001276s ]
NOTIC: [8] Undefined index: p F:\web\yyztask\Application\Admin\Controller\FinanceController.class.php 第 18 行.
NOTIC: [8] Undefined index: pageSize F:\web\yyztask\Application\Admin\Controller\FinanceController.class.php 第 19 行.
NOTIC: [2048] Declaration of Common\Model\MemberModel::find() should be compatible with Think\Model::find($options = Array) F:\web\yyztask\Application\Common\Model\MemberModel.class.php 第 9 行.
SQL: SHOW COLUMNS FROM `cms_member` [ RunTime:0.0010s ]
NOTIC: [8] Undefined variable: data F:\web\yyztask\Application\Admin\Controller\FinanceController.class.php 第 20 行.
SQL: SELECT * FROM `cms_member` WHERE `status` <> -1 ORDER BY id LIMIT 0,10000   [ RunTime:0.0004s ]
NOTIC: [8] Undefined variable: data F:\web\yyztask\Application\Admin\Controller\FinanceController.class.php 第 21 行.
SQL: SELECT COUNT(*) AS tp_count FROM `cms_member` WHERE `status` <> -1 LIMIT 1   [ RunTime:0.0003s ]
INFO: [ view_parse ] --START--
INFO: [ template_filter ] --START--
INFO: Run Behavior\ContentReplaceBehavior [ RunTime:0.000087s ]
INFO: [ template_filter ] --END-- [ RunTime:0.000192s ]
INFO: Run Behavior\ParseTemplateBehavior [ RunTime:0.012265s ]
INFO: [ view_parse ] --END-- [ RunTime:0.012420s ]
INFO: [ view_filter ] --START--
INFO: Run Behavior\WriteHtmlCacheBehavior [ RunTime:0.000463s ]
INFO: [ view_filter ] --END-- [ RunTime:0.000581s ]
INFO: [ app_end ] --START--
INFO: Run Behavior\ShowPageTraceBehavior [ RunTime:0.000567s ]
INFO: [ app_end ] --END-- [ RunTime:0.000675s ]

[ 2017-07-21T00:09:51+08:00 ] 127.0.0.1 /admin.php?c=finance&a=add
INFO: [ app_init ] --START--
INFO: Run Behavior\BuildLiteBehavior [ RunTime:0.000061s ]
INFO: [ app_init ] --END-- [ RunTime:0.000915s ]
INFO: [ app_begin ] --START--
INFO: Run Behavior\ReadHtmlCacheBehavior [ RunTime:0.000927s ]
INFO: [ app_begin ] --END-- [ RunTime:0.001148s ]
NOTIC: [8] Undefined index: p F:\web\yyztask\Application\Admin\Controller\FinanceController.class.php 第 18 行.
NOTIC: [8] Undefined index: pageSize F:\web\yyztask\Application\Admin\Controller\FinanceController.class.php 第 19 行.
NOTIC: [2048] Declaration of Common\Model\MemberModel::find() should be compatible with Think\Model::find($options = Array) F:\web\yyztask\Application\Common\Model\MemberModel.class.php 第 9 行.
SQL: SHOW COLUMNS FROM `cms_member` [ RunTime:0.0012s ]
NOTIC: [8] Undefined variable: data F:\web\yyztask\Application\Admin\Controller\FinanceController.class.php 第 20 行.
SQL: SELECT * FROM `cms_member` WHERE `status` <> -1 ORDER BY id LIMIT 0,10000   [ RunTime:0.0006s ]
NOTIC: [8] Undefined variable: data F:\web\yyztask\Application\Admin\Controller\FinanceController.class.php 第 21 行.
SQL: SELECT COUNT(*) AS tp_count FROM `cms_member` WHERE `status` <> -1 LIMIT 1   [ RunTime:0.0005s ]
INFO: [ view_parse ] --START--
INFO: [ template_filter ] --START--
INFO: Run Behavior\ContentReplaceBehavior [ RunTime:0.000100s ]
INFO: [ template_filter ] --END-- [ RunTime:0.000215s ]
INFO: Run Behavior\ParseTemplateBehavior [ RunTime:0.013434s ]
INFO: [ view_parse ] --END-- [ RunTime:0.013695s ]
INFO: [ view_filter ] --START--
INFO: Run Behavior\WriteHtmlCacheBehavior [ RunTime:0.000807s ]
INFO: [ view_filter ] --END-- [ RunTime:0.000974s ]
INFO: [ app_end ] --START--
INFO: Run Behavior\ShowPageTraceBehavior [ RunTime:0.000741s ]
INFO: [ app_end ] --END-- [ RunTime:0.000900s ]

[ 2017-07-21T00:09:52+08:00 ] 127.0.0.1 /admin.php?c=finance&a=add
INFO: [ app_init ] --START--
INFO: Run Behavior\BuildLiteBehavior [ RunTime:0.000026s ]
INFO: [ app_init ] --END-- [ RunTime:0.000431s ]
INFO: [ app_begin ] --START--
INFO: Run Behavior\ReadHtmlCacheBehavior [ RunTime:0.000515s ]
INFO: [ app_begin ] --END-- [ RunTime:0.000622s ]
NOTIC: [8] Undefined index: p F:\web\yyztask\Application\Admin\Controller\FinanceController.class.php 第 18 行.
NOTIC: [8] Undefined index: pageSize F:\web\yyztask\Application\Admin\Controller\FinanceController.class.php 第 19 行.
NOTIC: [2048] Declaration of Common\Model\MemberModel::find() should be compatible with Think\Model::find($options = Array) F:\web\yyztask\Application\Common\Model\MemberModel.class.php 第 9 行.
SQL: SHOW COLUMNS FROM `cms_member` [ RunTime:0.0014s ]
NOTIC: [8] Undefined variable: data F:\web\yyztask\Application\Admin\Controller\FinanceController.class.php 第 20 行.
SQL: SELECT * FROM `cms_member` WHERE `status` <> -1 ORDER BY id LIMIT 0,10000   [ RunTime:0.0005s ]
NOTIC: [8] Undefined variable: data F:\web\yyztask\Application\Admin\Controller\FinanceController.class.php 第 21 行.
SQL: SELECT COUNT(*) AS tp_count FROM `cms_member` WHERE `status` <> -1 LIMIT 1   [ RunTime:0.0003s ]
INFO: [ view_parse ] --START--
INFO: [ template_filter ] --START--
INFO: Run Behavior\ContentReplaceBehavior [ RunTime:0.000084s ]
INFO: [ template_filter ] --END-- [ RunTime:0.000205s ]
INFO: Run Behavior\ParseTemplateBehavior [ RunTime:0.012574s ]
INFO: [ view_parse ] --END-- [ RunTime:0.012698s ]
INFO: [ view_filter ] --START--
INFO: Run Behavior\WriteHtmlCacheBehavior [ RunTime:0.000395s ]
INFO: [ view_filter ] --END-- [ RunTime:0.000488s ]
INFO: [ app_end ] --START--
INFO: Run Behavior\ShowPageTraceBehavior [ RunTime:0.000522s ]
INFO: [ app_end ] --END-- [ RunTime:0.000619s ]

[ 2017-07-21T00:10:48+08:00 ] 127.0.0.1 /admin.php?c=finance&a=add
INFO: [ app_init ] --START--
INFO: Run Behavior\BuildLiteBehavior [ RunTime:0.000053s ]
INFO: [ app_init ] --END-- [ RunTime:0.000853s ]
INFO: [ app_begin ] --START--
INFO: Run Behavior\ReadHtmlCacheBehavior [ RunTime:0.000961s ]
INFO: [ app_begin ] --END-- [ RunTime:0.001206s ]
NOTIC: [8] Undefined index: p F:\web\yyztask\Application\Admin\Controller\FinanceController.class.php 第 18 行.
NOTIC: [8] Undefined index: pageSize F:\web\yyztask\Application\Admin\Controller\FinanceController.class.php 第 19 行.
NOTIC: [2048] Declaration of Common\Model\MemberModel::find() should be compatible with Think\Model::find($options = Array) F:\web\yyztask\Application\Common\Model\MemberModel.class.php 第 9 行.
SQL: SHOW COLUMNS FROM `cms_member` [ RunTime:0.0010s ]
NOTIC: [8] Undefined variable: data F:\web\yyztask\Application\Admin\Controller\FinanceController.class.php 第 20 行.
SQL: SELECT * FROM `cms_member` WHERE `status` <> -1 ORDER BY id LIMIT 0,10000   [ RunTime:0.0005s ]
NOTIC: [8] Undefined variable: data F:\web\yyztask\Application\Admin\Controller\FinanceController.class.php 第 21 行.
SQL: SELECT COUNT(*) AS tp_count FROM `cms_member` WHERE `status` <> -1 LIMIT 1   [ RunTime:0.0003s ]
INFO: [ view_parse ] --START--
INFO: [ template_filter ] --START--
INFO: Run Behavior\ContentReplaceBehavior [ RunTime:0.000088s ]
INFO: [ template_filter ] --END-- [ RunTime:0.000227s ]
INFO: Run Behavior\ParseTemplateBehavior [ RunTime:0.013045s ]
INFO: [ view_parse ] --END-- [ RunTime:0.013341s ]
INFO: [ view_filter ] --START--
INFO: Run Behavior\WriteHtmlCacheBehavior [ RunTime:0.000386s ]
INFO: [ view_filter ] --END-- [ RunTime:0.000480s ]
INFO: [ app_end ] --START--
INFO: Run Behavior\ShowPageTraceBehavior [ RunTime:0.000525s ]
INFO: [ app_end ] --END-- [ RunTime:0.000625s ]

[ 2017-07-21T00:11:35+08:00 ] 127.0.0.1 /admin.php?c=finance&a=add
INFO: [ app_init ] --START--
INFO: Run Behavior\BuildLiteBehavior [ RunTime:0.000059s ]
INFO: [ app_init ] --END-- [ RunTime:0.007298s ]
INFO: [ app_begin ] --START--
INFO: Run Behavior\ReadHtmlCacheBehavior [ RunTime:0.000549s ]
INFO: [ app_begin ] --END-- [ RunTime:0.000666s ]
NOTIC: [8] Undefined index: p F:\web\yyztask\Application\Admin\Controller\FinanceController.class.php 第 18 行.
NOTIC: [8] Undefined index: pageSize F:\web\yyztask\Application\Admin\Controller\FinanceController.class.php 第 19 行.
NOTIC: [2048] Declaration of Common\Model\MemberModel::find() should be compatible with Think\Model::find($options = Array) F:\web\yyztask\Application\Common\Model\MemberModel.class.php 第 9 行.
SQL: SHOW COLUMNS FROM `cms_member` [ RunTime:0.0011s ]
NOTIC: [8] Undefined variable: data F:\web\yyztask\Application\Admin\Controller\FinanceController.class.php 第 20 行.
SQL: SELECT * FROM `cms_member` WHERE `status` <> -1 ORDER BY id LIMIT 0,10000   [ RunTime:0.0006s ]
NOTIC: [8] Undefined variable: data F:\web\yyztask\Application\Admin\Controller\FinanceController.class.php 第 21 行.
SQL: SELECT COUNT(*) AS tp_count FROM `cms_member` WHERE `status` <> -1 LIMIT 1   [ RunTime:0.0005s ]
INFO: [ view_parse ] --START--
INFO: [ template_filter ] --START--
INFO: Run Behavior\ContentReplaceBehavior [ RunTime:0.000088s ]
INFO: [ template_filter ] --END-- [ RunTime:0.000192s ]
INFO: Run Behavior\ParseTemplateBehavior [ RunTime:0.040351s ]
INFO: [ view_parse ] --END-- [ RunTime:0.040491s ]
INFO: [ view_filter ] --START--
INFO: Run Behavior\WriteHtmlCacheBehavior [ RunTime:0.000413s ]
INFO: [ view_filter ] --END-- [ RunTime:0.000510s ]
INFO: [ app_end ] --START--
INFO: Run Behavior\ShowPageTraceBehavior [ RunTime:0.000524s ]
INFO: [ app_end ] --END-- [ RunTime:0.000631s ]

[ 2017-07-21T00:11:38+08:00 ] 127.0.0.1 /admin.php?m=Admin&c=Finance&a=add&p=1
INFO: [ app_init ] --START--
INFO: Run Behavior\BuildLiteBehavior [ RunTime:0.000066s ]
INFO: [ app_init ] --END-- [ RunTime:0.001208s ]
INFO: [ app_begin ] --START--
INFO: Run Behavior\ReadHtmlCacheBehavior [ RunTime:0.001066s ]
INFO: [ app_begin ] --END-- [ RunTime:0.001348s ]
NOTIC: [8] Undefined index: pageSize F:\web\yyztask\Application\Admin\Controller\FinanceController.class.php 第 19 行.
NOTIC: [2048] Declaration of Common\Model\MemberModel::find() should be compatible with Think\Model::find($options = Array) F:\web\yyztask\Application\Common\Model\MemberModel.class.php 第 9 行.
SQL: SHOW COLUMNS FROM `cms_member` [ RunTime:0.0012s ]
NOTIC: [8] Undefined variable: data F:\web\yyztask\Application\Admin\Controller\FinanceController.class.php 第 20 行.
SQL: SELECT * FROM `cms_member` WHERE `status` <> -1 ORDER BY id LIMIT 0,10000   [ RunTime:0.0008s ]
NOTIC: [8] Undefined variable: data F:\web\yyztask\Application\Admin\Controller\FinanceController.class.php 第 21 行.
SQL: SELECT COUNT(*) AS tp_count FROM `cms_member` WHERE `status` <> -1 LIMIT 1   [ RunTime:0.0005s ]
INFO: [ view_parse ] --START--
INFO: [ template_filter ] --START--
INFO: Run Behavior\ContentReplaceBehavior [ RunTime:0.000097s ]
INFO: [ template_filter ] --END-- [ RunTime:0.000259s ]
INFO: Run Behavior\ParseTemplateBehavior [ RunTime:0.017069s ]
INFO: [ view_parse ] --END-- [ RunTime:0.017313s ]
INFO: [ view_filter ] --START--
INFO: Run Behavior\WriteHtmlCacheBehavior [ RunTime:0.002176s ]
INFO: [ view_filter ] --END-- [ RunTime:0.002371s ]
INFO: [ app_end ] --START--
INFO: Run Behavior\ShowPageTraceBehavior [ RunTime:0.001062s ]
INFO: [ app_end ] --END-- [ RunTime:0.001303s ]

[ 2017-07-21T00:11:46+08:00 ] 127.0.0.1 /admin.php?c=finance&a=add
INFO: [ app_init ] --START--
INFO: Run Behavior\BuildLiteBehavior [ RunTime:0.000054s ]
INFO: [ app_init ] --END-- [ RunTime:0.001012s ]
INFO: [ app_begin ] --START--
INFO: Run Behavior\ReadHtmlCacheBehavior [ RunTime:0.000890s ]
INFO: [ app_begin ] --END-- [ RunTime:0.001031s ]
NOTIC: [8] Undefined index: p F:\web\yyztask\Application\Admin\Controller\FinanceController.class.php 第 18 行.
NOTIC: [8] Undefined index: pageSize F:\web\yyztask\Application\Admin\Controller\FinanceController.class.php 第 19 行.
NOTIC: [2048] Declaration of Common\Model\MemberModel::find() should be compatible with Think\Model::find($options = Array) F:\web\yyztask\Application\Common\Model\MemberModel.class.php 第 9 行.
SQL: SHOW COLUMNS FROM `cms_member` [ RunTime:0.0008s ]
NOTIC: [8] Undefined variable: data F:\web\yyztask\Application\Admin\Controller\FinanceController.class.php 第 20 行.
SQL: SELECT * FROM `cms_member` WHERE `status` <> -1 ORDER BY id LIMIT 0,10000   [ RunTime:0.0004s ]
NOTIC: [8] Undefined variable: data F:\web\yyztask\Application\Admin\Controller\FinanceController.class.php 第 21 行.
SQL: SELECT COUNT(*) AS tp_count FROM `cms_member` WHERE `status` <> -1 LIMIT 1   [ RunTime:0.0003s ]
INFO: [ view_parse ] --START--
INFO: [ template_filter ] --START--
INFO: Run Behavior\ContentReplaceBehavior [ RunTime:0.000097s ]
INFO: [ template_filter ] --END-- [ RunTime:0.000212s ]
INFO: Run Behavior\ParseTemplateBehavior [ RunTime:0.010974s ]
INFO: [ view_parse ] --END-- [ RunTime:0.011132s ]
INFO: [ view_filter ] --START--
INFO: Run Behavior\WriteHtmlCacheBehavior [ RunTime:0.000411s ]
INFO: [ view_filter ] --END-- [ RunTime:0.000513s ]
INFO: [ app_end ] --START--
INFO: Run Behavior\ShowPageTraceBehavior [ RunTime:0.000567s ]
INFO: [ app_end ] --END-- [ RunTime:0.000666s ]

[ 2017-07-21T00:12:07+08:00 ] 127.0.0.1 /admin.php?m=Admin&c=Finance&a=add&p=1
INFO: [ app_init ] --START--
INFO: Run Behavior\BuildLiteBehavior [ RunTime:0.000080s ]
INFO: [ app_init ] --END-- [ RunTime:0.001173s ]
INFO: [ app_begin ] --START--
INFO: Run Behavior\ReadHtmlCacheBehavior [ RunTime:0.004916s ]
INFO: [ app_begin ] --END-- [ RunTime:0.005377s ]
NOTIC: [8] Undefined index: pageSize F:\web\yyztask\Application\Admin\Controller\FinanceController.class.php 第 19 行.
NOTIC: [2048] Declaration of Common\Model\MemberModel::find() should be compatible with Think\Model::find($options = Array) F:\web\yyztask\Application\Common\Model\MemberModel.class.php 第 9 行.
SQL: SHOW COLUMNS FROM `cms_member` [ RunTime:0.0009s ]
NOTIC: [8] Undefined variable: data F:\web\yyztask\Application\Admin\Controller\FinanceController.class.php 第 20 行.
SQL: SELECT * FROM `cms_member` WHERE `status` <> -1 ORDER BY id LIMIT 0,10000   [ RunTime:0.0015s ]
NOTIC: [8] Undefined variable: data F:\web\yyztask\Application\Admin\Controller\FinanceController.class.php 第 21 行.
SQL: SELECT COUNT(*) AS tp_count FROM `cms_member` WHERE `status` <> -1 LIMIT 1   [ RunTime:0.0005s ]
INFO: [ view_parse ] --START--
INFO: [ template_filter ] --START--
INFO: Run Behavior\ContentReplaceBehavior [ RunTime:0.000198s ]
INFO: [ template_filter ] --END-- [ RunTime:0.000499s ]
INFO: Run Behavior\ParseTemplateBehavior [ RunTime:0.040422s ]
INFO: [ view_parse ] --END-- [ RunTime:0.040590s ]
INFO: [ view_filter ] --START--
INFO: Run Behavior\WriteHtmlCacheBehavior [ RunTime:0.000409s ]
INFO: [ view_filter ] --END-- [ RunTime:0.000528s ]
INFO: [ app_end ] --START--
INFO: Run Behavior\ShowPageTraceBehavior [ RunTime:0.000555s ]
INFO: [ app_end ] --END-- [ RunTime:0.000682s ]

[ 2017-07-21T00:12:50+08:00 ] 127.0.0.1 /admin.php?m=Admin&c=Finance&a=add&p=1
INFO: [ app_init ] --START--
INFO: Run Behavior\BuildLiteBehavior [ RunTime:0.000033s ]
INFO: [ app_init ] --END-- [ RunTime:0.000544s ]
INFO: [ app_begin ] --START--
INFO: Run Behavior\ReadHtmlCacheBehavior [ RunTime:0.000624s ]
INFO: [ app_begin ] --END-- [ RunTime:0.000771s ]
NOTIC: [8] Undefined index: pageSize F:\web\yyztask\Application\Admin\Controller\FinanceController.class.php 第 19 行.
NOTIC: [2048] Declaration of Common\Model\MemberModel::find() should be compatible with Think\Model::find($options = Array) F:\web\yyztask\Application\Common\Model\MemberModel.class.php 第 9 行.
SQL: SHOW COLUMNS FROM `cms_member` [ RunTime:0.0008s ]
NOTIC: [8] Undefined variable: data F:\web\yyztask\Application\Admin\Controller\FinanceController.class.php 第 20 行.
SQL: SELECT * FROM `cms_member` WHERE `status` <> -1 ORDER BY id LIMIT 0,10000   [ RunTime:0.0004s ]
NOTIC: [8] Undefined variable: data F:\web\yyztask\Application\Admin\Controller\FinanceController.class.php 第 21 行.
SQL: SELECT COUNT(*) AS tp_count FROM `cms_member` WHERE `status` <> -1 LIMIT 1   [ RunTime:0.0003s ]
INFO: [ view_parse ] --START--
INFO: [ template_filter ] --START--
INFO: Run Behavior\ContentReplaceBehavior [ RunTime:0.000089s ]
INFO: [ template_filter ] --END-- [ RunTime:0.000219s ]
INFO: Run Behavior\ParseTemplateBehavior [ RunTime:0.033939s ]
INFO: [ view_parse ] --END-- [ RunTime:0.034089s ]
INFO: [ view_filter ] --START--
INFO: Run Behavior\WriteHtmlCacheBehavior [ RunTime:0.000376s ]
INFO: [ view_filter ] --END-- [ RunTime:0.000511s ]
INFO: [ app_end ] --START--
INFO: Run Behavior\ShowPageTraceBehavior [ RunTime:0.000537s ]
INFO: [ app_end ] --END-- [ RunTime:0.000651s ]

[ 2017-07-21T00:12:59+08:00 ] 127.0.0.1 /admin.php?c=finance&a=add
INFO: [ app_init ] --START--
INFO: Run Behavior\BuildLiteBehavior [ RunTime:0.000034s ]
INFO: [ app_init ] --END-- [ RunTime:0.000624s ]
INFO: [ app_begin ] --START--
INFO: Run Behavior\ReadHtmlCacheBehavior [ RunTime:0.000644s ]
INFO: [ app_begin ] --END-- [ RunTime:0.000787s ]
NOTIC: [8] Undefined index: p F:\web\yyztask\Application\Admin\Controller\FinanceController.class.php 第 18 行.
NOTIC: [8] Undefined index: pageSize F:\web\yyztask\Application\Admin\Controller\FinanceController.class.php 第 19 行.
NOTIC: [2048] Declaration of Common\Model\MemberModel::find() should be compatible with Think\Model::find($options = Array) F:\web\yyztask\Application\Common\Model\MemberModel.class.php 第 9 行.
SQL: SHOW COLUMNS FROM `cms_member` [ RunTime:0.0009s ]
NOTIC: [8] Undefined variable: data F:\web\yyztask\Application\Admin\Controller\FinanceController.class.php 第 20 行.
SQL: SELECT * FROM `cms_member` WHERE `status` <> -1 ORDER BY id LIMIT 0,10000   [ RunTime:0.0005s ]
NOTIC: [8] Undefined variable: data F:\web\yyztask\Application\Admin\Controller\FinanceController.class.php 第 21 行.
SQL: SELECT COUNT(*) AS tp_count FROM `cms_member` WHERE `status` <> -1 LIMIT 1   [ RunTime:0.0004s ]
INFO: [ view_parse ] --START--
INFO: [ template_filter ] --START--
INFO: Run Behavior\ContentReplaceBehavior [ RunTime:0.000090s ]
INFO: [ template_filter ] --END-- [ RunTime:0.000235s ]
INFO: Run Behavior\ParseTemplateBehavior [ RunTime:0.016482s ]
INFO: [ view_parse ] --END-- [ RunTime:0.016671s ]
INFO: [ view_filter ] --START--
INFO: Run Behavior\WriteHtmlCacheBehavior [ RunTime:0.000388s ]
INFO: [ view_filter ] --END-- [ RunTime:0.000498s ]
INFO: [ app_end ] --START--
INFO: Run Behavior\ShowPageTraceBehavior [ RunTime:0.000537s ]
INFO: [ app_end ] --END-- [ RunTime:0.000641s ]

[ 2017-07-21T00:22:54+08:00 ] 127.0.0.1 /admin.php?m=Admin&c=Finance&a=add&p=1
INFO: [ app_init ] --START--
INFO: Run Behavior\BuildLiteBehavior [ RunTime:0.000201s ]
INFO: [ app_init ] --END-- [ RunTime:0.001529s ]
INFO: [ app_begin ] --START--
INFO: Run Behavior\ReadHtmlCacheBehavior [ RunTime:0.006826s ]
INFO: [ app_begin ] --END-- [ RunTime:0.007276s ]

[ 2017-07-21T00:23:00+08:00 ] 127.0.0.1 /admin.php?m=Admin&c=Finance&a=add&p=1
INFO: [ app_init ] --START--
INFO: Run Behavior\BuildLiteBehavior [ RunTime:0.000060s ]
INFO: [ app_init ] --END-- [ RunTime:0.000921s ]
INFO: [ app_begin ] --START--
INFO: Run Behavior\ReadHtmlCacheBehavior [ RunTime:0.000944s ]
INFO: [ app_begin ] --END-- [ RunTime:0.001220s ]
NOTIC: [8] Undefined index: pageSize F:\web\yyztask\Application\Admin\Controller\FinanceController.class.php 第 30 行.
NOTIC: [2048] Declaration of Common\Model\MemberModel::find() should be compatible with Think\Model::find($options = Array) F:\web\yyztask\Application\Common\Model\MemberModel.class.php 第 9 行.
SQL: SHOW COLUMNS FROM `cms_member` [ RunTime:0.0012s ]
NOTIC: [8] Undefined variable: data F:\web\yyztask\Application\Admin\Controller\FinanceController.class.php 第 31 行.
SQL: SELECT * FROM `cms_member` WHERE `status` <> -1 ORDER BY id LIMIT 0,10000   [ RunTime:0.0006s ]
NOTIC: [8] Undefined variable: data F:\web\yyztask\Application\Admin\Controller\FinanceController.class.php 第 32 行.
SQL: SELECT COUNT(*) AS tp_count FROM `cms_member` WHERE `status` <> -1 LIMIT 1   [ RunTime:0.0005s ]
INFO: [ view_parse ] --START--
INFO: [ template_filter ] --START--
INFO: Run Behavior\ContentReplaceBehavior [ RunTime:0.000377s ]
INFO: [ template_filter ] --END-- [ RunTime:0.000806s ]
INFO: Run Behavior\ParseTemplateBehavior [ RunTime:0.016429s ]
INFO: [ view_parse ] --END-- [ RunTime:0.016674s ]
INFO: [ view_filter ] --START--
INFO: Run Behavior\WriteHtmlCacheBehavior [ RunTime:0.000580s ]
INFO: [ view_filter ] --END-- [ RunTime:0.000794s ]
INFO: [ app_end ] --START--
INFO: Run Behavior\ShowPageTraceBehavior [ RunTime:0.002180s ]
INFO: [ app_end ] --END-- [ RunTime:0.002481s ]

[ 2017-07-21T00:23:14+08:00 ] 127.0.0.1 /admin.php?c=finance&a=add
INFO: [ app_init ] --START--
INFO: Run Behavior\BuildLiteBehavior [ RunTime:0.000068s ]
INFO: [ app_init ] --END-- [ RunTime:0.001025s ]
INFO: [ app_begin ] --START--
INFO: Run Behavior\ReadHtmlCacheBehavior [ RunTime:0.000909s ]
INFO: [ app_begin ] --END-- [ RunTime:0.001171s ]
NOTIC: [8] Undefined index: p F:\web\yyztask\Application\Admin\Controller\FinanceController.class.php 第 29 行.
NOTIC: [8] Undefined index: pageSize F:\web\yyztask\Application\Admin\Controller\FinanceController.class.php 第 30 行.
NOTIC: [2048] Declaration of Common\Model\MemberModel::find() should be compatible with Think\Model::find($options = Array) F:\web\yyztask\Application\Common\Model\MemberModel.class.php 第 9 行.
SQL: SHOW COLUMNS FROM `cms_member` [ RunTime:0.0009s ]
NOTIC: [8] Undefined variable: data F:\web\yyztask\Application\Admin\Controller\FinanceController.class.php 第 31 行.
SQL: SELECT * FROM `cms_member` WHERE `status` <> -1 ORDER BY id LIMIT 0,10000   [ RunTime:0.0006s ]
NOTIC: [8] Undefined variable: data F:\web\yyztask\Application\Admin\Controller\FinanceController.class.php 第 32 行.
SQL: SELECT COUNT(*) AS tp_count FROM `cms_member` WHERE `status` <> -1 LIMIT 1   [ RunTime:0.0005s ]
INFO: [ view_parse ] --START--
INFO: [ template_filter ] --START--
INFO: Run Behavior\ContentReplaceBehavior [ RunTime:0.000089s ]
INFO: [ template_filter ] --END-- [ RunTime:0.000199s ]
INFO: Run Behavior\ParseTemplateBehavior [ RunTime:0.010689s ]
INFO: [ view_parse ] --END-- [ RunTime:0.010857s ]
INFO: [ view_filter ] --START--
INFO: Run Behavior\WriteHtmlCacheBehavior [ RunTime:0.000355s ]
INFO: [ view_filter ] --END-- [ RunTime:0.000583s ]
INFO: [ app_end ] --START--
INFO: Run Behavior\ShowPageTraceBehavior [ RunTime:0.001247s ]
INFO: [ app_end ] --END-- [ RunTime:0.001497s ]

[ 2017-07-21T00:23:59+08:00 ] 127.0.0.1 /admin.php?c=finance&a=add
INFO: [ app_init ] --START--
INFO: Run Behavior\BuildLiteBehavior [ RunTime:0.000035s ]
INFO: [ app_init ] --END-- [ RunTime:0.000503s ]
INFO: [ app_begin ] --START--
INFO: Run Behavior\ReadHtmlCacheBehavior [ RunTime:0.001023s ]
INFO: [ app_begin ] --END-- [ RunTime:0.001257s ]
NOTIC: [8] Undefined index: p F:\web\yyztask\Application\Admin\Controller\FinanceController.class.php 第 32 行.
NOTIC: [8] Undefined index: pageSize F:\web\yyztask\Application\Admin\Controller\FinanceController.class.php 第 33 行.
NOTIC: [2048] Declaration of Common\Model\MemberModel::find() should be compatible with Think\Model::find($options = Array) F:\web\yyztask\Application\Common\Model\MemberModel.class.php 第 9 行.
SQL: SHOW COLUMNS FROM `cms_member` [ RunTime:0.0019s ]
NOTIC: [8] Undefined variable: data F:\web\yyztask\Application\Admin\Controller\FinanceController.class.php 第 34 行.
SQL: SELECT * FROM `cms_member` WHERE `status` <> -1 ORDER BY id LIMIT 0,10000   [ RunTime:0.0016s ]
NOTIC: [8] Undefined variable: data F:\web\yyztask\Application\Admin\Controller\FinanceController.class.php 第 35 行.
SQL: SELECT COUNT(*) AS tp_count FROM `cms_member` WHERE `status` <> -1 LIMIT 1   [ RunTime:0.0003s ]
INFO: [ view_parse ] --START--
INFO: [ template_filter ] --START--
INFO: Run Behavior\ContentReplaceBehavior [ RunTime:0.000098s ]
INFO: [ template_filter ] --END-- [ RunTime:0.000253s ]
INFO: Run Behavior\ParseTemplateBehavior [ RunTime:0.008997s ]
INFO: [ view_parse ] --END-- [ RunTime:0.009140s ]
INFO: [ view_filter ] --START--
INFO: Run Behavior\WriteHtmlCacheBehavior [ RunTime:0.000263s ]
INFO: [ view_filter ] --END-- [ RunTime:0.000390s ]
INFO: [ app_end ] --START--
INFO: Run Behavior\ShowPageTraceBehavior [ RunTime:0.000432s ]
INFO: [ app_end ] --END-- [ RunTime:0.000529s ]

[ 2017-07-21T00:24:40+08:00 ] 127.0.0.1 /admin.php?m=Admin&c=Finance&a=add&p=1
INFO: [ app_init ] --START--
INFO: Run Behavior\BuildLiteBehavior [ RunTime:0.000054s ]
INFO: [ app_init ] --END-- [ RunTime:0.000823s ]
INFO: [ app_begin ] --START--
INFO: Run Behavior\ReadHtmlCacheBehavior [ RunTime:0.000842s ]
INFO: [ app_begin ] --END-- [ RunTime:0.001095s ]
NOTIC: [8] Undefined index: pageSize F:\web\yyztask\Application\Admin\Controller\FinanceController.class.php 第 35 行.
NOTIC: [2048] Declaration of Common\Model\MemberModel::find() should be compatible with Think\Model::find($options = Array) F:\web\yyztask\Application\Common\Model\MemberModel.class.php 第 9 行.
SQL: SHOW COLUMNS FROM `cms_member` [ RunTime:0.0012s ]
NOTIC: [8] Undefined variable: data F:\web\yyztask\Application\Admin\Controller\FinanceController.class.php 第 36 行.
SQL: SELECT * FROM `cms_member` WHERE `status` <> -1 ORDER BY id LIMIT 0,10000   [ RunTime:0.0007s ]
NOTIC: [8] Undefined variable: data F:\web\yyztask\Application\Admin\Controller\FinanceController.class.php 第 37 行.
SQL: SELECT COUNT(*) AS tp_count FROM `cms_member` WHERE `status` <> -1 LIMIT 1   [ RunTime:0.0006s ]
INFO: [ view_parse ] --START--
INFO: [ template_filter ] --START--
INFO: Run Behavior\ContentReplaceBehavior [ RunTime:0.000169s ]
INFO: [ template_filter ] --END-- [ RunTime:0.000467s ]
INFO: Run Behavior\ParseTemplateBehavior [ RunTime:0.018121s ]
INFO: [ view_parse ] --END-- [ RunTime:0.018376s ]
INFO: [ view_filter ] --START--
INFO: Run Behavior\WriteHtmlCacheBehavior [ RunTime:0.000387s ]
INFO: [ view_filter ] --END-- [ RunTime:0.000672s ]
INFO: [ app_end ] --START--
INFO: Run Behavior\ShowPageTraceBehavior [ RunTime:0.001091s ]
INFO: [ app_end ] --END-- [ RunTime:0.001393s ]

[ 2017-07-21T00:24:50+08:00 ] 127.0.0.1 /admin.php?c=finance&a=add
INFO: [ app_init ] --START--
INFO: Run Behavior\BuildLiteBehavior [ RunTime:0.000056s ]
INFO: [ app_init ] --END-- [ RunTime:0.002305s ]
INFO: [ app_begin ] --START--
INFO: Run Behavior\ReadHtmlCacheBehavior [ RunTime:0.000591s ]
INFO: [ app_begin ] --END-- [ RunTime:0.000739s ]
NOTIC: [8] Undefined index: p F:\web\yyztask\Application\Admin\Controller\FinanceController.class.php 第 34 行.
NOTIC: [8] Undefined index: pageSize F:\web\yyztask\Application\Admin\Controller\FinanceController.class.php 第 35 行.
NOTIC: [2048] Declaration of Common\Model\MemberModel::find() should be compatible with Think\Model::find($options = Array) F:\web\yyztask\Application\Common\Model\MemberModel.class.php 第 9 行.
SQL: SHOW COLUMNS FROM `cms_member` [ RunTime:0.0008s ]
ERR: 1064:You have an error in your SQL syntax; check the manual that corresponds to your MySQL server version for the right syntax to use near ') AND (  ) AND (  ) AND (  ) AND `status` <> -1 ORDER BY id LIMIT 0,10000' at line 1
 [ SQL语句 ] : SELECT * FROM `cms_member` WHERE (  ) AND (  ) AND (  ) AND (  ) AND `status` <> -1 ORDER BY id LIMIT 0,10000  
ERR: 1064:You have an error in your SQL syntax; check the manual that corresponds to your MySQL server version for the right syntax to use near ') AND (  ) AND (  ) AND (  ) AND `status` <> -1 ORDER BY id LIMIT 0,10000' at line 1
 [ SQL语句 ] : SELECT * FROM `cms_member` WHERE (  ) AND (  ) AND (  ) AND (  ) AND `status` <> -1 ORDER BY id LIMIT 0,10000  

[ 2017-07-21T00:25:18+08:00 ] 127.0.0.1 /admin.php?m=Admin&c=Finance&a=add&p=1
INFO: [ app_init ] --START--
INFO: Run Behavior\BuildLiteBehavior [ RunTime:0.000054s ]
INFO: [ app_init ] --END-- [ RunTime:0.001008s ]
INFO: [ app_begin ] --START--
INFO: Run Behavior\ReadHtmlCacheBehavior [ RunTime:0.001103s ]
INFO: [ app_begin ] --END-- [ RunTime:0.001419s ]
NOTIC: [8] Undefined index: pageSize F:\web\yyztask\Application\Admin\Controller\FinanceController.class.php 第 35 行.
NOTIC: [2048] Declaration of Common\Model\MemberModel::find() should be compatible with Think\Model::find($options = Array) F:\web\yyztask\Application\Common\Model\MemberModel.class.php 第 9 行.
SQL: SHOW COLUMNS FROM `cms_member` [ RunTime:0.0009s ]
NOTIC: [8] Undefined variable: data F:\web\yyztask\Application\Admin\Controller\FinanceController.class.php 第 36 行.
SQL: SELECT * FROM `cms_member` WHERE `status` <> -1 ORDER BY id LIMIT 0,10000   [ RunTime:0.0007s ]
NOTIC: [8] Undefined variable: data F:\web\yyztask\Application\Admin\Controller\FinanceController.class.php 第 37 行.
SQL: SELECT COUNT(*) AS tp_count FROM `cms_member` WHERE `status` <> -1 LIMIT 1   [ RunTime:0.0005s ]
INFO: [ view_parse ] --START--
INFO: [ template_filter ] --START--
INFO: Run Behavior\ContentReplaceBehavior [ RunTime:0.000455s ]
INFO: [ template_filter ] --END-- [ RunTime:0.000922s ]
INFO: Run Behavior\ParseTemplateBehavior [ RunTime:0.018665s ]
INFO: [ view_parse ] --END-- [ RunTime:0.018927s ]
INFO: [ view_filter ] --START--
INFO: Run Behavior\WriteHtmlCacheBehavior [ RunTime:0.000681s ]
INFO: [ view_filter ] --END-- [ RunTime:0.000916s ]
INFO: [ app_end ] --START--
INFO: Run Behavior\ShowPageTraceBehavior [ RunTime:0.001182s ]
INFO: [ app_end ] --END-- [ RunTime:0.001442s ]

[ 2017-07-21T00:25:31+08:00 ] 127.0.0.1 /admin.php?m=Admin&c=Finance&a=add&p=1
INFO: [ app_init ] --START--
INFO: Run Behavior\BuildLiteBehavior [ RunTime:0.000058s ]
INFO: [ app_init ] --END-- [ RunTime:0.000899s ]
INFO: [ app_begin ] --START--
INFO: Run Behavior\ReadHtmlCacheBehavior [ RunTime:0.000982s ]
INFO: [ app_begin ] --END-- [ RunTime:0.001432s ]
NOTIC: [8] Undefined index: pageSize F:\web\yyztask\Application\Admin\Controller\FinanceController.class.php 第 35 行.
NOTIC: [2048] Declaration of Common\Model\MemberModel::find() should be compatible with Think\Model::find($options = Array) F:\web\yyztask\Application\Common\Model\MemberModel.class.php 第 9 行.
SQL: SHOW COLUMNS FROM `cms_member` [ RunTime:0.0012s ]
NOTIC: [8] Undefined variable: data F:\web\yyztask\Application\Admin\Controller\FinanceController.class.php 第 36 行.
SQL: SELECT * FROM `cms_member` WHERE `status` <> -1 ORDER BY id LIMIT 0,10000   [ RunTime:0.0008s ]
NOTIC: [8] Undefined variable: data F:\web\yyztask\Application\Admin\Controller\FinanceController.class.php 第 37 行.
SQL: SELECT COUNT(*) AS tp_count FROM `cms_member` WHERE `status` <> -1 LIMIT 1   [ RunTime:0.0004s ]
INFO: [ view_parse ] --START--
INFO: [ template_filter ] --START--
INFO: Run Behavior\ContentReplaceBehavior [ RunTime:0.000103s ]
INFO: [ template_filter ] --END-- [ RunTime:0.000244s ]
INFO: Run Behavior\ParseTemplateBehavior [ RunTime:0.016299s ]
INFO: [ view_parse ] --END-- [ RunTime:0.016565s ]
INFO: [ view_filter ] --START--
INFO: Run Behavior\WriteHtmlCacheBehavior [ RunTime:0.000436s ]
INFO: [ view_filter ] --END-- [ RunTime:0.000653s ]
INFO: [ app_end ] --START--
INFO: Run Behavior\ShowPageTraceBehavior [ RunTime:0.000831s ]
INFO: [ app_end ] --END-- [ RunTime:0.001024s ]

[ 2017-07-21T00:28:15+08:00 ] 127.0.0.1 /admin.php?m=Admin&c=Finance&a=add&p=1
INFO: [ app_init ] --START--
INFO: Run Behavior\BuildLiteBehavior [ RunTime:0.000031s ]
INFO: [ app_init ] --END-- [ RunTime:0.000528s ]
INFO: [ app_begin ] --START--
INFO: Run Behavior\ReadHtmlCacheBehavior [ RunTime:0.000772s ]
INFO: [ app_begin ] --END-- [ RunTime:0.001004s ]
NOTIC: [8] Undefined index: pageSize F:\web\yyztask\Application\Admin\Controller\FinanceController.class.php 第 51 行.
NOTIC: [2048] Declaration of Common\Model\MemberModel::find() should be compatible with Think\Model::find($options = Array) F:\web\yyztask\Application\Common\Model\MemberModel.class.php 第 9 行.
SQL: SHOW COLUMNS FROM `cms_member` [ RunTime:0.0009s ]
NOTIC: [8] Undefined variable: data F:\web\yyztask\Application\Admin\Controller\FinanceController.class.php 第 52 行.
SQL: SELECT * FROM `cms_member` WHERE `status` <> -1 ORDER BY id LIMIT 0,10000   [ RunTime:0.0005s ]
NOTIC: [8] Undefined variable: data F:\web\yyztask\Application\Admin\Controller\FinanceController.class.php 第 53 行.
SQL: SELECT COUNT(*) AS tp_count FROM `cms_member` WHERE `status` <> -1 LIMIT 1   [ RunTime:0.0003s ]
INFO: [ view_parse ] --START--
INFO: [ template_filter ] --START--
INFO: Run Behavior\ContentReplaceBehavior [ RunTime:0.000084s ]
INFO: [ template_filter ] --END-- [ RunTime:0.000209s ]
INFO: Run Behavior\ParseTemplateBehavior [ RunTime:0.010667s ]
INFO: [ view_parse ] --END-- [ RunTime:0.010814s ]
INFO: [ view_filter ] --START--
INFO: Run Behavior\WriteHtmlCacheBehavior [ RunTime:0.000375s ]
INFO: [ view_filter ] --END-- [ RunTime:0.000507s ]
INFO: [ app_end ] --START--
INFO: Run Behavior\ShowPageTraceBehavior [ RunTime:0.000538s ]
INFO: [ app_end ] --END-- [ RunTime:0.000662s ]

[ 2017-07-21T00:28:18+08:00 ] 127.0.0.1 /admin.php?c=finance&a=add
INFO: [ app_init ] --START--
INFO: Run Behavior\BuildLiteBehavior [ RunTime:0.000032s ]
INFO: [ app_init ] --END-- [ RunTime:0.000461s ]
INFO: [ app_begin ] --START--
INFO: Run Behavior\ReadHtmlCacheBehavior [ RunTime:0.000475s ]
INFO: [ app_begin ] --END-- [ RunTime:0.000607s ]

[ 2017-07-21T00:37:15+08:00 ] 127.0.0.1 /admin.php?m=Admin&c=Finance&a=add&p=1
INFO: [ app_init ] --START--
INFO: Run Behavior\BuildLiteBehavior [ RunTime:0.000053s ]
INFO: [ app_init ] --END-- [ RunTime:0.000838s ]
INFO: [ app_begin ] --START--
INFO: Run Behavior\ReadHtmlCacheBehavior [ RunTime:0.001611s ]
INFO: [ app_begin ] --END-- [ RunTime:0.001914s ]
NOTIC: [8] Undefined index: pageSize F:\web\yyztask\Application\Admin\Controller\FinanceController.class.php 第 54 行.
NOTIC: [2048] Declaration of Common\Model\MemberModel::find() should be compatible with Think\Model::find($options = Array) F:\web\yyztask\Application\Common\Model\MemberModel.class.php 第 9 行.
SQL: SHOW COLUMNS FROM `cms_member` [ RunTime:0.0011s ]
NOTIC: [8] Undefined variable: data F:\web\yyztask\Application\Admin\Controller\FinanceController.class.php 第 55 行.
SQL: SELECT * FROM `cms_member` WHERE `status` <> -1 ORDER BY id LIMIT 0,10000   [ RunTime:0.0008s ]
NOTIC: [8] Undefined variable: data F:\web\yyztask\Application\Admin\Controller\FinanceController.class.php 第 56 行.
SQL: SELECT COUNT(*) AS tp_count FROM `cms_member` WHERE `status` <> -1 LIMIT 1   [ RunTime:0.0005s ]
INFO: [ view_parse ] --START--
INFO: [ template_filter ] --START--
INFO: Run Behavior\ContentReplaceBehavior [ RunTime:0.000093s ]
INFO: [ template_filter ] --END-- [ RunTime:0.000229s ]
INFO: Run Behavior\ParseTemplateBehavior [ RunTime:0.010887s ]
INFO: [ view_parse ] --END-- [ RunTime:0.011045s ]
INFO: [ view_filter ] --START--
INFO: Run Behavior\WriteHtmlCacheBehavior [ RunTime:0.000783s ]
INFO: [ view_filter ] --END-- [ RunTime:0.001016s ]
INFO: [ app_end ] --START--
INFO: Run Behavior\ShowPageTraceBehavior [ RunTime:0.001049s ]
INFO: [ app_end ] --END-- [ RunTime:0.001413s ]

[ 2017-07-21T00:37:41+08:00 ] 127.0.0.1 /admin.php?c=finance&a=add
INFO: [ app_init ] --START--
INFO: Run Behavior\BuildLiteBehavior [ RunTime:0.000030s ]
INFO: [ app_init ] --END-- [ RunTime:0.000483s ]
INFO: [ app_begin ] --START--
INFO: Run Behavior\ReadHtmlCacheBehavior [ RunTime:0.000720s ]
INFO: [ app_begin ] --END-- [ RunTime:0.000850s ]
SQL: SHOW COLUMNS FROM `cms_finance` [ RunTime:0.0009s ]
ERR: 1364:Field 'total_salary' doesn't have a default value
 [ SQL语句 ] : INSERT INTO `cms_finance` (`finance_name`,`entry_people`,`begin_time`,`over_time`) VALUES ('账目1','wx','2017.5.1','2017.5.2')
ERR: 1364:Field 'total_salary' doesn't have a default value
 [ SQL语句 ] : INSERT INTO `cms_finance` (`finance_name`,`entry_people`,`begin_time`,`over_time`) VALUES ('账目1','wx','2017.5.1','2017.5.2')

[ 2017-07-21T00:39:46+08:00 ] 127.0.0.1 /admin.php?c=finance&a=add
INFO: [ app_init ] --START--
INFO: Run Behavior\BuildLiteBehavior [ RunTime:0.000074s ]
INFO: [ app_init ] --END-- [ RunTime:0.001113s ]
INFO: [ app_begin ] --START--
INFO: Run Behavior\ReadHtmlCacheBehavior [ RunTime:0.001345s ]
INFO: [ app_begin ] --END-- [ RunTime:0.001585s ]
SQL: SHOW COLUMNS FROM `cms_finance` [ RunTime:0.0011s ]
ERR: 1364:Field 'total_bonus' doesn't have a default value
 [ SQL语句 ] : INSERT INTO `cms_finance` (`finance_name`,`entry_people`,`begin_time`,`over_time`) VALUES ('账目1','wx','2017.5.1','2017.5.2')
ERR: 1364:Field 'total_bonus' doesn't have a default value
 [ SQL语句 ] : INSERT INTO `cms_finance` (`finance_name`,`entry_people`,`begin_time`,`over_time`) VALUES ('账目1','wx','2017.5.1','2017.5.2')

[ 2017-07-21T00:40:37+08:00 ] 127.0.0.1 /admin.php?m=Admin&c=Finance&a=add&p=1
INFO: [ app_init ] --START--
INFO: Run Behavior\BuildLiteBehavior [ RunTime:0.000031s ]
INFO: [ app_init ] --END-- [ RunTime:0.000527s ]
INFO: [ app_begin ] --START--
INFO: Run Behavior\ReadHtmlCacheBehavior [ RunTime:0.000702s ]
INFO: [ app_begin ] --END-- [ RunTime:0.000839s ]
NOTIC: [8] Undefined index: pageSize F:\web\yyztask\Application\Admin\Controller\FinanceController.class.php 第 54 行.
NOTIC: [2048] Declaration of Common\Model\MemberModel::find() should be compatible with Think\Model::find($options = Array) F:\web\yyztask\Application\Common\Model\MemberModel.class.php 第 9 行.
SQL: SHOW COLUMNS FROM `cms_member` [ RunTime:0.0014s ]
NOTIC: [8] Undefined variable: data F:\web\yyztask\Application\Admin\Controller\FinanceController.class.php 第 55 行.
SQL: SELECT * FROM `cms_member` WHERE `status` <> -1 ORDER BY id LIMIT 0,10000   [ RunTime:0.0006s ]
NOTIC: [8] Undefined variable: data F:\web\yyztask\Application\Admin\Controller\FinanceController.class.php 第 56 行.
SQL: SELECT COUNT(*) AS tp_count FROM `cms_member` WHERE `status` <> -1 LIMIT 1   [ RunTime:0.0005s ]
INFO: [ view_parse ] --START--
INFO: [ template_filter ] --START--
INFO: Run Behavior\ContentReplaceBehavior [ RunTime:0.000150s ]
INFO: [ template_filter ] --END-- [ RunTime:0.000460s ]
INFO: Run Behavior\ParseTemplateBehavior [ RunTime:0.022291s ]
INFO: [ view_parse ] --END-- [ RunTime:0.022803s ]
INFO: [ view_filter ] --START--
INFO: Run Behavior\WriteHtmlCacheBehavior [ RunTime:0.000546s ]
INFO: [ view_filter ] --END-- [ RunTime:0.000681s ]
INFO: [ app_end ] --START--
INFO: Run Behavior\ShowPageTraceBehavior [ RunTime:0.000658s ]
INFO: [ app_end ] --END-- [ RunTime:0.000782s ]

[ 2017-07-21T00:40:48+08:00 ] 127.0.0.1 /admin.php?m=Admin&c=Finance&a=add&p=1
INFO: [ app_init ] --START--
INFO: Run Behavior\BuildLiteBehavior [ RunTime:0.000097s ]
INFO: [ app_init ] --END-- [ RunTime:0.000986s ]
INFO: [ app_begin ] --START--
INFO: Run Behavior\ReadHtmlCacheBehavior [ RunTime:0.001437s ]
INFO: [ app_begin ] --END-- [ RunTime:0.001708s ]
NOTIC: [8] Undefined index: pageSize F:\web\yyztask\Application\Admin\Controller\FinanceController.class.php 第 54 行.
NOTIC: [2048] Declaration of Common\Model\MemberModel::find() should be compatible with Think\Model::find($options = Array) F:\web\yyztask\Application\Common\Model\MemberModel.class.php 第 9 行.
SQL: SHOW COLUMNS FROM `cms_member` [ RunTime:0.0009s ]
NOTIC: [8] Undefined variable: data F:\web\yyztask\Application\Admin\Controller\FinanceController.class.php 第 55 行.
SQL: SELECT * FROM `cms_member` WHERE `status` <> -1 ORDER BY id LIMIT 0,10000   [ RunTime:0.0006s ]
NOTIC: [8] Undefined variable: data F:\web\yyztask\Application\Admin\Controller\FinanceController.class.php 第 56 行.
SQL: SELECT COUNT(*) AS tp_count FROM `cms_member` WHERE `status` <> -1 LIMIT 1   [ RunTime:0.0006s ]
INFO: [ view_parse ] --START--
INFO: [ template_filter ] --START--
INFO: Run Behavior\ContentReplaceBehavior [ RunTime:0.000161s ]
INFO: [ template_filter ] --END-- [ RunTime:0.000555s ]
INFO: Run Behavior\ParseTemplateBehavior [ RunTime:0.016285s ]
INFO: [ view_parse ] --END-- [ RunTime:0.016506s ]
INFO: [ view_filter ] --START--
INFO: Run Behavior\WriteHtmlCacheBehavior [ RunTime:0.000722s ]
INFO: [ view_filter ] --END-- [ RunTime:0.000864s ]
INFO: [ app_end ] --START--
INFO: Run Behavior\ShowPageTraceBehavior [ RunTime:0.000711s ]
INFO: [ app_end ] --END-- [ RunTime:0.000831s ]

[ 2017-07-21T00:41:14+08:00 ] 127.0.0.1 /admin.php?c=finance&a=add
INFO: [ app_init ] --START--
INFO: Run Behavior\BuildLiteBehavior [ RunTime:0.000048s ]
INFO: [ app_init ] --END-- [ RunTime:0.000776s ]
INFO: [ app_begin ] --START--
INFO: Run Behavior\ReadHtmlCacheBehavior [ RunTime:0.001534s ]
INFO: [ app_begin ] --END-- [ RunTime:0.001805s ]
SQL: SHOW COLUMNS FROM `cms_finance` [ RunTime:0.0023s ]
SQL: INSERT INTO `cms_finance` (`finance_name`,`entry_people`,`begin_time`,`over_time`) VALUES ('账目1','武相','2017.5.1','2017.7.1') [ RunTime:0.0006s ]
NOTIC: [8] Undefined index: p F:\web\yyztask\Application\Admin\Controller\FinanceController.class.php 第 53 行.
NOTIC: [8] Undefined index: pageSize F:\web\yyztask\Application\Admin\Controller\FinanceController.class.php 第 54 行.
NOTIC: [2048] Declaration of Common\Model\MemberModel::find() should be compatible with Think\Model::find($options = Array) F:\web\yyztask\Application\Common\Model\MemberModel.class.php 第 100 行.
SQL: SHOW COLUMNS FROM `cms_member` [ RunTime:0.0006s ]
NOTIC: [8] Undefined variable: data F:\web\yyztask\Application\Admin\Controller\FinanceController.class.php 第 55 行.
SQL: SELECT * FROM `cms_member` WHERE `status` <> -1 ORDER BY id LIMIT 0,10000   [ RunTime:0.0004s ]
NOTIC: [8] Undefined variable: data F:\web\yyztask\Application\Admin\Controller\FinanceController.class.php 第 56 行.
SQL: SELECT COUNT(*) AS tp_count FROM `cms_member` WHERE `status` <> -1 LIMIT 1   [ RunTime:0.0003s ]
INFO: [ view_parse ] --START--
INFO: [ template_filter ] --START--
INFO: Run Behavior\ContentReplaceBehavior [ RunTime:0.000090s ]
INFO: [ template_filter ] --END-- [ RunTime:0.000208s ]
INFO: Run Behavior\ParseTemplateBehavior [ RunTime:0.011391s ]
INFO: [ view_parse ] --END-- [ RunTime:0.011520s ]
INFO: [ view_filter ] --START--
INFO: Run Behavior\WriteHtmlCacheBehavior [ RunTime:0.000495s ]
INFO: [ view_filter ] --END-- [ RunTime:0.000593s ]
INFO: [ app_end ] --START--
INFO: Run Behavior\ShowPageTraceBehavior [ RunTime:0.000651s ]
INFO: [ app_end ] --END-- [ RunTime:0.000755s ]

[ 2017-07-21T00:42:04+08:00 ] 127.0.0.1 /admin.php?c=finance&a=add
INFO: [ app_init ] --START--
INFO: Run Behavior\BuildLiteBehavior [ RunTime:0.000055s ]
INFO: [ app_init ] --END-- [ RunTime:0.000893s ]
INFO: [ app_begin ] --START--
INFO: Run Behavior\ReadHtmlCacheBehavior [ RunTime:0.001206s ]
INFO: [ app_begin ] --END-- [ RunTime:0.001521s ]
SQL: SHOW COLUMNS FROM `cms_finance` [ RunTime:0.0010s ]
SQL: INSERT INTO `cms_finance` (`finance_name`,`entry_people`,`begin_time`,`over_time`) VALUES ('账目1','武相','2017.5.1','2017.7.1') [ RunTime:0.0003s ]
NOTIC: [8] Undefined index: p F:\web\yyztask\Application\Admin\Controller\FinanceController.class.php 第 53 行.
NOTIC: [8] Undefined index: pageSize F:\web\yyztask\Application\Admin\Controller\FinanceController.class.php 第 54 行.
NOTIC: [2048] Declaration of Common\Model\MemberModel::find() should be compatible with Think\Model::find($options = Array) F:\web\yyztask\Application\Common\Model\MemberModel.class.php 第 100 行.
SQL: SHOW COLUMNS FROM `cms_member` [ RunTime:0.0007s ]
NOTIC: [8] Undefined variable: data F:\web\yyztask\Application\Admin\Controller\FinanceController.class.php 第 55 行.
SQL: SELECT * FROM `cms_member` WHERE `status` <> -1 ORDER BY id LIMIT 0,10000   [ RunTime:0.0006s ]
NOTIC: [8] Undefined variable: data F:\web\yyztask\Application\Admin\Controller\FinanceController.class.php 第 56 行.
SQL: SELECT COUNT(*) AS tp_count FROM `cms_member` WHERE `status` <> -1 LIMIT 1   [ RunTime:0.0005s ]
INFO: [ view_parse ] --START--
INFO: [ template_filter ] --START--
INFO: Run Behavior\ContentReplaceBehavior [ RunTime:0.000085s ]
INFO: [ template_filter ] --END-- [ RunTime:0.000187s ]
INFO: Run Behavior\ParseTemplateBehavior [ RunTime:0.011473s ]
INFO: [ view_parse ] --END-- [ RunTime:0.011608s ]
INFO: [ view_filter ] --START--
INFO: Run Behavior\WriteHtmlCacheBehavior [ RunTime:0.000779s ]
INFO: [ view_filter ] --END-- [ RunTime:0.000908s ]
INFO: [ app_end ] --START--
INFO: Run Behavior\ShowPageTraceBehavior [ RunTime:0.001163s ]
INFO: [ app_end ] --END-- [ RunTime:0.001329s ]

[ 2017-07-21T00:46:38+08:00 ] 127.0.0.1 /admin.php?c=finance
INFO: [ app_init ] --START--
INFO: Run Behavior\BuildLiteBehavior [ RunTime:0.000032s ]
INFO: [ app_init ] --END-- [ RunTime:0.000780s ]
INFO: [ app_begin ] --START--
INFO: Run Behavior\ReadHtmlCacheBehavior [ RunTime:0.000676s ]
INFO: [ app_begin ] --END-- [ RunTime:0.000833s ]
INFO: [ view_parse ] --START--
INFO: [ template_filter ] --START--
INFO: Run Behavior\ContentReplaceBehavior [ RunTime:0.000088s ]
INFO: [ template_filter ] --END-- [ RunTime:0.000210s ]
NOTIC: [8] Undefined variable: members F:\web\yyztask\Application\Runtime\Cache\Admin\be63e8ac18ebea09dc932cef0872ffd8.php 第 72 行.
NOTIC: [8] Undefined variable: pageRes F:\web\yyztask\Application\Runtime\Cache\Admin\be63e8ac18ebea09dc932cef0872ffd8.php 第 111 行.
INFO: Run Behavior\ParseTemplateBehavior [ RunTime:0.038618s ]
INFO: [ view_parse ] --END-- [ RunTime:0.038760s ]
INFO: [ view_filter ] --START--
INFO: Run Behavior\WriteHtmlCacheBehavior [ RunTime:0.000447s ]
INFO: [ view_filter ] --END-- [ RunTime:0.000565s ]
INFO: [ app_end ] --START--
INFO: Run Behavior\ShowPageTraceBehavior [ RunTime:0.000637s ]
INFO: [ app_end ] --END-- [ RunTime:0.000761s ]

[ 2017-07-21T00:46:41+08:00 ] 127.0.0.1 /admin.php?c=finance&a=add
INFO: [ app_init ] --START--
INFO: Run Behavior\BuildLiteBehavior [ RunTime:0.000032s ]
INFO: [ app_init ] --END-- [ RunTime:0.000567s ]
INFO: [ app_begin ] --START--
INFO: Run Behavior\ReadHtmlCacheBehavior [ RunTime:0.000798s ]
INFO: [ app_begin ] --END-- [ RunTime:0.000964s ]
NOTIC: [8] Undefined index: p F:\web\yyztask\Application\Admin\Controller\FinanceController.class.php 第 53 行.
NOTIC: [8] Undefined index: pageSize F:\web\yyztask\Application\Admin\Controller\FinanceController.class.php 第 54 行.
NOTIC: [2048] Declaration of Common\Model\MemberModel::find() should be compatible with Think\Model::find($options = Array) F:\web\yyztask\Application\Common\Model\MemberModel.class.php 第 9 行.
SQL: SHOW COLUMNS FROM `cms_member` [ RunTime:0.0009s ]
NOTIC: [8] Undefined variable: data F:\web\yyztask\Application\Admin\Controller\FinanceController.class.php 第 55 行.
SQL: SELECT * FROM `cms_member` WHERE `status` <> -1 ORDER BY id LIMIT 0,10000   [ RunTime:0.0005s ]
NOTIC: [8] Undefined variable: data F:\web\yyztask\Application\Admin\Controller\FinanceController.class.php 第 56 行.
SQL: SELECT COUNT(*) AS tp_count FROM `cms_member` WHERE `status` <> -1 LIMIT 1   [ RunTime:0.0003s ]
INFO: [ view_parse ] --START--
INFO: [ template_filter ] --START--
INFO: Run Behavior\ContentReplaceBehavior [ RunTime:0.000113s ]
INFO: [ template_filter ] --END-- [ RunTime:0.000236s ]
INFO: Run Behavior\ParseTemplateBehavior [ RunTime:0.011038s ]
INFO: [ view_parse ] --END-- [ RunTime:0.011202s ]
INFO: [ view_filter ] --START--
INFO: Run Behavior\WriteHtmlCacheBehavior [ RunTime:0.000546s ]
INFO: [ view_filter ] --END-- [ RunTime:0.000686s ]
INFO: [ app_end ] --START--
INFO: Run Behavior\ShowPageTraceBehavior [ RunTime:0.000689s ]
INFO: [ app_end ] --END-- [ RunTime:0.000820s ]

[ 2017-07-21T00:46:44+08:00 ] 127.0.0.1 /admin.php?c=finance
INFO: [ app_init ] --START--
INFO: Run Behavior\BuildLiteBehavior [ RunTime:0.000032s ]
INFO: [ app_init ] --END-- [ RunTime:0.000532s ]
INFO: [ app_begin ] --START--
INFO: Run Behavior\ReadHtmlCacheBehavior [ RunTime:0.000776s ]
INFO: [ app_begin ] --END-- [ RunTime:0.000940s ]
INFO: [ view_parse ] --START--
INFO: [ template_filter ] --START--
INFO: Run Behavior\ContentReplaceBehavior [ RunTime:0.000086s ]
INFO: [ template_filter ] --END-- [ RunTime:0.000208s ]
NOTIC: [8] Undefined variable: members F:\web\yyztask\Application\Runtime\Cache\Admin\be63e8ac18ebea09dc932cef0872ffd8.php 第 72 行.
NOTIC: [8] Undefined variable: pageRes F:\web\yyztask\Application\Runtime\Cache\Admin\be63e8ac18ebea09dc932cef0872ffd8.php 第 111 行.
INFO: Run Behavior\ParseTemplateBehavior [ RunTime:0.012616s ]
INFO: [ view_parse ] --END-- [ RunTime:0.012751s ]
INFO: [ view_filter ] --START--
INFO: Run Behavior\WriteHtmlCacheBehavior [ RunTime:0.000471s ]
INFO: [ view_filter ] --END-- [ RunTime:0.000583s ]
INFO: [ app_end ] --START--
INFO: Run Behavior\ShowPageTraceBehavior [ RunTime:0.000623s ]
INFO: [ app_end ] --END-- [ RunTime:0.000747s ]

